2026-02-20 16:05:23 [nmbp-admin-profile-backend] info: redis :: Redis replica host not found. falling back to the primary redis host 
2026-02-20 16:05:25 [nmbp-admin-profile-backend] info: objectStorageUtility :: Using Minio 
2026-02-20 16:05:26 [nmbp-admin-profile-backend] info: app :: Server Started :: Listening to port [7002] 
2026-02-20 16:05:26 [nmbp-admin-profile-backend] info: redis :: redis client connected 
2026-02-20 16:05:26 [nmbp-admin-profile-backend] info: redis :: redis clientReader connected 
2026-02-20 16:05:26 [nmbp-admin-profile-backend] info: mongoDB :: Connected successfully to MongoDB server 
2026-02-20 16:05:26 [nmbp-admin-profile-backend] info: mongoDBRead :: Connected successfully to MongoDB Read server 
2026-02-20 16:06:04 [nmbp-admin-profile-backend] info: >>>>>>>>>>>>>>>>>>>>>>>>>>>>>>>>>>>>>>>>>>>>>>> 
2026-02-20 16:06:04 [nmbp-admin-profile-backend] info: Read Token Successfully for User : 8766516289 
2026-02-20 16:06:04 [nmbp-admin-profile-backend] info: adminController :: getLoggedInUserInfo :: Request Received  
2026-02-20 16:06:04 [nmbp-admin-profile-backend] info: adminService :: getLoggedInUserInfo :: Request received :: user_id :: 3 
2026-02-20 16:06:04 [nmbp-admin-profile-backend] debug: adminService :: getLoggedInUserInfo :: cachedResult :: false 
2026-02-20 16:06:04 [nmbp-admin-profile-backend] debug: adminRepository :: getLoggedInUserInfo :: query :: {"text":"SELECT \n    U.user_id AS user_id,\n    U.user_name AS user_name,\n    TO_CHAR(U.dob, 'DD/MM/YYYY') AS dob,\n    U.gender AS gender,\n    U.email_id AS email_id,\n    U.first_name AS first_name,\n    U.last_name AS last_name,\n    U.mobile_number AS mobile_number,\n    U.display_name AS display_name,\n    R.role_id AS role_id,\n    R.role_name AS role_name,\n    U.profile_pic_url\nFROM \n    m_users U\nLEFT OUTER JOIN \n    m_roles R \nON \n    U.role_id = R.role_id\nWHERE \n    U.user_id = $1 \n    AND U.status IN (1, 4)\n","values":[3]} 
2026-02-20 16:06:04 [nmbp-admin-profile-backend] debug: adminRepository :: getLoggedInUserInfo :: db result :: [{"user_id":3,"user_name":"8766516289","dob":null,"gender":null,"email_id":"admin@gmail.com","first_name":"Admin","last_name":"Admin","mobile_number":"8766516289","display_name":"Admin Admin","role_id":8,"role_name":"Admin","profile_pic_url":null}] 
2026-02-20 16:06:04 [nmbp-admin-profile-backend] debug: adminService :: getLoggedInUserInfo :: user :: {"user_id":3,"user_name":"8766516289","dob":null,"gender":null,"email_id":"admin@gmail.com","first_name":"Admin","last_name":"Admin","mobile_number":"8766516289","display_name":"Admin Admin","role_id":8,"role_name":"Admin","profile_pic_url":null} 
2026-02-21 11:14:33 [nmbp-admin-profile-backend] info: redis :: Redis replica host not found. falling back to the primary redis host 
2026-02-21 11:14:34 [nmbp-admin-profile-backend] info: objectStorageUtility :: Using Minio 
2026-02-21 11:14:35 [nmbp-admin-profile-backend] info: app :: Server Started :: Listening to port [7002] 
2026-02-21 11:14:35 [nmbp-admin-profile-backend] info: redis :: redis client connected 
2026-02-21 11:14:35 [nmbp-admin-profile-backend] info: redis :: redis clientReader connected 
2026-02-21 11:14:35 [nmbp-admin-profile-backend] info: mongoDB :: Connected successfully to MongoDB server 
2026-02-21 11:14:35 [nmbp-admin-profile-backend] info: mongoDBRead :: Connected successfully to MongoDB Read server 
2026-02-21 11:15:50 [nmbp-admin-profile-backend] info: redis :: Redis replica host not found. falling back to the primary redis host 
2026-02-21 11:15:52 [nmbp-admin-profile-backend] info: objectStorageUtility :: Using Minio 
2026-02-21 11:15:52 [nmbp-admin-profile-backend] info: app :: Server Started :: Listening to port [7002] 
2026-02-21 11:15:52 [nmbp-admin-profile-backend] info: redis :: redis client connected 
2026-02-21 11:15:52 [nmbp-admin-profile-backend] info: redis :: redis clientReader connected 
2026-02-21 11:15:52 [nmbp-admin-profile-backend] info: mongoDB :: Connected successfully to MongoDB server 
2026-02-21 11:15:52 [nmbp-admin-profile-backend] info: mongoDBRead :: Connected successfully to MongoDB Read server 
2026-02-21 11:16:16 [nmbp-admin-profile-backend] info: >>>>>>>>>>>>>>>>>>>>>>>>>>>>>>>>>>>>>>>>>>>>>>> 
2026-02-21 11:16:16 [nmbp-admin-profile-backend] info: Read Token Successfully for User : 8766516289 
2026-02-21 11:16:16 [nmbp-admin-profile-backend] info: adminController :: getLoggedInUserInfo :: Request Received  
2026-02-21 11:16:16 [nmbp-admin-profile-backend] info: adminService :: getLoggedInUserInfo :: Request received :: user_id :: 3 
2026-02-21 11:16:16 [nmbp-admin-profile-backend] debug: adminService :: getLoggedInUserInfo :: cachedResult :: {"user_id":3,"user_name":"8766516289","dob":null,"gender":null,"email_id":"admin@gmail.com","first_name":"Admin","last_name":"Admin","mobile_number":"8766516289","display_name":"Admin Admin","role_id":8,"role_name":"Admin","profile_pic_url":null} 
2026-02-21 11:21:14 [nmbp-admin-profile-backend] info: >>>>>>>>>>>>>>>>>>>>>>>>>>>>>>>>>>>>>>>>>>>>>>> 
2026-02-21 11:21:14 [nmbp-admin-profile-backend] info: Read Token Successfully for User : 8766516289 
2026-02-21 11:21:14 [nmbp-admin-profile-backend] info: adminController :: getLoggedInUserInfo :: Request Received  
2026-02-21 11:21:14 [nmbp-admin-profile-backend] info: adminService :: getLoggedInUserInfo :: Request received :: user_id :: 3 
2026-02-21 11:21:14 [nmbp-admin-profile-backend] debug: adminService :: getLoggedInUserInfo :: cachedResult :: false 
2026-02-21 11:21:14 [nmbp-admin-profile-backend] debug: adminRepository :: getLoggedInUserInfo :: query :: {"text":"SELECT \n    U.user_id AS user_id,\n    U.user_name AS user_name,\n    TO_CHAR(U.dob, 'DD/MM/YYYY') AS dob,\n    U.gender AS gender,\n    U.email_id AS email_id,\n    U.first_name AS first_name,\n    U.last_name AS last_name,\n    U.mobile_number AS mobile_number,\n    U.display_name AS display_name,\n    R.role_id AS role_id,\n    R.role_name AS role_name,\n    U.profile_pic_url\nFROM \n    m_users U\nLEFT OUTER JOIN \n    m_roles R \nON \n    U.role_id = R.role_id\nWHERE \n    U.user_id = $1 \n    AND U.status IN (1, 4)\n","values":[3]} 
2026-02-21 11:21:14 [nmbp-admin-profile-backend] debug: adminRepository :: getLoggedInUserInfo :: db result :: [{"user_id":3,"user_name":"8766516289","dob":null,"gender":null,"email_id":"admin@gmail.com","first_name":"Admin","last_name":"Admin","mobile_number":"8766516289","display_name":"Admin Admin","role_id":8,"role_name":"Admin","profile_pic_url":null}] 
2026-02-21 11:21:14 [nmbp-admin-profile-backend] debug: adminService :: getLoggedInUserInfo :: user :: {"user_id":3,"user_name":"8766516289","dob":null,"gender":null,"email_id":"admin@gmail.com","first_name":"Admin","last_name":"Admin","mobile_number":"8766516289","display_name":"Admin Admin","role_id":8,"role_name":"Admin","profile_pic_url":null} 
2026-02-21 11:23:11 [nmbp-admin-profile-backend] info: >>>>>>>>>>>>>>>>>>>>>>>>>>>>>>>>>>>>>>>>>>>>>>> 
2026-02-21 11:23:11 [nmbp-admin-profile-backend] info: Read Token Successfully for User : 8766516289 
2026-02-21 11:23:11 [nmbp-admin-profile-backend] info: adminController :: getLoggedInUserInfo :: Request Received  
2026-02-21 11:23:11 [nmbp-admin-profile-backend] info: adminService :: getLoggedInUserInfo :: Request received :: user_id :: 3 
2026-02-21 11:23:11 [nmbp-admin-profile-backend] debug: adminService :: getLoggedInUserInfo :: cachedResult :: false 
2026-02-21 11:23:11 [nmbp-admin-profile-backend] debug: adminRepository :: getLoggedInUserInfo :: query :: {"text":"SELECT \n    U.user_id AS user_id,\n    U.user_name AS user_name,\n    TO_CHAR(U.dob, 'DD/MM/YYYY') AS dob,\n    U.gender AS gender,\n    U.email_id AS email_id,\n    U.first_name AS first_name,\n    U.last_name AS last_name,\n    U.mobile_number AS mobile_number,\n    U.display_name AS display_name,\n    R.role_id AS role_id,\n    R.role_name AS role_name,\n    U.profile_pic_url\nFROM \n    m_users U\nLEFT OUTER JOIN \n    m_roles R \nON \n    U.role_id = R.role_id\nWHERE \n    U.user_id = $1 \n    AND U.status IN (1, 4)\n","values":[3]} 
2026-02-21 11:23:11 [nmbp-admin-profile-backend] debug: adminRepository :: getLoggedInUserInfo :: db result :: [{"user_id":3,"user_name":"8766516289","dob":null,"gender":null,"email_id":"admin@gmail.com","first_name":"Admin","last_name":"Admin","mobile_number":"8766516289","display_name":"Admin Admin","role_id":8,"role_name":"Admin","profile_pic_url":null}] 
2026-02-21 11:23:11 [nmbp-admin-profile-backend] debug: adminService :: getLoggedInUserInfo :: user :: {"user_id":3,"user_name":"8766516289","dob":null,"gender":null,"email_id":"admin@gmail.com","first_name":"Admin","last_name":"Admin","mobile_number":"8766516289","display_name":"Admin Admin","role_id":8,"role_name":"Admin","profile_pic_url":null} 
2026-02-21 11:27:27 [nmbp-admin-profile-backend] info: >>>>>>>>>>>>>>>>>>>>>>>>>>>>>>>>>>>>>>>>>>>>>>> 
2026-02-21 11:27:27 [nmbp-admin-profile-backend] info: Read Token Successfully for User : 9028513324 
2026-02-21 11:27:27 [nmbp-admin-profile-backend] info: adminController :: getLoggedInUserInfo :: Request Received  
2026-02-21 11:27:27 [nmbp-admin-profile-backend] info: adminService :: getLoggedInUserInfo :: Request received :: user_id :: 1 
2026-02-21 11:27:27 [nmbp-admin-profile-backend] debug: adminService :: getLoggedInUserInfo :: cachedResult :: false 
2026-02-21 11:27:27 [nmbp-admin-profile-backend] debug: adminRepository :: getLoggedInUserInfo :: query :: {"text":"SELECT \n    U.user_id AS user_id,\n    U.user_name AS user_name,\n    TO_CHAR(U.dob, 'DD/MM/YYYY') AS dob,\n    U.gender AS gender,\n    U.email_id AS email_id,\n    U.first_name AS first_name,\n    U.last_name AS last_name,\n    U.mobile_number AS mobile_number,\n    U.display_name AS display_name,\n    R.role_id AS role_id,\n    R.role_name AS role_name,\n    U.profile_pic_url\nFROM \n    m_users U\nLEFT OUTER JOIN \n    m_roles R \nON \n    U.role_id = R.role_id\nWHERE \n    U.user_id = $1 \n    AND U.status IN (1, 4)\n","values":[1]} 
2026-02-21 11:27:27 [nmbp-admin-profile-backend] debug: adminRepository :: getLoggedInUserInfo :: db result :: [{"user_id":1,"user_name":"9028513324","dob":"01/01/2026","gender":null,"email_id":"superadmin@gmail.com","first_name":"Super","last_name":"Admin","mobile_number":"9028513324","display_name":"Super Admin","role_id":1,"role_name":"Super Admin","profile_pic_url":null}] 
2026-02-21 11:27:27 [nmbp-admin-profile-backend] debug: adminService :: getLoggedInUserInfo :: user :: {"user_id":1,"user_name":"9028513324","dob":"01/01/2026","gender":null,"email_id":"superadmin@gmail.com","first_name":"Super","last_name":"Admin","mobile_number":"9028513324","display_name":"Super Admin","role_id":1,"role_name":"Super Admin","profile_pic_url":null} 
2026-02-21 11:27:46 [nmbp-admin-profile-backend] info: >>>>>>>>>>>>>>>>>>>>>>>>>>>>>>>>>>>>>>>>>>>>>>> 
2026-02-21 11:27:46 [nmbp-admin-profile-backend] info: Read Token Successfully for User : 8766516289 
2026-02-21 11:27:46 [nmbp-admin-profile-backend] info: adminController :: getLoggedInUserInfo :: Request Received  
2026-02-21 11:27:46 [nmbp-admin-profile-backend] info: adminService :: getLoggedInUserInfo :: Request received :: user_id :: 3 
2026-02-21 11:27:46 [nmbp-admin-profile-backend] debug: adminService :: getLoggedInUserInfo :: cachedResult :: false 
2026-02-21 11:27:46 [nmbp-admin-profile-backend] debug: adminRepository :: getLoggedInUserInfo :: query :: {"text":"SELECT \n    U.user_id AS user_id,\n    U.user_name AS user_name,\n    TO_CHAR(U.dob, 'DD/MM/YYYY') AS dob,\n    U.gender AS gender,\n    U.email_id AS email_id,\n    U.first_name AS first_name,\n    U.last_name AS last_name,\n    U.mobile_number AS mobile_number,\n    U.display_name AS display_name,\n    R.role_id AS role_id,\n    R.role_name AS role_name,\n    U.profile_pic_url\nFROM \n    m_users U\nLEFT OUTER JOIN \n    m_roles R \nON \n    U.role_id = R.role_id\nWHERE \n    U.user_id = $1 \n    AND U.status IN (1, 4)\n","values":[3]} 
2026-02-21 11:27:46 [nmbp-admin-profile-backend] debug: adminRepository :: getLoggedInUserInfo :: db result :: [{"user_id":3,"user_name":"8766516289","dob":null,"gender":null,"email_id":"admin@gmail.com","first_name":"Admin","last_name":"Admin","mobile_number":"8766516289","display_name":"Admin Admin","role_id":8,"role_name":"Admin","profile_pic_url":null}] 
2026-02-21 11:27:46 [nmbp-admin-profile-backend] debug: adminService :: getLoggedInUserInfo :: user :: {"user_id":3,"user_name":"8766516289","dob":null,"gender":null,"email_id":"admin@gmail.com","first_name":"Admin","last_name":"Admin","mobile_number":"8766516289","display_name":"Admin Admin","role_id":8,"role_name":"Admin","profile_pic_url":null} 
2026-02-21 11:28:12 [nmbp-admin-profile-backend] info: >>>>>>>>>>>>>>>>>>>>>>>>>>>>>>>>>>>>>>>>>>>>>>> 
2026-02-21 11:28:12 [nmbp-admin-profile-backend] info: Read Token Successfully for User : 9028513324 
2026-02-21 11:28:12 [nmbp-admin-profile-backend] info: adminController :: getLoggedInUserInfo :: Request Received  
2026-02-21 11:28:12 [nmbp-admin-profile-backend] info: adminService :: getLoggedInUserInfo :: Request received :: user_id :: 1 
2026-02-21 11:28:12 [nmbp-admin-profile-backend] debug: adminService :: getLoggedInUserInfo :: cachedResult :: false 
2026-02-21 11:28:12 [nmbp-admin-profile-backend] debug: adminRepository :: getLoggedInUserInfo :: query :: {"text":"SELECT \n    U.user_id AS user_id,\n    U.user_name AS user_name,\n    TO_CHAR(U.dob, 'DD/MM/YYYY') AS dob,\n    U.gender AS gender,\n    U.email_id AS email_id,\n    U.first_name AS first_name,\n    U.last_name AS last_name,\n    U.mobile_number AS mobile_number,\n    U.display_name AS display_name,\n    R.role_id AS role_id,\n    R.role_name AS role_name,\n    U.profile_pic_url\nFROM \n    m_users U\nLEFT OUTER JOIN \n    m_roles R \nON \n    U.role_id = R.role_id\nWHERE \n    U.user_id = $1 \n    AND U.status IN (1, 4)\n","values":[1]} 
2026-02-21 11:28:12 [nmbp-admin-profile-backend] debug: adminRepository :: getLoggedInUserInfo :: db result :: [{"user_id":1,"user_name":"9028513324","dob":"01/01/2026","gender":null,"email_id":"superadmin@gmail.com","first_name":"Super","last_name":"Admin","mobile_number":"9028513324","display_name":"Super Admin","role_id":1,"role_name":"Super Admin","profile_pic_url":null}] 
2026-02-21 11:28:12 [nmbp-admin-profile-backend] debug: adminService :: getLoggedInUserInfo :: user :: {"user_id":1,"user_name":"9028513324","dob":"01/01/2026","gender":null,"email_id":"superadmin@gmail.com","first_name":"Super","last_name":"Admin","mobile_number":"9028513324","display_name":"Super Admin","role_id":1,"role_name":"Super Admin","profile_pic_url":null} 
2026-02-21 11:28:57 [nmbp-admin-profile-backend] info: >>>>>>>>>>>>>>>>>>>>>>>>>>>>>>>>>>>>>>>>>>>>>>> 
2026-02-21 11:28:57 [nmbp-admin-profile-backend] info: Read Token Successfully for User : 8766516289 
2026-02-21 11:28:57 [nmbp-admin-profile-backend] info: adminController :: getLoggedInUserInfo :: Request Received  
2026-02-21 11:28:57 [nmbp-admin-profile-backend] info: adminService :: getLoggedInUserInfo :: Request received :: user_id :: 3 
2026-02-21 11:28:57 [nmbp-admin-profile-backend] debug: adminService :: getLoggedInUserInfo :: cachedResult :: false 
2026-02-21 11:28:57 [nmbp-admin-profile-backend] debug: adminRepository :: getLoggedInUserInfo :: query :: {"text":"SELECT \n    U.user_id AS user_id,\n    U.user_name AS user_name,\n    TO_CHAR(U.dob, 'DD/MM/YYYY') AS dob,\n    U.gender AS gender,\n    U.email_id AS email_id,\n    U.first_name AS first_name,\n    U.last_name AS last_name,\n    U.mobile_number AS mobile_number,\n    U.display_name AS display_name,\n    R.role_id AS role_id,\n    R.role_name AS role_name,\n    U.profile_pic_url\nFROM \n    m_users U\nLEFT OUTER JOIN \n    m_roles R \nON \n    U.role_id = R.role_id\nWHERE \n    U.user_id = $1 \n    AND U.status IN (1, 4)\n","values":[3]} 
2026-02-21 11:28:57 [nmbp-admin-profile-backend] debug: adminRepository :: getLoggedInUserInfo :: db result :: [{"user_id":3,"user_name":"8766516289","dob":null,"gender":null,"email_id":"admin@gmail.com","first_name":"Admin","last_name":"Admin","mobile_number":"8766516289","display_name":"Admin Admin","role_id":8,"role_name":"Admin","profile_pic_url":null}] 
2026-02-21 11:28:57 [nmbp-admin-profile-backend] debug: adminService :: getLoggedInUserInfo :: user :: {"user_id":3,"user_name":"8766516289","dob":null,"gender":null,"email_id":"admin@gmail.com","first_name":"Admin","last_name":"Admin","mobile_number":"8766516289","display_name":"Admin Admin","role_id":8,"role_name":"Admin","profile_pic_url":null} 
2026-02-21 11:59:00 [nmbp-admin-profile-backend] info: >>>>>>>>>>>>>>>>>>>>>>>>>>>>>>>>>>>>>>>>>>>>>>> 
2026-02-21 11:59:00 [nmbp-admin-profile-backend] info: Read Token Successfully for User : 8766516289 
2026-02-21 11:59:00 [nmbp-admin-profile-backend] info: adminController :: getLoggedInUserInfo :: Request Received  
2026-02-21 11:59:00 [nmbp-admin-profile-backend] info: adminService :: getLoggedInUserInfo :: Request received :: user_id :: 3 
2026-02-21 11:59:00 [nmbp-admin-profile-backend] debug: adminService :: getLoggedInUserInfo :: cachedResult :: false 
2026-02-21 11:59:00 [nmbp-admin-profile-backend] debug: adminRepository :: getLoggedInUserInfo :: query :: {"text":"SELECT \n    U.user_id AS user_id,\n    U.user_name AS user_name,\n    TO_CHAR(U.dob, 'DD/MM/YYYY') AS dob,\n    U.gender AS gender,\n    U.email_id AS email_id,\n    U.first_name AS first_name,\n    U.last_name AS last_name,\n    U.mobile_number AS mobile_number,\n    U.display_name AS display_name,\n    R.role_id AS role_id,\n    R.role_name AS role_name,\n    U.profile_pic_url\nFROM \n    m_users U\nLEFT OUTER JOIN \n    m_roles R \nON \n    U.role_id = R.role_id\nWHERE \n    U.user_id = $1 \n    AND U.status IN (1, 4)\n","values":[3]} 
2026-02-21 11:59:00 [nmbp-admin-profile-backend] debug: adminRepository :: getLoggedInUserInfo :: db result :: [{"user_id":3,"user_name":"8766516289","dob":null,"gender":null,"email_id":"admin@gmail.com","first_name":"Admin","last_name":"Admin","mobile_number":"8766516289","display_name":"Admin Admin","role_id":8,"role_name":"Admin","profile_pic_url":null}] 
2026-02-21 11:59:00 [nmbp-admin-profile-backend] debug: adminService :: getLoggedInUserInfo :: user :: {"user_id":3,"user_name":"8766516289","dob":null,"gender":null,"email_id":"admin@gmail.com","first_name":"Admin","last_name":"Admin","mobile_number":"8766516289","display_name":"Admin Admin","role_id":8,"role_name":"Admin","profile_pic_url":null} 
2026-02-21 11:59:13 [nmbp-admin-profile-backend] info: >>>>>>>>>>>>>>>>>>>>>>>>>>>>>>>>>>>>>>>>>>>>>>> 
2026-02-21 11:59:13 [nmbp-admin-profile-backend] info: Read Token Successfully for User : 9028513324 
2026-02-21 11:59:13 [nmbp-admin-profile-backend] info: adminController :: getLoggedInUserInfo :: Request Received  
2026-02-21 11:59:13 [nmbp-admin-profile-backend] info: adminService :: getLoggedInUserInfo :: Request received :: user_id :: 1 
2026-02-21 11:59:13 [nmbp-admin-profile-backend] debug: adminService :: getLoggedInUserInfo :: cachedResult :: false 
2026-02-21 11:59:13 [nmbp-admin-profile-backend] debug: adminRepository :: getLoggedInUserInfo :: query :: {"text":"SELECT \n    U.user_id AS user_id,\n    U.user_name AS user_name,\n    TO_CHAR(U.dob, 'DD/MM/YYYY') AS dob,\n    U.gender AS gender,\n    U.email_id AS email_id,\n    U.first_name AS first_name,\n    U.last_name AS last_name,\n    U.mobile_number AS mobile_number,\n    U.display_name AS display_name,\n    R.role_id AS role_id,\n    R.role_name AS role_name,\n    U.profile_pic_url\nFROM \n    m_users U\nLEFT OUTER JOIN \n    m_roles R \nON \n    U.role_id = R.role_id\nWHERE \n    U.user_id = $1 \n    AND U.status IN (1, 4)\n","values":[1]} 
2026-02-21 11:59:13 [nmbp-admin-profile-backend] debug: adminRepository :: getLoggedInUserInfo :: db result :: [{"user_id":1,"user_name":"9028513324","dob":"01/01/2026","gender":null,"email_id":"superadmin@gmail.com","first_name":"Super","last_name":"Admin","mobile_number":"9028513324","display_name":"Super Admin","role_id":1,"role_name":"Super Admin","profile_pic_url":null}] 
2026-02-21 11:59:13 [nmbp-admin-profile-backend] debug: adminService :: getLoggedInUserInfo :: user :: {"user_id":1,"user_name":"9028513324","dob":"01/01/2026","gender":null,"email_id":"superadmin@gmail.com","first_name":"Super","last_name":"Admin","mobile_number":"9028513324","display_name":"Super Admin","role_id":1,"role_name":"Super Admin","profile_pic_url":null} 
2026-02-21 12:00:13 [nmbp-admin-profile-backend] info: >>>>>>>>>>>>>>>>>>>>>>>>>>>>>>>>>>>>>>>>>>>>>>> 
2026-02-21 12:00:13 [nmbp-admin-profile-backend] info: Read Token Successfully for User : 8766516289 
2026-02-21 12:00:13 [nmbp-admin-profile-backend] info: adminController :: getLoggedInUserInfo :: Request Received  
2026-02-21 12:00:13 [nmbp-admin-profile-backend] info: adminService :: getLoggedInUserInfo :: Request received :: user_id :: 3 
2026-02-21 12:00:13 [nmbp-admin-profile-backend] debug: adminService :: getLoggedInUserInfo :: cachedResult :: false 
2026-02-21 12:00:13 [nmbp-admin-profile-backend] debug: adminRepository :: getLoggedInUserInfo :: query :: {"text":"SELECT \n    U.user_id AS user_id,\n    U.user_name AS user_name,\n    TO_CHAR(U.dob, 'DD/MM/YYYY') AS dob,\n    U.gender AS gender,\n    U.email_id AS email_id,\n    U.first_name AS first_name,\n    U.last_name AS last_name,\n    U.mobile_number AS mobile_number,\n    U.display_name AS display_name,\n    R.role_id AS role_id,\n    R.role_name AS role_name,\n    U.profile_pic_url\nFROM \n    m_users U\nLEFT OUTER JOIN \n    m_roles R \nON \n    U.role_id = R.role_id\nWHERE \n    U.user_id = $1 \n    AND U.status IN (1, 4)\n","values":[3]} 
2026-02-21 12:00:13 [nmbp-admin-profile-backend] debug: adminRepository :: getLoggedInUserInfo :: db result :: [{"user_id":3,"user_name":"8766516289","dob":null,"gender":null,"email_id":"admin@gmail.com","first_name":"Admin","last_name":"Admin","mobile_number":"8766516289","display_name":"Admin Admin","role_id":8,"role_name":"Admin","profile_pic_url":null}] 
2026-02-21 12:00:13 [nmbp-admin-profile-backend] debug: adminService :: getLoggedInUserInfo :: user :: {"user_id":3,"user_name":"8766516289","dob":null,"gender":null,"email_id":"admin@gmail.com","first_name":"Admin","last_name":"Admin","mobile_number":"8766516289","display_name":"Admin Admin","role_id":8,"role_name":"Admin","profile_pic_url":null} 
2026-02-21 12:01:07 [nmbp-admin-profile-backend] info: >>>>>>>>>>>>>>>>>>>>>>>>>>>>>>>>>>>>>>>>>>>>>>> 
2026-02-21 12:01:07 [nmbp-admin-profile-backend] info: Read Token Successfully for User : 9028513324 
2026-02-21 12:01:07 [nmbp-admin-profile-backend] info: adminController :: getLoggedInUserInfo :: Request Received  
2026-02-21 12:01:07 [nmbp-admin-profile-backend] info: adminService :: getLoggedInUserInfo :: Request received :: user_id :: 1 
2026-02-21 12:01:07 [nmbp-admin-profile-backend] debug: adminService :: getLoggedInUserInfo :: cachedResult :: false 
2026-02-21 12:01:07 [nmbp-admin-profile-backend] debug: adminRepository :: getLoggedInUserInfo :: query :: {"text":"SELECT \n    U.user_id AS user_id,\n    U.user_name AS user_name,\n    TO_CHAR(U.dob, 'DD/MM/YYYY') AS dob,\n    U.gender AS gender,\n    U.email_id AS email_id,\n    U.first_name AS first_name,\n    U.last_name AS last_name,\n    U.mobile_number AS mobile_number,\n    U.display_name AS display_name,\n    R.role_id AS role_id,\n    R.role_name AS role_name,\n    U.profile_pic_url\nFROM \n    m_users U\nLEFT OUTER JOIN \n    m_roles R \nON \n    U.role_id = R.role_id\nWHERE \n    U.user_id = $1 \n    AND U.status IN (1, 4)\n","values":[1]} 
2026-02-21 12:01:07 [nmbp-admin-profile-backend] debug: adminRepository :: getLoggedInUserInfo :: db result :: [{"user_id":1,"user_name":"9028513324","dob":"01/01/2026","gender":null,"email_id":"superadmin@gmail.com","first_name":"Super","last_name":"Admin","mobile_number":"9028513324","display_name":"Super Admin","role_id":1,"role_name":"Super Admin","profile_pic_url":null}] 
2026-02-21 12:01:07 [nmbp-admin-profile-backend] debug: adminService :: getLoggedInUserInfo :: user :: {"user_id":1,"user_name":"9028513324","dob":"01/01/2026","gender":null,"email_id":"superadmin@gmail.com","first_name":"Super","last_name":"Admin","mobile_number":"9028513324","display_name":"Super Admin","role_id":1,"role_name":"Super Admin","profile_pic_url":null} 
2026-02-21 12:14:32 [nmbp-admin-profile-backend] info: >>>>>>>>>>>>>>>>>>>>>>>>>>>>>>>>>>>>>>>>>>>>>>> 
2026-02-21 12:14:32 [nmbp-admin-profile-backend] info: Read Token Successfully for User : 8766516289 
2026-02-21 12:14:32 [nmbp-admin-profile-backend] info: adminController :: getLoggedInUserInfo :: Request Received  
2026-02-21 12:14:32 [nmbp-admin-profile-backend] info: adminService :: getLoggedInUserInfo :: Request received :: user_id :: 3 
2026-02-21 12:14:32 [nmbp-admin-profile-backend] debug: adminService :: getLoggedInUserInfo :: cachedResult :: false 
2026-02-21 12:14:32 [nmbp-admin-profile-backend] debug: adminRepository :: getLoggedInUserInfo :: query :: {"text":"SELECT \n    U.user_id AS user_id,\n    U.user_name AS user_name,\n    TO_CHAR(U.dob, 'DD/MM/YYYY') AS dob,\n    U.gender AS gender,\n    U.email_id AS email_id,\n    U.first_name AS first_name,\n    U.last_name AS last_name,\n    U.mobile_number AS mobile_number,\n    U.display_name AS display_name,\n    R.role_id AS role_id,\n    R.role_name AS role_name,\n    U.profile_pic_url\nFROM \n    m_users U\nLEFT OUTER JOIN \n    m_roles R \nON \n    U.role_id = R.role_id\nWHERE \n    U.user_id = $1 \n    AND U.status IN (1, 4)\n","values":[3]} 
2026-02-21 12:14:32 [nmbp-admin-profile-backend] debug: adminRepository :: getLoggedInUserInfo :: db result :: [{"user_id":3,"user_name":"8766516289","dob":null,"gender":null,"email_id":"admin@gmail.com","first_name":"Rajesh","last_name":"Pilli","mobile_number":"8766516289","display_name":"Rajesh Pilli","role_id":8,"role_name":"Admin","profile_pic_url":null}] 
2026-02-21 12:14:32 [nmbp-admin-profile-backend] debug: adminService :: getLoggedInUserInfo :: user :: {"user_id":3,"user_name":"8766516289","dob":null,"gender":null,"email_id":"admin@gmail.com","first_name":"Rajesh","last_name":"Pilli","mobile_number":"8766516289","display_name":"Rajesh Pilli","role_id":8,"role_name":"Admin","profile_pic_url":null} 
2026-02-21 12:15:08 [nmbp-admin-profile-backend] info: >>>>>>>>>>>>>>>>>>>>>>>>>>>>>>>>>>>>>>>>>>>>>>> 
2026-02-21 12:15:08 [nmbp-admin-profile-backend] info: Read Token Successfully for User : 8766516289 
2026-02-21 12:15:08 [nmbp-admin-profile-backend] info: adminController :: getLoggedInUserInfo :: Request Received  
2026-02-21 12:15:08 [nmbp-admin-profile-backend] info: adminService :: getLoggedInUserInfo :: Request received :: user_id :: 3 
2026-02-21 12:15:08 [nmbp-admin-profile-backend] debug: adminService :: getLoggedInUserInfo :: cachedResult :: false 
2026-02-21 12:15:08 [nmbp-admin-profile-backend] debug: adminRepository :: getLoggedInUserInfo :: query :: {"text":"SELECT \n    U.user_id AS user_id,\n    U.user_name AS user_name,\n    TO_CHAR(U.dob, 'DD/MM/YYYY') AS dob,\n    U.gender AS gender,\n    U.email_id AS email_id,\n    U.first_name AS first_name,\n    U.last_name AS last_name,\n    U.mobile_number AS mobile_number,\n    U.display_name AS display_name,\n    R.role_id AS role_id,\n    R.role_name AS role_name,\n    U.profile_pic_url\nFROM \n    m_users U\nLEFT OUTER JOIN \n    m_roles R \nON \n    U.role_id = R.role_id\nWHERE \n    U.user_id = $1 \n    AND U.status IN (1, 4)\n","values":[3]} 
2026-02-21 12:15:08 [nmbp-admin-profile-backend] debug: adminRepository :: getLoggedInUserInfo :: db result :: [{"user_id":3,"user_name":"8766516289","dob":null,"gender":null,"email_id":"admin@gmail.com","first_name":"Rajesh","last_name":"Pilli","mobile_number":"8766516289","display_name":"Rajesh Pilli","role_id":8,"role_name":"Admin","profile_pic_url":null}] 
2026-02-21 12:15:08 [nmbp-admin-profile-backend] debug: adminService :: getLoggedInUserInfo :: user :: {"user_id":3,"user_name":"8766516289","dob":null,"gender":null,"email_id":"admin@gmail.com","first_name":"Rajesh","last_name":"Pilli","mobile_number":"8766516289","display_name":"Rajesh Pilli","role_id":8,"role_name":"Admin","profile_pic_url":null} 
2026-02-21 12:16:14 [nmbp-admin-profile-backend] info: >>>>>>>>>>>>>>>>>>>>>>>>>>>>>>>>>>>>>>>>>>>>>>> 
2026-02-21 12:16:14 [nmbp-admin-profile-backend] info: Read Token Successfully for User : 9888888888 
2026-02-21 12:16:14 [nmbp-admin-profile-backend] info: adminController :: getLoggedInUserInfo :: Request Received  
2026-02-21 12:16:14 [nmbp-admin-profile-backend] info: adminService :: getLoggedInUserInfo :: Request received :: user_id :: 5 
2026-02-21 12:16:14 [nmbp-admin-profile-backend] debug: adminService :: getLoggedInUserInfo :: cachedResult :: false 
2026-02-21 12:16:14 [nmbp-admin-profile-backend] debug: adminRepository :: getLoggedInUserInfo :: query :: {"text":"SELECT \n    U.user_id AS user_id,\n    U.user_name AS user_name,\n    TO_CHAR(U.dob, 'DD/MM/YYYY') AS dob,\n    U.gender AS gender,\n    U.email_id AS email_id,\n    U.first_name AS first_name,\n    U.last_name AS last_name,\n    U.mobile_number AS mobile_number,\n    U.display_name AS display_name,\n    R.role_id AS role_id,\n    R.role_name AS role_name,\n    U.profile_pic_url\nFROM \n    m_users U\nLEFT OUTER JOIN \n    m_roles R \nON \n    U.role_id = R.role_id\nWHERE \n    U.user_id = $1 \n    AND U.status IN (1, 4)\n","values":[5]} 
2026-02-21 12:16:14 [nmbp-admin-profile-backend] debug: adminRepository :: getLoggedInUserInfo :: db result :: [{"user_id":5,"user_name":"9888888888","dob":null,"gender":null,"email_id":"pillirajesh@ymail.com","first_name":"Venkat","last_name":"Rao","mobile_number":"9888888888","display_name":"Venkat Rao","role_id":12,"role_name":"State Nodal Officer (SNO)","profile_pic_url":null}] 
2026-02-21 12:16:14 [nmbp-admin-profile-backend] debug: adminService :: getLoggedInUserInfo :: user :: {"user_id":5,"user_name":"9888888888","dob":null,"gender":null,"email_id":"pillirajesh@ymail.com","first_name":"Venkat","last_name":"Rao","mobile_number":"9888888888","display_name":"Venkat Rao","role_id":12,"role_name":"State Nodal Officer (SNO)","profile_pic_url":null} 
2026-02-21 12:16:58 [nmbp-admin-profile-backend] info: >>>>>>>>>>>>>>>>>>>>>>>>>>>>>>>>>>>>>>>>>>>>>>> 
2026-02-21 12:16:58 [nmbp-admin-profile-backend] info: Read Token Successfully for User : 9777777777 
2026-02-21 12:16:58 [nmbp-admin-profile-backend] info: adminController :: getLoggedInUserInfo :: Request Received  
2026-02-21 12:16:58 [nmbp-admin-profile-backend] info: adminService :: getLoggedInUserInfo :: Request received :: user_id :: 6 
2026-02-21 12:16:58 [nmbp-admin-profile-backend] debug: adminService :: getLoggedInUserInfo :: cachedResult :: false 
2026-02-21 12:16:58 [nmbp-admin-profile-backend] debug: adminRepository :: getLoggedInUserInfo :: query :: {"text":"SELECT \n    U.user_id AS user_id,\n    U.user_name AS user_name,\n    TO_CHAR(U.dob, 'DD/MM/YYYY') AS dob,\n    U.gender AS gender,\n    U.email_id AS email_id,\n    U.first_name AS first_name,\n    U.last_name AS last_name,\n    U.mobile_number AS mobile_number,\n    U.display_name AS display_name,\n    R.role_id AS role_id,\n    R.role_name AS role_name,\n    U.profile_pic_url\nFROM \n    m_users U\nLEFT OUTER JOIN \n    m_roles R \nON \n    U.role_id = R.role_id\nWHERE \n    U.user_id = $1 \n    AND U.status IN (1, 4)\n","values":[6]} 
2026-02-21 12:16:58 [nmbp-admin-profile-backend] debug: adminRepository :: getLoggedInUserInfo :: db result :: [{"user_id":6,"user_name":"9777777777","dob":null,"gender":null,"email_id":"priya@gmamil.com","first_name":"Priya","last_name":"Rao","mobile_number":"9777777777","display_name":"Priya Rao","role_id":13,"role_name":"District Nodal Officer (DNO)","profile_pic_url":null}] 
2026-02-21 12:16:58 [nmbp-admin-profile-backend] debug: adminService :: getLoggedInUserInfo :: user :: {"user_id":6,"user_name":"9777777777","dob":null,"gender":null,"email_id":"priya@gmamil.com","first_name":"Priya","last_name":"Rao","mobile_number":"9777777777","display_name":"Priya Rao","role_id":13,"role_name":"District Nodal Officer (DNO)","profile_pic_url":null} 
2026-02-21 12:17:12 [nmbp-admin-profile-backend] info: >>>>>>>>>>>>>>>>>>>>>>>>>>>>>>>>>>>>>>>>>>>>>>> 
2026-02-21 12:17:12 [nmbp-admin-profile-backend] info: Read Token Successfully for User : 9888888888 
2026-02-21 12:17:12 [nmbp-admin-profile-backend] info: adminController :: getLoggedInUserInfo :: Request Received  
2026-02-21 12:17:12 [nmbp-admin-profile-backend] info: adminService :: getLoggedInUserInfo :: Request received :: user_id :: 5 
2026-02-21 12:17:12 [nmbp-admin-profile-backend] debug: adminService :: getLoggedInUserInfo :: cachedResult :: false 
2026-02-21 12:17:12 [nmbp-admin-profile-backend] debug: adminRepository :: getLoggedInUserInfo :: query :: {"text":"SELECT \n    U.user_id AS user_id,\n    U.user_name AS user_name,\n    TO_CHAR(U.dob, 'DD/MM/YYYY') AS dob,\n    U.gender AS gender,\n    U.email_id AS email_id,\n    U.first_name AS first_name,\n    U.last_name AS last_name,\n    U.mobile_number AS mobile_number,\n    U.display_name AS display_name,\n    R.role_id AS role_id,\n    R.role_name AS role_name,\n    U.profile_pic_url\nFROM \n    m_users U\nLEFT OUTER JOIN \n    m_roles R \nON \n    U.role_id = R.role_id\nWHERE \n    U.user_id = $1 \n    AND U.status IN (1, 4)\n","values":[5]} 
2026-02-21 12:17:12 [nmbp-admin-profile-backend] debug: adminRepository :: getLoggedInUserInfo :: db result :: [{"user_id":5,"user_name":"9888888888","dob":null,"gender":null,"email_id":"pillirajesh@ymail.com","first_name":"Venkat","last_name":"Rao","mobile_number":"9888888888","display_name":"Venkat Rao","role_id":12,"role_name":"State Nodal Officer (SNO)","profile_pic_url":null}] 
2026-02-21 12:17:12 [nmbp-admin-profile-backend] debug: adminService :: getLoggedInUserInfo :: user :: {"user_id":5,"user_name":"9888888888","dob":null,"gender":null,"email_id":"pillirajesh@ymail.com","first_name":"Venkat","last_name":"Rao","mobile_number":"9888888888","display_name":"Venkat Rao","role_id":12,"role_name":"State Nodal Officer (SNO)","profile_pic_url":null} 
2026-02-21 14:55:51 [nmbp-admin-profile-backend] info: >>>>>>>>>>>>>>>>>>>>>>>>>>>>>>>>>>>>>>>>>>>>>>> 
2026-02-21 14:55:51 [nmbp-admin-profile-backend] info: Read Token Successfully for User : 9777777777 
2026-02-21 14:55:51 [nmbp-admin-profile-backend] info: adminController :: getLoggedInUserInfo :: Request Received  
2026-02-21 14:55:51 [nmbp-admin-profile-backend] info: adminService :: getLoggedInUserInfo :: Request received :: user_id :: 6 
2026-02-21 14:55:51 [nmbp-admin-profile-backend] debug: adminService :: getLoggedInUserInfo :: cachedResult :: false 
2026-02-21 14:55:51 [nmbp-admin-profile-backend] debug: adminRepository :: getLoggedInUserInfo :: query :: {"text":"SELECT \n    U.user_id AS user_id,\n    U.user_name AS user_name,\n    TO_CHAR(U.dob, 'DD/MM/YYYY') AS dob,\n    U.gender AS gender,\n    U.email_id AS email_id,\n    U.first_name AS first_name,\n    U.last_name AS last_name,\n    U.mobile_number AS mobile_number,\n    U.display_name AS display_name,\n    R.role_id AS role_id,\n    R.role_name AS role_name,\n    U.profile_pic_url\nFROM \n    m_users U\nLEFT OUTER JOIN \n    m_roles R \nON \n    U.role_id = R.role_id\nWHERE \n    U.user_id = $1 \n    AND U.status IN (1, 4)\n","values":[6]} 
2026-02-21 14:55:51 [nmbp-admin-profile-backend] debug: adminRepository :: getLoggedInUserInfo :: db result :: [{"user_id":6,"user_name":"9777777777","dob":null,"gender":null,"email_id":"priya@gmamil.com","first_name":"Priya","last_name":"Rao","mobile_number":"9777777777","display_name":"Priya Rao","role_id":13,"role_name":"District Nodal Officer (DNO)","profile_pic_url":null}] 
2026-02-21 14:55:51 [nmbp-admin-profile-backend] debug: adminService :: getLoggedInUserInfo :: user :: {"user_id":6,"user_name":"9777777777","dob":null,"gender":null,"email_id":"priya@gmamil.com","first_name":"Priya","last_name":"Rao","mobile_number":"9777777777","display_name":"Priya Rao","role_id":13,"role_name":"District Nodal Officer (DNO)","profile_pic_url":null} 
2026-02-21 14:56:08 [nmbp-admin-profile-backend] info: >>>>>>>>>>>>>>>>>>>>>>>>>>>>>>>>>>>>>>>>>>>>>>> 
2026-02-21 14:56:08 [nmbp-admin-profile-backend] info: Read Token Successfully for User : 9888888888 
2026-02-21 14:56:08 [nmbp-admin-profile-backend] info: adminController :: getLoggedInUserInfo :: Request Received  
2026-02-21 14:56:08 [nmbp-admin-profile-backend] info: adminService :: getLoggedInUserInfo :: Request received :: user_id :: 5 
2026-02-21 14:56:08 [nmbp-admin-profile-backend] debug: adminService :: getLoggedInUserInfo :: cachedResult :: false 
2026-02-21 14:56:08 [nmbp-admin-profile-backend] debug: adminRepository :: getLoggedInUserInfo :: query :: {"text":"SELECT \n    U.user_id AS user_id,\n    U.user_name AS user_name,\n    TO_CHAR(U.dob, 'DD/MM/YYYY') AS dob,\n    U.gender AS gender,\n    U.email_id AS email_id,\n    U.first_name AS first_name,\n    U.last_name AS last_name,\n    U.mobile_number AS mobile_number,\n    U.display_name AS display_name,\n    R.role_id AS role_id,\n    R.role_name AS role_name,\n    U.profile_pic_url\nFROM \n    m_users U\nLEFT OUTER JOIN \n    m_roles R \nON \n    U.role_id = R.role_id\nWHERE \n    U.user_id = $1 \n    AND U.status IN (1, 4)\n","values":[5]} 
2026-02-21 14:56:08 [nmbp-admin-profile-backend] debug: adminRepository :: getLoggedInUserInfo :: db result :: [{"user_id":5,"user_name":"9888888888","dob":null,"gender":null,"email_id":"pillirajesh@ymail.com","first_name":"Venkat","last_name":"Rao","mobile_number":"9888888888","display_name":"Venkat Rao","role_id":12,"role_name":"State Nodal Officer (SNO)","profile_pic_url":null}] 
2026-02-21 14:56:08 [nmbp-admin-profile-backend] debug: adminService :: getLoggedInUserInfo :: user :: {"user_id":5,"user_name":"9888888888","dob":null,"gender":null,"email_id":"pillirajesh@ymail.com","first_name":"Venkat","last_name":"Rao","mobile_number":"9888888888","display_name":"Venkat Rao","role_id":12,"role_name":"State Nodal Officer (SNO)","profile_pic_url":null} 
2026-02-21 14:56:26 [nmbp-admin-profile-backend] info: >>>>>>>>>>>>>>>>>>>>>>>>>>>>>>>>>>>>>>>>>>>>>>> 
2026-02-21 14:56:26 [nmbp-admin-profile-backend] info: Read Token Successfully for User : 8766516289 
2026-02-21 14:56:26 [nmbp-admin-profile-backend] info: adminController :: getLoggedInUserInfo :: Request Received  
2026-02-21 14:56:26 [nmbp-admin-profile-backend] info: adminService :: getLoggedInUserInfo :: Request received :: user_id :: 3 
2026-02-21 14:56:26 [nmbp-admin-profile-backend] debug: adminService :: getLoggedInUserInfo :: cachedResult :: false 
2026-02-21 14:56:26 [nmbp-admin-profile-backend] debug: adminRepository :: getLoggedInUserInfo :: query :: {"text":"SELECT \n    U.user_id AS user_id,\n    U.user_name AS user_name,\n    TO_CHAR(U.dob, 'DD/MM/YYYY') AS dob,\n    U.gender AS gender,\n    U.email_id AS email_id,\n    U.first_name AS first_name,\n    U.last_name AS last_name,\n    U.mobile_number AS mobile_number,\n    U.display_name AS display_name,\n    R.role_id AS role_id,\n    R.role_name AS role_name,\n    U.profile_pic_url\nFROM \n    m_users U\nLEFT OUTER JOIN \n    m_roles R \nON \n    U.role_id = R.role_id\nWHERE \n    U.user_id = $1 \n    AND U.status IN (1, 4)\n","values":[3]} 
2026-02-21 14:56:26 [nmbp-admin-profile-backend] debug: adminRepository :: getLoggedInUserInfo :: db result :: [{"user_id":3,"user_name":"8766516289","dob":null,"gender":null,"email_id":"admin@gmail.com","first_name":"Rajesh","last_name":"Pilli","mobile_number":"8766516289","display_name":"Rajesh Pilli","role_id":8,"role_name":"Admin","profile_pic_url":null}] 
2026-02-21 14:56:26 [nmbp-admin-profile-backend] debug: adminService :: getLoggedInUserInfo :: user :: {"user_id":3,"user_name":"8766516289","dob":null,"gender":null,"email_id":"admin@gmail.com","first_name":"Rajesh","last_name":"Pilli","mobile_number":"8766516289","display_name":"Rajesh Pilli","role_id":8,"role_name":"Admin","profile_pic_url":null} 
2026-02-21 15:05:10 [nmbp-admin-profile-backend] info: >>>>>>>>>>>>>>>>>>>>>>>>>>>>>>>>>>>>>>>>>>>>>>> 
2026-02-21 15:05:10 [nmbp-admin-profile-backend] info: Read Token Successfully for User : 8766516289 
2026-02-21 15:05:10 [nmbp-admin-profile-backend] info: adminController :: getLoggedInUserInfo :: Request Received  
2026-02-21 15:05:10 [nmbp-admin-profile-backend] info: adminService :: getLoggedInUserInfo :: Request received :: user_id :: 3 
2026-02-21 15:05:10 [nmbp-admin-profile-backend] debug: adminService :: getLoggedInUserInfo :: cachedResult :: false 
2026-02-21 15:05:10 [nmbp-admin-profile-backend] debug: adminRepository :: getLoggedInUserInfo :: query :: {"text":"SELECT \n    U.user_id AS user_id,\n    U.user_name AS user_name,\n    TO_CHAR(U.dob, 'DD/MM/YYYY') AS dob,\n    U.gender AS gender,\n    U.email_id AS email_id,\n    U.first_name AS first_name,\n    U.last_name AS last_name,\n    U.mobile_number AS mobile_number,\n    U.display_name AS display_name,\n    R.role_id AS role_id,\n    R.role_name AS role_name,\n    U.profile_pic_url\nFROM \n    m_users U\nLEFT OUTER JOIN \n    m_roles R \nON \n    U.role_id = R.role_id\nWHERE \n    U.user_id = $1 \n    AND U.status IN (1, 4)\n","values":[3]} 
2026-02-21 15:05:10 [nmbp-admin-profile-backend] debug: adminRepository :: getLoggedInUserInfo :: db result :: [{"user_id":3,"user_name":"8766516289","dob":null,"gender":null,"email_id":"admin@gmail.com","first_name":"Rajesh","last_name":"Pilli","mobile_number":"8766516289","display_name":"Rajesh Pilli","role_id":8,"role_name":"Admin","profile_pic_url":null}] 
2026-02-21 15:05:10 [nmbp-admin-profile-backend] debug: adminService :: getLoggedInUserInfo :: user :: {"user_id":3,"user_name":"8766516289","dob":null,"gender":null,"email_id":"admin@gmail.com","first_name":"Rajesh","last_name":"Pilli","mobile_number":"8766516289","display_name":"Rajesh Pilli","role_id":8,"role_name":"Admin","profile_pic_url":null} 
2026-02-21 15:07:22 [nmbp-admin-profile-backend] info: >>>>>>>>>>>>>>>>>>>>>>>>>>>>>>>>>>>>>>>>>>>>>>> 
2026-02-21 15:07:22 [nmbp-admin-profile-backend] info: Read Token Successfully for User : 8766516289 
2026-02-21 15:07:22 [nmbp-admin-profile-backend] info: adminController :: getLoggedInUserInfo :: Request Received  
2026-02-21 15:07:22 [nmbp-admin-profile-backend] info: adminService :: getLoggedInUserInfo :: Request received :: user_id :: 3 
2026-02-21 15:07:22 [nmbp-admin-profile-backend] debug: adminService :: getLoggedInUserInfo :: cachedResult :: false 
2026-02-21 15:07:22 [nmbp-admin-profile-backend] debug: adminRepository :: getLoggedInUserInfo :: query :: {"text":"SELECT \n    U.user_id AS user_id,\n    U.user_name AS user_name,\n    TO_CHAR(U.dob, 'DD/MM/YYYY') AS dob,\n    U.gender AS gender,\n    U.email_id AS email_id,\n    U.first_name AS first_name,\n    U.last_name AS last_name,\n    U.mobile_number AS mobile_number,\n    U.display_name AS display_name,\n    R.role_id AS role_id,\n    R.role_name AS role_name,\n    U.profile_pic_url\nFROM \n    m_users U\nLEFT OUTER JOIN \n    m_roles R \nON \n    U.role_id = R.role_id\nWHERE \n    U.user_id = $1 \n    AND U.status IN (1, 4)\n","values":[3]} 
2026-02-21 15:07:22 [nmbp-admin-profile-backend] debug: adminRepository :: getLoggedInUserInfo :: db result :: [{"user_id":3,"user_name":"8766516289","dob":null,"gender":null,"email_id":"admin@gmail.com","first_name":"Rajesh","last_name":"Pilli","mobile_number":"8766516289","display_name":"Rajesh Pilli","role_id":8,"role_name":"Admin","profile_pic_url":null}] 
2026-02-21 15:07:22 [nmbp-admin-profile-backend] debug: adminService :: getLoggedInUserInfo :: user :: {"user_id":3,"user_name":"8766516289","dob":null,"gender":null,"email_id":"admin@gmail.com","first_name":"Rajesh","last_name":"Pilli","mobile_number":"8766516289","display_name":"Rajesh Pilli","role_id":8,"role_name":"Admin","profile_pic_url":null} 
2026-02-21 15:07:44 [nmbp-admin-profile-backend] info: >>>>>>>>>>>>>>>>>>>>>>>>>>>>>>>>>>>>>>>>>>>>>>> 
2026-02-21 15:07:44 [nmbp-admin-profile-backend] info: Read Token Successfully for User : 8766516289 
2026-02-21 15:07:44 [nmbp-admin-profile-backend] info: adminController :: getLoggedInUserInfo :: Request Received  
2026-02-21 15:07:44 [nmbp-admin-profile-backend] info: adminService :: getLoggedInUserInfo :: Request received :: user_id :: 3 
2026-02-21 15:07:44 [nmbp-admin-profile-backend] debug: adminService :: getLoggedInUserInfo :: cachedResult :: false 
2026-02-21 15:07:44 [nmbp-admin-profile-backend] debug: adminRepository :: getLoggedInUserInfo :: query :: {"text":"SELECT \n    U.user_id AS user_id,\n    U.user_name AS user_name,\n    TO_CHAR(U.dob, 'DD/MM/YYYY') AS dob,\n    U.gender AS gender,\n    U.email_id AS email_id,\n    U.first_name AS first_name,\n    U.last_name AS last_name,\n    U.mobile_number AS mobile_number,\n    U.display_name AS display_name,\n    R.role_id AS role_id,\n    R.role_name AS role_name,\n    U.profile_pic_url\nFROM \n    m_users U\nLEFT OUTER JOIN \n    m_roles R \nON \n    U.role_id = R.role_id\nWHERE \n    U.user_id = $1 \n    AND U.status IN (1, 4)\n","values":[3]} 
2026-02-21 15:07:44 [nmbp-admin-profile-backend] debug: adminRepository :: getLoggedInUserInfo :: db result :: [{"user_id":3,"user_name":"8766516289","dob":null,"gender":null,"email_id":"admin@gmail.com","first_name":"Rajesh","last_name":"Pilli","mobile_number":"8766516289","display_name":"Rajesh Pilli","role_id":8,"role_name":"Admin","profile_pic_url":null}] 
2026-02-21 15:07:44 [nmbp-admin-profile-backend] debug: adminService :: getLoggedInUserInfo :: user :: {"user_id":3,"user_name":"8766516289","dob":null,"gender":null,"email_id":"admin@gmail.com","first_name":"Rajesh","last_name":"Pilli","mobile_number":"8766516289","display_name":"Rajesh Pilli","role_id":8,"role_name":"Admin","profile_pic_url":null} 
2026-02-21 18:18:21 [nmbp-admin-profile-backend] info: >>>>>>>>>>>>>>>>>>>>>>>>>>>>>>>>>>>>>>>>>>>>>>> 
2026-02-21 18:18:21 [nmbp-admin-profile-backend] info: Read Token Successfully for User : 8766516289 
2026-02-21 18:18:21 [nmbp-admin-profile-backend] info: adminController :: getLoggedInUserInfo :: Request Received  
2026-02-21 18:18:21 [nmbp-admin-profile-backend] info: adminService :: getLoggedInUserInfo :: Request received :: user_id :: 3 
2026-02-21 18:18:21 [nmbp-admin-profile-backend] debug: adminService :: getLoggedInUserInfo :: cachedResult :: false 
2026-02-21 18:18:21 [nmbp-admin-profile-backend] debug: adminRepository :: getLoggedInUserInfo :: query :: {"text":"SELECT \n    U.user_id AS user_id,\n    U.user_name AS user_name,\n    TO_CHAR(U.dob, 'DD/MM/YYYY') AS dob,\n    U.gender AS gender,\n    U.email_id AS email_id,\n    U.first_name AS first_name,\n    U.last_name AS last_name,\n    U.mobile_number AS mobile_number,\n    U.display_name AS display_name,\n    R.role_id AS role_id,\n    R.role_name AS role_name,\n    U.profile_pic_url\nFROM \n    m_users U\nLEFT OUTER JOIN \n    m_roles R \nON \n    U.role_id = R.role_id\nWHERE \n    U.user_id = $1 \n    AND U.status IN (1, 4)\n","values":[3]} 
2026-02-21 18:18:21 [nmbp-admin-profile-backend] debug: adminRepository :: getLoggedInUserInfo :: db result :: [{"user_id":3,"user_name":"8766516289","dob":null,"gender":null,"email_id":"admin@gmail.com","first_name":"Rajesh","last_name":"Pilli","mobile_number":"8766516289","display_name":"Rajesh Pilli","role_id":8,"role_name":"Admin","profile_pic_url":null}] 
2026-02-21 18:18:21 [nmbp-admin-profile-backend] debug: adminService :: getLoggedInUserInfo :: user :: {"user_id":3,"user_name":"8766516289","dob":null,"gender":null,"email_id":"admin@gmail.com","first_name":"Rajesh","last_name":"Pilli","mobile_number":"8766516289","display_name":"Rajesh Pilli","role_id":8,"role_name":"Admin","profile_pic_url":null} 
2026-02-21 20:21:19 [nmbp-admin-profile-backend] info: >>>>>>>>>>>>>>>>>>>>>>>>>>>>>>>>>>>>>>>>>>>>>>> 
2026-02-21 20:21:19 [nmbp-admin-profile-backend] info: Read Token Successfully for User : 8766516289 
2026-02-21 20:21:19 [nmbp-admin-profile-backend] info: adminController :: getLoggedInUserInfo :: Request Received  
2026-02-21 20:21:19 [nmbp-admin-profile-backend] info: adminService :: getLoggedInUserInfo :: Request received :: user_id :: 3 
2026-02-21 20:21:19 [nmbp-admin-profile-backend] debug: adminService :: getLoggedInUserInfo :: cachedResult :: false 
2026-02-21 20:21:19 [nmbp-admin-profile-backend] debug: adminRepository :: getLoggedInUserInfo :: query :: {"text":"SELECT \n    U.user_id AS user_id,\n    U.user_name AS user_name,\n    TO_CHAR(U.dob, 'DD/MM/YYYY') AS dob,\n    U.gender AS gender,\n    U.email_id AS email_id,\n    U.first_name AS first_name,\n    U.last_name AS last_name,\n    U.mobile_number AS mobile_number,\n    U.display_name AS display_name,\n    R.role_id AS role_id,\n    R.role_name AS role_name,\n    U.profile_pic_url\nFROM \n    m_users U\nLEFT OUTER JOIN \n    m_roles R \nON \n    U.role_id = R.role_id\nWHERE \n    U.user_id = $1 \n    AND U.status IN (1, 4)\n","values":[3]} 
2026-02-21 20:21:19 [nmbp-admin-profile-backend] debug: adminRepository :: getLoggedInUserInfo :: db result :: [{"user_id":3,"user_name":"8766516289","dob":null,"gender":null,"email_id":"admin@gmail.com","first_name":"Rajesh","last_name":"Pilli","mobile_number":"8766516289","display_name":"Rajesh Pilli","role_id":8,"role_name":"Admin","profile_pic_url":null}] 
2026-02-21 20:21:19 [nmbp-admin-profile-backend] debug: adminService :: getLoggedInUserInfo :: user :: {"user_id":3,"user_name":"8766516289","dob":null,"gender":null,"email_id":"admin@gmail.com","first_name":"Rajesh","last_name":"Pilli","mobile_number":"8766516289","display_name":"Rajesh Pilli","role_id":8,"role_name":"Admin","profile_pic_url":null} 
2026-02-21 20:21:46 [nmbp-admin-profile-backend] info: >>>>>>>>>>>>>>>>>>>>>>>>>>>>>>>>>>>>>>>>>>>>>>> 
2026-02-21 20:21:46 [nmbp-admin-profile-backend] info: Read Token Successfully for User : 8766516289 
2026-02-21 20:21:46 [nmbp-admin-profile-backend] info: adminController :: getLoggedInUserInfo :: Request Received  
2026-02-21 20:21:46 [nmbp-admin-profile-backend] info: adminService :: getLoggedInUserInfo :: Request received :: user_id :: 3 
2026-02-21 20:21:46 [nmbp-admin-profile-backend] debug: adminService :: getLoggedInUserInfo :: cachedResult :: false 
2026-02-21 20:21:46 [nmbp-admin-profile-backend] debug: adminRepository :: getLoggedInUserInfo :: query :: {"text":"SELECT \n    U.user_id AS user_id,\n    U.user_name AS user_name,\n    TO_CHAR(U.dob, 'DD/MM/YYYY') AS dob,\n    U.gender AS gender,\n    U.email_id AS email_id,\n    U.first_name AS first_name,\n    U.last_name AS last_name,\n    U.mobile_number AS mobile_number,\n    U.display_name AS display_name,\n    R.role_id AS role_id,\n    R.role_name AS role_name,\n    U.profile_pic_url\nFROM \n    m_users U\nLEFT OUTER JOIN \n    m_roles R \nON \n    U.role_id = R.role_id\nWHERE \n    U.user_id = $1 \n    AND U.status IN (1, 4)\n","values":[3]} 
2026-02-21 20:21:46 [nmbp-admin-profile-backend] debug: adminRepository :: getLoggedInUserInfo :: db result :: [{"user_id":3,"user_name":"8766516289","dob":null,"gender":null,"email_id":"admin@gmail.com","first_name":"Rajesh","last_name":"Pilli","mobile_number":"8766516289","display_name":"Rajesh Pilli","role_id":8,"role_name":"Admin","profile_pic_url":null}] 
2026-02-21 20:21:46 [nmbp-admin-profile-backend] debug: adminService :: getLoggedInUserInfo :: user :: {"user_id":3,"user_name":"8766516289","dob":null,"gender":null,"email_id":"admin@gmail.com","first_name":"Rajesh","last_name":"Pilli","mobile_number":"8766516289","display_name":"Rajesh Pilli","role_id":8,"role_name":"Admin","profile_pic_url":null} 
2026-02-21 20:25:01 [nmbp-admin-profile-backend] info: >>>>>>>>>>>>>>>>>>>>>>>>>>>>>>>>>>>>>>>>>>>>>>> 
2026-02-21 20:25:01 [nmbp-admin-profile-backend] info: Read Token Successfully for User : 8766516289 
2026-02-21 20:25:01 [nmbp-admin-profile-backend] info: adminController :: getLoggedInUserInfo :: Request Received  
2026-02-21 20:25:01 [nmbp-admin-profile-backend] info: adminService :: getLoggedInUserInfo :: Request received :: user_id :: 3 
2026-02-21 20:25:01 [nmbp-admin-profile-backend] debug: adminService :: getLoggedInUserInfo :: cachedResult :: false 
2026-02-21 20:25:01 [nmbp-admin-profile-backend] debug: adminRepository :: getLoggedInUserInfo :: query :: {"text":"SELECT \n    U.user_id AS user_id,\n    U.user_name AS user_name,\n    TO_CHAR(U.dob, 'DD/MM/YYYY') AS dob,\n    U.gender AS gender,\n    U.email_id AS email_id,\n    U.first_name AS first_name,\n    U.last_name AS last_name,\n    U.mobile_number AS mobile_number,\n    U.display_name AS display_name,\n    R.role_id AS role_id,\n    R.role_name AS role_name,\n    U.profile_pic_url\nFROM \n    m_users U\nLEFT OUTER JOIN \n    m_roles R \nON \n    U.role_id = R.role_id\nWHERE \n    U.user_id = $1 \n    AND U.status IN (1, 4)\n","values":[3]} 
2026-02-21 20:25:01 [nmbp-admin-profile-backend] debug: adminRepository :: getLoggedInUserInfo :: db result :: [{"user_id":3,"user_name":"8766516289","dob":null,"gender":null,"email_id":"admin@gmail.com","first_name":"Rajesh","last_name":"Pilli","mobile_number":"8766516289","display_name":"Rajesh Pilli","role_id":8,"role_name":"Admin","profile_pic_url":null}] 
2026-02-21 20:25:01 [nmbp-admin-profile-backend] debug: adminService :: getLoggedInUserInfo :: user :: {"user_id":3,"user_name":"8766516289","dob":null,"gender":null,"email_id":"admin@gmail.com","first_name":"Rajesh","last_name":"Pilli","mobile_number":"8766516289","display_name":"Rajesh Pilli","role_id":8,"role_name":"Admin","profile_pic_url":null} 
2026-02-21 20:31:37 [nmbp-admin-profile-backend] info: >>>>>>>>>>>>>>>>>>>>>>>>>>>>>>>>>>>>>>>>>>>>>>> 
2026-02-21 20:31:37 [nmbp-admin-profile-backend] info: Read Token Successfully for User : 8766516289 
2026-02-21 20:31:37 [nmbp-admin-profile-backend] info: adminController :: getLoggedInUserInfo :: Request Received  
2026-02-21 20:31:37 [nmbp-admin-profile-backend] info: adminService :: getLoggedInUserInfo :: Request received :: user_id :: 3 
2026-02-21 20:31:37 [nmbp-admin-profile-backend] debug: adminService :: getLoggedInUserInfo :: cachedResult :: false 
2026-02-21 20:31:37 [nmbp-admin-profile-backend] debug: adminRepository :: getLoggedInUserInfo :: query :: {"text":"SELECT \n    U.user_id AS user_id,\n    U.user_name AS user_name,\n    TO_CHAR(U.dob, 'DD/MM/YYYY') AS dob,\n    U.gender AS gender,\n    U.email_id AS email_id,\n    U.first_name AS first_name,\n    U.last_name AS last_name,\n    U.mobile_number AS mobile_number,\n    U.display_name AS display_name,\n    R.role_id AS role_id,\n    R.role_name AS role_name,\n    U.profile_pic_url\nFROM \n    m_users U\nLEFT OUTER JOIN \n    m_roles R \nON \n    U.role_id = R.role_id\nWHERE \n    U.user_id = $1 \n    AND U.status IN (1, 4)\n","values":[3]} 
2026-02-21 20:31:37 [nmbp-admin-profile-backend] debug: adminRepository :: getLoggedInUserInfo :: db result :: [{"user_id":3,"user_name":"8766516289","dob":null,"gender":null,"email_id":"admin@gmail.com","first_name":"Rajesh","last_name":"Pilli","mobile_number":"8766516289","display_name":"Rajesh Pilli","role_id":8,"role_name":"Admin","profile_pic_url":null}] 
2026-02-21 20:31:37 [nmbp-admin-profile-backend] debug: adminService :: getLoggedInUserInfo :: user :: {"user_id":3,"user_name":"8766516289","dob":null,"gender":null,"email_id":"admin@gmail.com","first_name":"Rajesh","last_name":"Pilli","mobile_number":"8766516289","display_name":"Rajesh Pilli","role_id":8,"role_name":"Admin","profile_pic_url":null} 
2026-02-21 20:40:33 [nmbp-admin-profile-backend] info: >>>>>>>>>>>>>>>>>>>>>>>>>>>>>>>>>>>>>>>>>>>>>>> 
2026-02-21 20:40:33 [nmbp-admin-profile-backend] info: Read Token Successfully for User : 8766516289 
2026-02-21 20:40:33 [nmbp-admin-profile-backend] info: adminController :: getLoggedInUserInfo :: Request Received  
2026-02-21 20:40:33 [nmbp-admin-profile-backend] info: adminService :: getLoggedInUserInfo :: Request received :: user_id :: 3 
2026-02-21 20:40:33 [nmbp-admin-profile-backend] debug: adminService :: getLoggedInUserInfo :: cachedResult :: false 
2026-02-21 20:40:33 [nmbp-admin-profile-backend] debug: adminRepository :: getLoggedInUserInfo :: query :: {"text":"SELECT \n    U.user_id AS user_id,\n    U.user_name AS user_name,\n    TO_CHAR(U.dob, 'DD/MM/YYYY') AS dob,\n    U.gender AS gender,\n    U.email_id AS email_id,\n    U.first_name AS first_name,\n    U.last_name AS last_name,\n    U.mobile_number AS mobile_number,\n    U.display_name AS display_name,\n    R.role_id AS role_id,\n    R.role_name AS role_name,\n    U.profile_pic_url\nFROM \n    m_users U\nLEFT OUTER JOIN \n    m_roles R \nON \n    U.role_id = R.role_id\nWHERE \n    U.user_id = $1 \n    AND U.status IN (1, 4)\n","values":[3]} 
2026-02-21 20:40:34 [nmbp-admin-profile-backend] debug: adminRepository :: getLoggedInUserInfo :: db result :: [{"user_id":3,"user_name":"8766516289","dob":null,"gender":null,"email_id":"admin@gmail.com","first_name":"Rajesh","last_name":"Pilli","mobile_number":"8766516289","display_name":"Rajesh Pilli","role_id":8,"role_name":"Admin","profile_pic_url":null}] 
2026-02-21 20:40:34 [nmbp-admin-profile-backend] debug: adminService :: getLoggedInUserInfo :: user :: {"user_id":3,"user_name":"8766516289","dob":null,"gender":null,"email_id":"admin@gmail.com","first_name":"Rajesh","last_name":"Pilli","mobile_number":"8766516289","display_name":"Rajesh Pilli","role_id":8,"role_name":"Admin","profile_pic_url":null} 
2026-02-21 21:05:45 [nmbp-admin-profile-backend] info: >>>>>>>>>>>>>>>>>>>>>>>>>>>>>>>>>>>>>>>>>>>>>>> 
2026-02-21 21:05:45 [nmbp-admin-profile-backend] info: Read Token Successfully for User : 8766516289 
2026-02-21 21:05:45 [nmbp-admin-profile-backend] info: adminController :: getLoggedInUserInfo :: Request Received  
2026-02-21 21:05:45 [nmbp-admin-profile-backend] info: adminService :: getLoggedInUserInfo :: Request received :: user_id :: 3 
2026-02-21 21:05:45 [nmbp-admin-profile-backend] debug: adminService :: getLoggedInUserInfo :: cachedResult :: false 
2026-02-21 21:05:45 [nmbp-admin-profile-backend] debug: adminRepository :: getLoggedInUserInfo :: query :: {"text":"SELECT \n    U.user_id AS user_id,\n    U.user_name AS user_name,\n    TO_CHAR(U.dob, 'DD/MM/YYYY') AS dob,\n    U.gender AS gender,\n    U.email_id AS email_id,\n    U.first_name AS first_name,\n    U.last_name AS last_name,\n    U.mobile_number AS mobile_number,\n    U.display_name AS display_name,\n    R.role_id AS role_id,\n    R.role_name AS role_name,\n    U.profile_pic_url\nFROM \n    m_users U\nLEFT OUTER JOIN \n    m_roles R \nON \n    U.role_id = R.role_id\nWHERE \n    U.user_id = $1 \n    AND U.status IN (1, 4)\n","values":[3]} 
2026-02-21 21:05:45 [nmbp-admin-profile-backend] debug: adminRepository :: getLoggedInUserInfo :: db result :: [{"user_id":3,"user_name":"8766516289","dob":null,"gender":null,"email_id":"admin@gmail.com","first_name":"Rajesh","last_name":"Pilli","mobile_number":"8766516289","display_name":"Rajesh Pilli","role_id":8,"role_name":"Admin","profile_pic_url":null}] 
2026-02-21 21:05:45 [nmbp-admin-profile-backend] debug: adminService :: getLoggedInUserInfo :: user :: {"user_id":3,"user_name":"8766516289","dob":null,"gender":null,"email_id":"admin@gmail.com","first_name":"Rajesh","last_name":"Pilli","mobile_number":"8766516289","display_name":"Rajesh Pilli","role_id":8,"role_name":"Admin","profile_pic_url":null} 
2026-02-22 09:48:22 [nmbp-admin-profile-backend] info: redis :: Redis replica host not found. falling back to the primary redis host 
2026-02-22 09:48:23 [nmbp-admin-profile-backend] info: objectStorageUtility :: Using Minio 
2026-02-22 09:48:24 [nmbp-admin-profile-backend] info: app :: Server Started :: Listening to port [7002] 
2026-02-22 09:48:24 [nmbp-admin-profile-backend] info: redis :: redis client connected 
2026-02-22 09:48:24 [nmbp-admin-profile-backend] info: redis :: redis clientReader connected 
2026-02-22 09:48:24 [nmbp-admin-profile-backend] info: mongoDB :: Connected successfully to MongoDB server 
2026-02-22 09:48:24 [nmbp-admin-profile-backend] info: mongoDBRead :: Connected successfully to MongoDB Read server 
2026-02-22 09:51:01 [nmbp-admin-profile-backend] info: >>>>>>>>>>>>>>>>>>>>>>>>>>>>>>>>>>>>>>>>>>>>>>> 
2026-02-22 09:51:01 [nmbp-admin-profile-backend] info: Read Token Successfully for User : 8766516289 
2026-02-22 09:51:01 [nmbp-admin-profile-backend] info: adminController :: getLoggedInUserInfo :: Request Received  
2026-02-22 09:51:01 [nmbp-admin-profile-backend] info: adminService :: getLoggedInUserInfo :: Request received :: user_id :: 3 
2026-02-22 09:51:01 [nmbp-admin-profile-backend] debug: adminService :: getLoggedInUserInfo :: cachedResult :: {"user_id":3,"user_name":"8766516289","dob":null,"gender":null,"email_id":"admin@gmail.com","first_name":"Rajesh","last_name":"Pilli","mobile_number":"8766516289","display_name":"Rajesh Pilli","role_id":8,"role_name":"Admin","profile_pic_url":null} 
