2026-02-20 12:08:01 [nmbp-admin-backend] error: uncaughtException: тип Unable to compile TypeScript:
[96msrc/main/startup/routes.ts[0m:[93m9[0m:[93m31[0m - [91merror[0m[90m TS2307: [0mCannot find module '../api/routes/formBuilderRouter' or its corresponding type declarations.

[7m9[0m import formBuilderRouter from "../api/routes/formBuilderRouter";
[7m [0m [91m                              ~~~~~~~~~~~~~~~~~~~~~~~~~~~~~~~~~[0m
[96msrc/main/startup/routes.ts[0m:[93m10[0m:[93m27[0m - [91merror[0m[90m TS2307: [0mCannot find module '../api/routes/tenantsRouter' or its corresponding type declarations.

[7m10[0m import tenantsRouter from "../api/routes/tenantsRouter";
[7m  [0m [91m                          ~~~~~~~~~~~~~~~~~~~~~~~~~~~~~[0m
[96msrc/main/startup/routes.ts[0m:[93m11[0m:[93m28[0m - [91merror[0m[90m TS2307: [0mCannot find module '../api/routes/projectsRouter' or its corresponding type declarations.

[7m11[0m import projectsRouter from "../api/routes/projectsRouter";
[7m  [0m [91m                           ~~~~~~~~~~~~~~~~~~~~~~~~~~~~~~[0m

TSError: тип Unable to compile TypeScript:
[96msrc/main/startup/routes.ts[0m:[93m9[0m:[93m31[0m - [91merror[0m[90m TS2307: [0mCannot find module '../api/routes/formBuilderRouter' or its corresponding type declarations.

[7m9[0m import formBuilderRouter from "../api/routes/formBuilderRouter";
[7m [0m [91m                              ~~~~~~~~~~~~~~~~~~~~~~~~~~~~~~~~~[0m
[96msrc/main/startup/routes.ts[0m:[93m10[0m:[93m27[0m - [91merror[0m[90m TS2307: [0mCannot find module '../api/routes/tenantsRouter' or its corresponding type declarations.

[7m10[0m import tenantsRouter from "../api/routes/tenantsRouter";
[7m  [0m [91m                          ~~~~~~~~~~~~~~~~~~~~~~~~~~~~~[0m
[96msrc/main/startup/routes.ts[0m:[93m11[0m:[93m28[0m - [91merror[0m[90m TS2307: [0mCannot find module '../api/routes/projectsRouter' or its corresponding type declarations.

[7m11[0m import projectsRouter from "../api/routes/projectsRouter";
[7m  [0m [91m                           ~~~~~~~~~~~~~~~~~~~~~~~~~~~~~~[0m

    at createTSError (/home/pillirs/projects/nmbp/nmbp-admin-backend/node_modules/ts-node/src/index.ts:859:12)
    at reportTSError (/home/pillirs/projects/nmbp/nmbp-admin-backend/node_modules/ts-node/src/index.ts:863:19)
    at getOutput (/home/pillirs/projects/nmbp/nmbp-admin-backend/node_modules/ts-node/src/index.ts:1077:36)
    at Object.compile (/home/pillirs/projects/nmbp/nmbp-admin-backend/node_modules/ts-node/src/index.ts:1433:41)
    at Module.m._compile (/home/pillirs/projects/nmbp/nmbp-admin-backend/node_modules/ts-node/src/index.ts:1617:30)
    at Module._extensions..js (node:internal/modules/cjs/loader:1422:10)
    at Object.require.extensions.<computed> [as .ts] (/home/pillirs/projects/nmbp/nmbp-admin-backend/node_modules/ts-node/src/index.ts:1621:12)
    at Module.load (node:internal/modules/cjs/loader:1203:32)
    at Function.Module._load (node:internal/modules/cjs/loader:1019:12)
    at Module.require (node:internal/modules/cjs/loader:1231:19)
    at require (node:internal/modules/helpers:177:18)
    at Object.<anonymous> (/home/pillirs/projects/nmbp/nmbp-admin-backend/src/main/app.ts:13:1)
    at Module._compile (node:internal/modules/cjs/loader:1364:14)
    at Module.m._compile (/home/pillirs/projects/nmbp/nmbp-admin-backend/node_modules/ts-node/src/index.ts:1618:23)
    at Module._extensions..js (node:internal/modules/cjs/loader:1422:10)
    at Object.require.extensions.<computed> [as .ts] (/home/pillirs/projects/nmbp/nmbp-admin-backend/node_modules/ts-node/src/index.ts:1621:12) 
2026-02-20 12:23:20 [nmbp-admin-backend] error: uncaughtException: тип Unable to compile TypeScript:
[96msrc/main/startup/routes.ts[0m:[93m9[0m:[93m31[0m - [91merror[0m[90m TS2307: [0mCannot find module '../api/routes/formBuilderRouter' or its corresponding type declarations.

[7m9[0m import formBuilderRouter from "../api/routes/formBuilderRouter";
[7m [0m [91m                              ~~~~~~~~~~~~~~~~~~~~~~~~~~~~~~~~~[0m
[96msrc/main/startup/routes.ts[0m:[93m10[0m:[93m27[0m - [91merror[0m[90m TS2307: [0mCannot find module '../api/routes/tenantsRouter' or its corresponding type declarations.

[7m10[0m import tenantsRouter from "../api/routes/tenantsRouter";
[7m  [0m [91m                          ~~~~~~~~~~~~~~~~~~~~~~~~~~~~~[0m
[96msrc/main/startup/routes.ts[0m:[93m11[0m:[93m28[0m - [91merror[0m[90m TS2307: [0mCannot find module '../api/routes/projectsRouter' or its corresponding type declarations.

[7m11[0m import projectsRouter from "../api/routes/projectsRouter";
[7m  [0m [91m                           ~~~~~~~~~~~~~~~~~~~~~~~~~~~~~~[0m

TSError: тип Unable to compile TypeScript:
[96msrc/main/startup/routes.ts[0m:[93m9[0m:[93m31[0m - [91merror[0m[90m TS2307: [0mCannot find module '../api/routes/formBuilderRouter' or its corresponding type declarations.

[7m9[0m import formBuilderRouter from "../api/routes/formBuilderRouter";
[7m [0m [91m                              ~~~~~~~~~~~~~~~~~~~~~~~~~~~~~~~~~[0m
[96msrc/main/startup/routes.ts[0m:[93m10[0m:[93m27[0m - [91merror[0m[90m TS2307: [0mCannot find module '../api/routes/tenantsRouter' or its corresponding type declarations.

[7m10[0m import tenantsRouter from "../api/routes/tenantsRouter";
[7m  [0m [91m                          ~~~~~~~~~~~~~~~~~~~~~~~~~~~~~[0m
[96msrc/main/startup/routes.ts[0m:[93m11[0m:[93m28[0m - [91merror[0m[90m TS2307: [0mCannot find module '../api/routes/projectsRouter' or its corresponding type declarations.

[7m11[0m import projectsRouter from "../api/routes/projectsRouter";
[7m  [0m [91m                           ~~~~~~~~~~~~~~~~~~~~~~~~~~~~~~[0m

    at createTSError (/home/pillirs/projects/nmbp/nmbp-admin-backend/node_modules/ts-node/src/index.ts:859:12)
    at reportTSError (/home/pillirs/projects/nmbp/nmbp-admin-backend/node_modules/ts-node/src/index.ts:863:19)
    at getOutput (/home/pillirs/projects/nmbp/nmbp-admin-backend/node_modules/ts-node/src/index.ts:1077:36)
    at Object.compile (/home/pillirs/projects/nmbp/nmbp-admin-backend/node_modules/ts-node/src/index.ts:1433:41)
    at Module.m._compile (/home/pillirs/projects/nmbp/nmbp-admin-backend/node_modules/ts-node/src/index.ts:1617:30)
    at Module._extensions..js (node:internal/modules/cjs/loader:1422:10)
    at Object.require.extensions.<computed> [as .ts] (/home/pillirs/projects/nmbp/nmbp-admin-backend/node_modules/ts-node/src/index.ts:1621:12)
    at Module.load (node:internal/modules/cjs/loader:1203:32)
    at Function.Module._load (node:internal/modules/cjs/loader:1019:12)
    at Module.require (node:internal/modules/cjs/loader:1231:19)
    at require (node:internal/modules/helpers:177:18)
    at Object.<anonymous> (/home/pillirs/projects/nmbp/nmbp-admin-backend/src/main/app.ts:13:1)
    at Module._compile (node:internal/modules/cjs/loader:1364:14)
    at Module.m._compile (/home/pillirs/projects/nmbp/nmbp-admin-backend/node_modules/ts-node/src/index.ts:1618:23)
    at Module._extensions..js (node:internal/modules/cjs/loader:1422:10)
    at Object.require.extensions.<computed> [as .ts] (/home/pillirs/projects/nmbp/nmbp-admin-backend/node_modules/ts-node/src/index.ts:1621:12) 
2026-02-20 13:00:26 [nmbp-admin-backend] error: uncaughtException: тип Unable to compile TypeScript:
[96msrc/main/api/controllers/index.ts[0m:[93m6[0m:[93m31[0m - [91merror[0m[90m TS2307: [0mCannot find module './tenantsController' or its corresponding type declarations.

[7m6[0m import tenantsController from "./tenantsController";
[7m [0m [91m                              ~~~~~~~~~~~~~~~~~~~~~[0m
[96msrc/main/api/controllers/index.ts[0m:[93m7[0m:[93m32[0m - [91merror[0m[90m TS2307: [0mCannot find module './projectsController' or its corresponding type declarations.

[7m7[0m import projectsController from "./projectsController";
[7m [0m [91m                               ~~~~~~~~~~~~~~~~~~~~~~[0m
[96msrc/main/api/controllers/index.ts[0m:[93m8[0m:[93m35[0m - [91merror[0m[90m TS2307: [0mCannot find module './formBuilderController' or its corresponding type declarations.

[7m8[0m import formBuilderController from "./formBuilderController";
[7m [0m [91m                                  ~~~~~~~~~~~~~~~~~~~~~~~~~[0m

TSError: тип Unable to compile TypeScript:
[96msrc/main/api/controllers/index.ts[0m:[93m6[0m:[93m31[0m - [91merror[0m[90m TS2307: [0mCannot find module './tenantsController' or its corresponding type declarations.

[7m6[0m import tenantsController from "./tenantsController";
[7m [0m [91m                              ~~~~~~~~~~~~~~~~~~~~~[0m
[96msrc/main/api/controllers/index.ts[0m:[93m7[0m:[93m32[0m - [91merror[0m[90m TS2307: [0mCannot find module './projectsController' or its corresponding type declarations.

[7m7[0m import projectsController from "./projectsController";
[7m [0m [91m                               ~~~~~~~~~~~~~~~~~~~~~~[0m
[96msrc/main/api/controllers/index.ts[0m:[93m8[0m:[93m35[0m - [91merror[0m[90m TS2307: [0mCannot find module './formBuilderController' or its corresponding type declarations.

[7m8[0m import formBuilderController from "./formBuilderController";
[7m [0m [91m                                  ~~~~~~~~~~~~~~~~~~~~~~~~~[0m

    at createTSError (/home/pillirs/projects/nmbp/nmbp-admin-backend/node_modules/ts-node/src/index.ts:859:12)
    at reportTSError (/home/pillirs/projects/nmbp/nmbp-admin-backend/node_modules/ts-node/src/index.ts:863:19)
    at getOutput (/home/pillirs/projects/nmbp/nmbp-admin-backend/node_modules/ts-node/src/index.ts:1077:36)
    at Object.compile (/home/pillirs/projects/nmbp/nmbp-admin-backend/node_modules/ts-node/src/index.ts:1433:41)
    at Module.m._compile (/home/pillirs/projects/nmbp/nmbp-admin-backend/node_modules/ts-node/src/index.ts:1617:30)
    at Module._extensions..js (node:internal/modules/cjs/loader:1422:10)
    at Object.require.extensions.<computed> [as .ts] (/home/pillirs/projects/nmbp/nmbp-admin-backend/node_modules/ts-node/src/index.ts:1621:12)
    at Module.load (node:internal/modules/cjs/loader:1203:32)
    at Function.Module._load (node:internal/modules/cjs/loader:1019:12)
    at Module.require (node:internal/modules/cjs/loader:1231:19)
    at require (node:internal/modules/helpers:177:18)
    at Object.<anonymous> (/home/pillirs/projects/nmbp/nmbp-admin-backend/src/main/api/routes/adminRouter.ts:2:1)
    at Module._compile (node:internal/modules/cjs/loader:1364:14)
    at Module.m._compile (/home/pillirs/projects/nmbp/nmbp-admin-backend/node_modules/ts-node/src/index.ts:1618:23)
    at Module._extensions..js (node:internal/modules/cjs/loader:1422:10)
    at Object.require.extensions.<computed> [as .ts] (/home/pillirs/projects/nmbp/nmbp-admin-backend/node_modules/ts-node/src/index.ts:1621:12) 
2026-02-20 13:01:07 [nmbp-admin-backend] error: uncaughtException: тип Unable to compile TypeScript:
[96msrc/main/api/repositories/index.ts[0m:[93m5[0m:[93m35[0m - [91merror[0m[90m TS2307: [0mCannot find module './formBuilderRepository' or its corresponding type declarations.

[7m5[0m import formBuilderRepository from "./formBuilderRepository";
[7m [0m [91m                                  ~~~~~~~~~~~~~~~~~~~~~~~~~[0m

TSError: тип Unable to compile TypeScript:
[96msrc/main/api/repositories/index.ts[0m:[93m5[0m:[93m35[0m - [91merror[0m[90m TS2307: [0mCannot find module './formBuilderRepository' or its corresponding type declarations.

[7m5[0m import formBuilderRepository from "./formBuilderRepository";
[7m [0m [91m                                  ~~~~~~~~~~~~~~~~~~~~~~~~~[0m

    at createTSError (/home/pillirs/projects/nmbp/nmbp-admin-backend/node_modules/ts-node/src/index.ts:859:12)
    at reportTSError (/home/pillirs/projects/nmbp/nmbp-admin-backend/node_modules/ts-node/src/index.ts:863:19)
    at getOutput (/home/pillirs/projects/nmbp/nmbp-admin-backend/node_modules/ts-node/src/index.ts:1077:36)
    at Object.compile (/home/pillirs/projects/nmbp/nmbp-admin-backend/node_modules/ts-node/src/index.ts:1433:41)
    at Module.m._compile (/home/pillirs/projects/nmbp/nmbp-admin-backend/node_modules/ts-node/src/index.ts:1617:30)
    at Module._extensions..js (node:internal/modules/cjs/loader:1422:10)
    at Object.require.extensions.<computed> [as .ts] (/home/pillirs/projects/nmbp/nmbp-admin-backend/node_modules/ts-node/src/index.ts:1621:12)
    at Module.load (node:internal/modules/cjs/loader:1203:32)
    at Function.Module._load (node:internal/modules/cjs/loader:1019:12)
    at Module.require (node:internal/modules/cjs/loader:1231:19)
    at require (node:internal/modules/helpers:177:18)
    at Object.<anonymous> (/home/pillirs/projects/nmbp/nmbp-admin-backend/src/main/api/services/usersService.ts:16:1)
    at Module._compile (node:internal/modules/cjs/loader:1364:14)
    at Module.m._compile (/home/pillirs/projects/nmbp/nmbp-admin-backend/node_modules/ts-node/src/index.ts:1618:23)
    at Module._extensions..js (node:internal/modules/cjs/loader:1422:10)
    at Object.require.extensions.<computed> [as .ts] (/home/pillirs/projects/nmbp/nmbp-admin-backend/node_modules/ts-node/src/index.ts:1621:12) 
2026-02-20 13:01:19 [nmbp-admin-backend] error: uncaughtException: тип Unable to compile TypeScript:
[96msrc/main/api/repositories/index.ts[0m:[93m5[0m:[93m35[0m - [91merror[0m[90m TS2307: [0mCannot find module './formBuilderRepository' or its corresponding type declarations.

[7m5[0m import formBuilderRepository from "./formBuilderRepository";
[7m [0m [91m                                  ~~~~~~~~~~~~~~~~~~~~~~~~~[0m

TSError: тип Unable to compile TypeScript:
[96msrc/main/api/repositories/index.ts[0m:[93m5[0m:[93m35[0m - [91merror[0m[90m TS2307: [0mCannot find module './formBuilderRepository' or its corresponding type declarations.

[7m5[0m import formBuilderRepository from "./formBuilderRepository";
[7m [0m [91m                                  ~~~~~~~~~~~~~~~~~~~~~~~~~[0m

    at createTSError (/home/pillirs/projects/nmbp/nmbp-admin-backend/node_modules/ts-node/src/index.ts:859:12)
    at reportTSError (/home/pillirs/projects/nmbp/nmbp-admin-backend/node_modules/ts-node/src/index.ts:863:19)
    at getOutput (/home/pillirs/projects/nmbp/nmbp-admin-backend/node_modules/ts-node/src/index.ts:1077:36)
    at Object.compile (/home/pillirs/projects/nmbp/nmbp-admin-backend/node_modules/ts-node/src/index.ts:1433:41)
    at Module.m._compile (/home/pillirs/projects/nmbp/nmbp-admin-backend/node_modules/ts-node/src/index.ts:1617:30)
    at Module._extensions..js (node:internal/modules/cjs/loader:1422:10)
    at Object.require.extensions.<computed> [as .ts] (/home/pillirs/projects/nmbp/nmbp-admin-backend/node_modules/ts-node/src/index.ts:1621:12)
    at Module.load (node:internal/modules/cjs/loader:1203:32)
    at Function.Module._load (node:internal/modules/cjs/loader:1019:12)
    at Module.require (node:internal/modules/cjs/loader:1231:19)
    at require (node:internal/modules/helpers:177:18)
    at Object.<anonymous> (/home/pillirs/projects/nmbp/nmbp-admin-backend/src/main/api/services/usersService.ts:16:1)
    at Module._compile (node:internal/modules/cjs/loader:1364:14)
    at Module.m._compile (/home/pillirs/projects/nmbp/nmbp-admin-backend/node_modules/ts-node/src/index.ts:1618:23)
    at Module._extensions..js (node:internal/modules/cjs/loader:1422:10)
    at Object.require.extensions.<computed> [as .ts] (/home/pillirs/projects/nmbp/nmbp-admin-backend/node_modules/ts-node/src/index.ts:1621:12) 
2026-02-20 13:01:38 [nmbp-admin-backend] error: uncaughtException: тип Unable to compile TypeScript:
[96msrc/main/api/validations/index.ts[0m:[93m5[0m:[93m31[0m - [91merror[0m[90m TS2307: [0mCannot find module './tenantValidations' or its corresponding type declarations.

[7m5[0m import tenantValidations from "./tenantValidations";
[7m [0m [91m                              ~~~~~~~~~~~~~~~~~~~~~[0m
[96msrc/main/api/validations/index.ts[0m:[93m6[0m:[93m32[0m - [91merror[0m[90m TS2307: [0mCannot find module './projectValidations' or its corresponding type declarations.

[7m6[0m import projectValidations from "./projectValidations";
[7m [0m [91m                               ~~~~~~~~~~~~~~~~~~~~~~[0m
[96msrc/main/api/validations/index.ts[0m:[93m7[0m:[93m36[0m - [91merror[0m[90m TS2307: [0mCannot find module './formBuilderValidations' or its corresponding type declarations.

[7m7[0m import formBuilderValidations from "./formBuilderValidations";
[7m [0m [91m                                   ~~~~~~~~~~~~~~~~~~~~~~~~~~[0m

TSError: тип Unable to compile TypeScript:
[96msrc/main/api/validations/index.ts[0m:[93m5[0m:[93m31[0m - [91merror[0m[90m TS2307: [0mCannot find module './tenantValidations' or its corresponding type declarations.

[7m5[0m import tenantValidations from "./tenantValidations";
[7m [0m [91m                              ~~~~~~~~~~~~~~~~~~~~~[0m
[96msrc/main/api/validations/index.ts[0m:[93m6[0m:[93m32[0m - [91merror[0m[90m TS2307: [0mCannot find module './projectValidations' or its corresponding type declarations.

[7m6[0m import projectValidations from "./projectValidations";
[7m [0m [91m                               ~~~~~~~~~~~~~~~~~~~~~~[0m
[96msrc/main/api/validations/index.ts[0m:[93m7[0m:[93m36[0m - [91merror[0m[90m TS2307: [0mCannot find module './formBuilderValidations' or its corresponding type declarations.

[7m7[0m import formBuilderValidations from "./formBuilderValidations";
[7m [0m [91m                                   ~~~~~~~~~~~~~~~~~~~~~~~~~~[0m

    at createTSError (/home/pillirs/projects/nmbp/nmbp-admin-backend/node_modules/ts-node/src/index.ts:859:12)
    at reportTSError (/home/pillirs/projects/nmbp/nmbp-admin-backend/node_modules/ts-node/src/index.ts:863:19)
    at getOutput (/home/pillirs/projects/nmbp/nmbp-admin-backend/node_modules/ts-node/src/index.ts:1077:36)
    at Object.compile (/home/pillirs/projects/nmbp/nmbp-admin-backend/node_modules/ts-node/src/index.ts:1433:41)
    at Module.m._compile (/home/pillirs/projects/nmbp/nmbp-admin-backend/node_modules/ts-node/src/index.ts:1617:30)
    at Module._extensions..js (node:internal/modules/cjs/loader:1422:10)
    at Object.require.extensions.<computed> [as .ts] (/home/pillirs/projects/nmbp/nmbp-admin-backend/node_modules/ts-node/src/index.ts:1621:12)
    at Module.load (node:internal/modules/cjs/loader:1203:32)
    at Function.Module._load (node:internal/modules/cjs/loader:1019:12)
    at Module.require (node:internal/modules/cjs/loader:1231:19)
    at require (node:internal/modules/helpers:177:18)
    at Object.<anonymous> (/home/pillirs/projects/nmbp/nmbp-admin-backend/src/main/api/controllers/usersController.ts:9:1)
    at Module._compile (node:internal/modules/cjs/loader:1364:14)
    at Module.m._compile (/home/pillirs/projects/nmbp/nmbp-admin-backend/node_modules/ts-node/src/index.ts:1618:23)
    at Module._extensions..js (node:internal/modules/cjs/loader:1422:10)
    at Object.require.extensions.<computed> [as .ts] (/home/pillirs/projects/nmbp/nmbp-admin-backend/node_modules/ts-node/src/index.ts:1621:12) 
2026-02-20 13:14:12 [nmbp-admin-backend] error: redis :: redis replica connection error ::  Error: Redis connection to 127.0.0.1:6379 failed - connect ECONNREFUSED 127.0.0.1:6379 
2026-02-20 13:14:12 [nmbp-admin-backend] error: uncaughtException: Redis connection to 127.0.0.1:6379 failed - connect ECONNREFUSED 127.0.0.1:6379
Error: connect ECONNREFUSED 127.0.0.1:6379
    at TCPConnectWrap.afterConnect [as oncomplete] (node:net:1555:16) 
2026-02-21 12:06:58 [nmbp-admin-backend] error: nodemailerUtils :: sendEmail :: Email Sent Failed :: Error: Invalid login: 535-5.7.8 Username and Password not accepted. For more information, go to
535 5.7.8  https://support.google.com/mail/?p=BadCredentials d9443c01a7336-2ad75029f11sm12914535ad.69 - gsmtp 
2026-02-21 12:06:58 [nmbp-admin-backend] error: usersService :: sharePasswordToUser :: passwordDetails :: [object Object] :: Error :: Invalid login: 535-5.7.8 Username and Password not accepted. For more information, go to
535 5.7.8  https://support.google.com/mail/?p=BadCredentials d9443c01a7336-2ad75029f11sm12914535ad.69 - gsmtp :: Error: Invalid login: 535-5.7.8 Username and Password not accepted. For more information, go to
535 5.7.8  https://support.google.com/mail/?p=BadCredentials d9443c01a7336-2ad75029f11sm12914535ad.69 - gsmtp 
2026-02-21 12:06:58 [nmbp-admin-backend] error: usersService :: createUser :: user :: {"user_name":"9888888888","display_name":"Rajesh Pilli","first_name":"Rajesh","last_name":"Pilli","mobile_number":"9888888888","email_id":"pillirajesh@ymail.com","role_id":12,"status":1,"created_by":1,"updated_by":1}  :: Failed to send password notification :: Invalid login: 535-5.7.8 Username and Password not accepted. For more information, go to
535 5.7.8  https://support.google.com/mail/?p=BadCredentials d9443c01a7336-2ad75029f11sm12914535ad.69 - gsmtp 
2026-02-21 12:08:42 [nmbp-admin-backend] error: nodemailerUtils :: sendEmail :: Email Sent Failed :: Error: Invalid login: 535-5.7.8 Username and Password not accepted. For more information, go to
535 5.7.8  https://support.google.com/mail/?p=BadCredentials d9443c01a7336-2ad75029f11sm12977405ad.69 - gsmtp 
2026-02-21 12:08:42 [nmbp-admin-backend] error: usersService :: sharePasswordToUser :: passwordDetails :: [object Object] :: Error :: Invalid login: 535-5.7.8 Username and Password not accepted. For more information, go to
535 5.7.8  https://support.google.com/mail/?p=BadCredentials d9443c01a7336-2ad75029f11sm12977405ad.69 - gsmtp :: Error: Invalid login: 535-5.7.8 Username and Password not accepted. For more information, go to
535 5.7.8  https://support.google.com/mail/?p=BadCredentials d9443c01a7336-2ad75029f11sm12977405ad.69 - gsmtp 
2026-02-21 12:08:42 [nmbp-admin-backend] error: usersService :: createUser :: user :: {"user_name":"9777777777","display_name":"Priya Rao","first_name":"Priya","last_name":"Rao","mobile_number":"9777777777","email_id":"priya@gmamil.com","role_id":13,"status":1,"created_by":1,"updated_by":1}  :: Failed to send password notification :: Invalid login: 535-5.7.8 Username and Password not accepted. For more information, go to
535 5.7.8  https://support.google.com/mail/?p=BadCredentials d9443c01a7336-2ad75029f11sm12977405ad.69 - gsmtp 
2026-02-22 12:20:11 [nmbp-admin-backend] error: uncaughtException: тип Unable to compile TypeScript:
[96msrc/main/startup/routes.ts[0m:[93m9[0m:[93m26[0m - [91merror[0m[90m TS2306: [0mFile '/home/pillirs/projects/nmbp/nmbp-admin-backend/src/main/api/routes/masterRouter.ts' is not a module.

[7m9[0m import masterRouter from "../api/routes/masterRouter";
[7m [0m [91m                         ~~~~~~~~~~~~~~~~~~~~~~~~~~~~[0m

TSError: тип Unable to compile TypeScript:
[96msrc/main/startup/routes.ts[0m:[93m9[0m:[93m26[0m - [91merror[0m[90m TS2306: [0mFile '/home/pillirs/projects/nmbp/nmbp-admin-backend/src/main/api/routes/masterRouter.ts' is not a module.

[7m9[0m import masterRouter from "../api/routes/masterRouter";
[7m [0m [91m                         ~~~~~~~~~~~~~~~~~~~~~~~~~~~~[0m

    at createTSError (/home/pillirs/projects/nmbp/nmbp-admin-backend/node_modules/ts-node/src/index.ts:859:12)
    at reportTSError (/home/pillirs/projects/nmbp/nmbp-admin-backend/node_modules/ts-node/src/index.ts:863:19)
    at getOutput (/home/pillirs/projects/nmbp/nmbp-admin-backend/node_modules/ts-node/src/index.ts:1077:36)
    at Object.compile (/home/pillirs/projects/nmbp/nmbp-admin-backend/node_modules/ts-node/src/index.ts:1433:41)
    at Module.m._compile (/home/pillirs/projects/nmbp/nmbp-admin-backend/node_modules/ts-node/src/index.ts:1617:30)
    at Module._extensions..js (node:internal/modules/cjs/loader:1422:10)
    at Object.require.extensions.<computed> [as .ts] (/home/pillirs/projects/nmbp/nmbp-admin-backend/node_modules/ts-node/src/index.ts:1621:12)
    at Module.load (node:internal/modules/cjs/loader:1203:32)
    at Function.Module._load (node:internal/modules/cjs/loader:1019:12)
    at Module.require (node:internal/modules/cjs/loader:1231:19)
    at require (node:internal/modules/helpers:177:18)
    at Object.<anonymous> (/home/pillirs/projects/nmbp/nmbp-admin-backend/src/main/app.ts:13:1)
    at Module._compile (node:internal/modules/cjs/loader:1364:14)
    at Module.m._compile (/home/pillirs/projects/nmbp/nmbp-admin-backend/node_modules/ts-node/src/index.ts:1618:23)
    at Module._extensions..js (node:internal/modules/cjs/loader:1422:10)
    at Object.require.extensions.<computed> [as .ts] (/home/pillirs/projects/nmbp/nmbp-admin-backend/node_modules/ts-node/src/index.ts:1621:12) 
2026-02-22 12:20:33 [nmbp-admin-backend] error: uncaughtException: тип Unable to compile TypeScript:
[96msrc/main/startup/routes.ts[0m:[93m9[0m:[93m26[0m - [91merror[0m[90m TS2306: [0mFile '/home/pillirs/projects/nmbp/nmbp-admin-backend/src/main/api/routes/masterRouter.ts' is not a module.

[7m9[0m import masterRouter from "../api/routes/masterRouter";
[7m [0m [91m                         ~~~~~~~~~~~~~~~~~~~~~~~~~~~~[0m

TSError: тип Unable to compile TypeScript:
[96msrc/main/startup/routes.ts[0m:[93m9[0m:[93m26[0m - [91merror[0m[90m TS2306: [0mFile '/home/pillirs/projects/nmbp/nmbp-admin-backend/src/main/api/routes/masterRouter.ts' is not a module.

[7m9[0m import masterRouter from "../api/routes/masterRouter";
[7m [0m [91m                         ~~~~~~~~~~~~~~~~~~~~~~~~~~~~[0m

    at createTSError (/home/pillirs/projects/nmbp/nmbp-admin-backend/node_modules/ts-node/src/index.ts:859:12)
    at reportTSError (/home/pillirs/projects/nmbp/nmbp-admin-backend/node_modules/ts-node/src/index.ts:863:19)
    at getOutput (/home/pillirs/projects/nmbp/nmbp-admin-backend/node_modules/ts-node/src/index.ts:1077:36)
    at Object.compile (/home/pillirs/projects/nmbp/nmbp-admin-backend/node_modules/ts-node/src/index.ts:1433:41)
    at Module.m._compile (/home/pillirs/projects/nmbp/nmbp-admin-backend/node_modules/ts-node/src/index.ts:1617:30)
    at Module._extensions..js (node:internal/modules/cjs/loader:1422:10)
    at Object.require.extensions.<computed> [as .ts] (/home/pillirs/projects/nmbp/nmbp-admin-backend/node_modules/ts-node/src/index.ts:1621:12)
    at Module.load (node:internal/modules/cjs/loader:1203:32)
    at Function.Module._load (node:internal/modules/cjs/loader:1019:12)
    at Module.require (node:internal/modules/cjs/loader:1231:19)
    at require (node:internal/modules/helpers:177:18)
    at Object.<anonymous> (/home/pillirs/projects/nmbp/nmbp-admin-backend/src/main/app.ts:13:1)
    at Module._compile (node:internal/modules/cjs/loader:1364:14)
    at Module.m._compile (/home/pillirs/projects/nmbp/nmbp-admin-backend/node_modules/ts-node/src/index.ts:1618:23)
    at Module._extensions..js (node:internal/modules/cjs/loader:1422:10)
    at Object.require.extensions.<computed> [as .ts] (/home/pillirs/projects/nmbp/nmbp-admin-backend/node_modules/ts-node/src/index.ts:1621:12) 
2026-02-22 12:25:48 [nmbp-admin-backend] error: uncaughtException: тип Unable to compile TypeScript:
[96msrc/main/api/routes/masterRouter.ts[0m:[93m2[0m:[93m30[0m - [91merror[0m[90m TS2306: [0mFile '/home/pillirs/projects/nmbp/nmbp-admin-backend/src/main/api/controllers/masterController.ts' is not a module.

[7m2[0m import masterController from "../controllers/masterController";
[7m [0m [91m                             ~~~~~~~~~~~~~~~~~~~~~~~~~~~~~~~~~[0m

TSError: тип Unable to compile TypeScript:
[96msrc/main/api/routes/masterRouter.ts[0m:[93m2[0m:[93m30[0m - [91merror[0m[90m TS2306: [0mFile '/home/pillirs/projects/nmbp/nmbp-admin-backend/src/main/api/controllers/masterController.ts' is not a module.

[7m2[0m import masterController from "../controllers/masterController";
[7m [0m [91m                             ~~~~~~~~~~~~~~~~~~~~~~~~~~~~~~~~~[0m

    at createTSError (/home/pillirs/projects/nmbp/nmbp-admin-backend/node_modules/ts-node/src/index.ts:859:12)
    at reportTSError (/home/pillirs/projects/nmbp/nmbp-admin-backend/node_modules/ts-node/src/index.ts:863:19)
    at getOutput (/home/pillirs/projects/nmbp/nmbp-admin-backend/node_modules/ts-node/src/index.ts:1077:36)
    at Object.compile (/home/pillirs/projects/nmbp/nmbp-admin-backend/node_modules/ts-node/src/index.ts:1433:41)
    at Module.m._compile (/home/pillirs/projects/nmbp/nmbp-admin-backend/node_modules/ts-node/src/index.ts:1617:30)
    at Module._extensions..js (node:internal/modules/cjs/loader:1422:10)
    at Object.require.extensions.<computed> [as .ts] (/home/pillirs/projects/nmbp/nmbp-admin-backend/node_modules/ts-node/src/index.ts:1621:12)
    at Module.load (node:internal/modules/cjs/loader:1203:32)
    at Function.Module._load (node:internal/modules/cjs/loader:1019:12)
    at Module.require (node:internal/modules/cjs/loader:1231:19)
    at require (node:internal/modules/helpers:177:18)
    at Object.<anonymous> (/home/pillirs/projects/nmbp/nmbp-admin-backend/src/main/startup/routes.ts:9:1)
    at Module._compile (node:internal/modules/cjs/loader:1364:14)
    at Module.m._compile (/home/pillirs/projects/nmbp/nmbp-admin-backend/node_modules/ts-node/src/index.ts:1618:23)
    at Module._extensions..js (node:internal/modules/cjs/loader:1422:10)
    at Object.require.extensions.<computed> [as .ts] (/home/pillirs/projects/nmbp/nmbp-admin-backend/node_modules/ts-node/src/index.ts:1621:12) 
2026-02-22 12:26:07 [nmbp-admin-backend] error: uncaughtException: тип Unable to compile TypeScript:
[96msrc/main/api/controllers/index.ts[0m:[93m6[0m:[93m30[0m - [91merror[0m[90m TS2306: [0mFile '/home/pillirs/projects/nmbp/nmbp-admin-backend/src/main/api/controllers/masterController.ts' is not a module.

[7m6[0m import masterController from "./masterController";
[7m [0m [91m                             ~~~~~~~~~~~~~~~~~~~~[0m

TSError: тип Unable to compile TypeScript:
[96msrc/main/api/controllers/index.ts[0m:[93m6[0m:[93m30[0m - [91merror[0m[90m TS2306: [0mFile '/home/pillirs/projects/nmbp/nmbp-admin-backend/src/main/api/controllers/masterController.ts' is not a module.

[7m6[0m import masterController from "./masterController";
[7m [0m [91m                             ~~~~~~~~~~~~~~~~~~~~[0m

    at createTSError (/home/pillirs/projects/nmbp/nmbp-admin-backend/node_modules/ts-node/src/index.ts:859:12)
    at reportTSError (/home/pillirs/projects/nmbp/nmbp-admin-backend/node_modules/ts-node/src/index.ts:863:19)
    at getOutput (/home/pillirs/projects/nmbp/nmbp-admin-backend/node_modules/ts-node/src/index.ts:1077:36)
    at Object.compile (/home/pillirs/projects/nmbp/nmbp-admin-backend/node_modules/ts-node/src/index.ts:1433:41)
    at Module.m._compile (/home/pillirs/projects/nmbp/nmbp-admin-backend/node_modules/ts-node/src/index.ts:1617:30)
    at Module._extensions..js (node:internal/modules/cjs/loader:1422:10)
    at Object.require.extensions.<computed> [as .ts] (/home/pillirs/projects/nmbp/nmbp-admin-backend/node_modules/ts-node/src/index.ts:1621:12)
    at Module.load (node:internal/modules/cjs/loader:1203:32)
    at Function.Module._load (node:internal/modules/cjs/loader:1019:12)
    at Module.require (node:internal/modules/cjs/loader:1231:19)
    at require (node:internal/modules/helpers:177:18)
    at Object.<anonymous> (/home/pillirs/projects/nmbp/nmbp-admin-backend/src/main/api/routes/adminRouter.ts:2:1)
    at Module._compile (node:internal/modules/cjs/loader:1364:14)
    at Module.m._compile (/home/pillirs/projects/nmbp/nmbp-admin-backend/node_modules/ts-node/src/index.ts:1618:23)
    at Module._extensions..js (node:internal/modules/cjs/loader:1422:10)
    at Object.require.extensions.<computed> [as .ts] (/home/pillirs/projects/nmbp/nmbp-admin-backend/node_modules/ts-node/src/index.ts:1621:12) 
2026-02-22 12:26:21 [nmbp-admin-backend] error: uncaughtException: тип Unable to compile TypeScript:
[96msrc/main/api/controllers/index.ts[0m:[93m6[0m:[93m30[0m - [91merror[0m[90m TS2306: [0mFile '/home/pillirs/projects/nmbp/nmbp-admin-backend/src/main/api/controllers/masterController.ts' is not a module.

[7m6[0m import masterController from "./masterController";
[7m [0m [91m                             ~~~~~~~~~~~~~~~~~~~~[0m

TSError: тип Unable to compile TypeScript:
[96msrc/main/api/controllers/index.ts[0m:[93m6[0m:[93m30[0m - [91merror[0m[90m TS2306: [0mFile '/home/pillirs/projects/nmbp/nmbp-admin-backend/src/main/api/controllers/masterController.ts' is not a module.

[7m6[0m import masterController from "./masterController";
[7m [0m [91m                             ~~~~~~~~~~~~~~~~~~~~[0m

    at createTSError (/home/pillirs/projects/nmbp/nmbp-admin-backend/node_modules/ts-node/src/index.ts:859:12)
    at reportTSError (/home/pillirs/projects/nmbp/nmbp-admin-backend/node_modules/ts-node/src/index.ts:863:19)
    at getOutput (/home/pillirs/projects/nmbp/nmbp-admin-backend/node_modules/ts-node/src/index.ts:1077:36)
    at Object.compile (/home/pillirs/projects/nmbp/nmbp-admin-backend/node_modules/ts-node/src/index.ts:1433:41)
    at Module.m._compile (/home/pillirs/projects/nmbp/nmbp-admin-backend/node_modules/ts-node/src/index.ts:1617:30)
    at Module._extensions..js (node:internal/modules/cjs/loader:1422:10)
    at Object.require.extensions.<computed> [as .ts] (/home/pillirs/projects/nmbp/nmbp-admin-backend/node_modules/ts-node/src/index.ts:1621:12)
    at Module.load (node:internal/modules/cjs/loader:1203:32)
    at Function.Module._load (node:internal/modules/cjs/loader:1019:12)
    at Module.require (node:internal/modules/cjs/loader:1231:19)
    at require (node:internal/modules/helpers:177:18)
    at Object.<anonymous> (/home/pillirs/projects/nmbp/nmbp-admin-backend/src/main/api/routes/adminRouter.ts:2:1)
    at Module._compile (node:internal/modules/cjs/loader:1364:14)
    at Module.m._compile (/home/pillirs/projects/nmbp/nmbp-admin-backend/node_modules/ts-node/src/index.ts:1618:23)
    at Module._extensions..js (node:internal/modules/cjs/loader:1422:10)
    at Object.require.extensions.<computed> [as .ts] (/home/pillirs/projects/nmbp/nmbp-admin-backend/node_modules/ts-node/src/index.ts:1621:12) 
2026-02-22 12:26:51 [nmbp-admin-backend] error: uncaughtException: тип Unable to compile TypeScript:
[96msrc/main/api/controllers/index.ts[0m:[93m6[0m:[93m30[0m - [91merror[0m[90m TS2306: [0mFile '/home/pillirs/projects/nmbp/nmbp-admin-backend/src/main/api/controllers/masterController.ts' is not a module.

[7m6[0m import masterController from "./masterController";
[7m [0m [91m                             ~~~~~~~~~~~~~~~~~~~~[0m

TSError: тип Unable to compile TypeScript:
[96msrc/main/api/controllers/index.ts[0m:[93m6[0m:[93m30[0m - [91merror[0m[90m TS2306: [0mFile '/home/pillirs/projects/nmbp/nmbp-admin-backend/src/main/api/controllers/masterController.ts' is not a module.

[7m6[0m import masterController from "./masterController";
[7m [0m [91m                             ~~~~~~~~~~~~~~~~~~~~[0m

    at createTSError (/home/pillirs/projects/nmbp/nmbp-admin-backend/node_modules/ts-node/src/index.ts:859:12)
    at reportTSError (/home/pillirs/projects/nmbp/nmbp-admin-backend/node_modules/ts-node/src/index.ts:863:19)
    at getOutput (/home/pillirs/projects/nmbp/nmbp-admin-backend/node_modules/ts-node/src/index.ts:1077:36)
    at Object.compile (/home/pillirs/projects/nmbp/nmbp-admin-backend/node_modules/ts-node/src/index.ts:1433:41)
    at Module.m._compile (/home/pillirs/projects/nmbp/nmbp-admin-backend/node_modules/ts-node/src/index.ts:1617:30)
    at Module._extensions..js (node:internal/modules/cjs/loader:1422:10)
    at Object.require.extensions.<computed> [as .ts] (/home/pillirs/projects/nmbp/nmbp-admin-backend/node_modules/ts-node/src/index.ts:1621:12)
    at Module.load (node:internal/modules/cjs/loader:1203:32)
    at Function.Module._load (node:internal/modules/cjs/loader:1019:12)
    at Module.require (node:internal/modules/cjs/loader:1231:19)
    at require (node:internal/modules/helpers:177:18)
    at Object.<anonymous> (/home/pillirs/projects/nmbp/nmbp-admin-backend/src/main/api/routes/adminRouter.ts:2:1)
    at Module._compile (node:internal/modules/cjs/loader:1364:14)
    at Module.m._compile (/home/pillirs/projects/nmbp/nmbp-admin-backend/node_modules/ts-node/src/index.ts:1618:23)
    at Module._extensions..js (node:internal/modules/cjs/loader:1422:10)
    at Object.require.extensions.<computed> [as .ts] (/home/pillirs/projects/nmbp/nmbp-admin-backend/node_modules/ts-node/src/index.ts:1621:12) 
2026-02-22 12:29:01 [nmbp-admin-backend] error: uncaughtException: тип Unable to compile TypeScript:
[96msrc/main/api/controllers/index.ts[0m:[93m6[0m:[93m30[0m - [91merror[0m[90m TS2306: [0mFile '/home/pillirs/projects/nmbp/nmbp-admin-backend/src/main/api/controllers/masterController.ts' is not a module.

[7m6[0m import masterController from "./masterController";
[7m [0m [91m                             ~~~~~~~~~~~~~~~~~~~~[0m

TSError: тип Unable to compile TypeScript:
[96msrc/main/api/controllers/index.ts[0m:[93m6[0m:[93m30[0m - [91merror[0m[90m TS2306: [0mFile '/home/pillirs/projects/nmbp/nmbp-admin-backend/src/main/api/controllers/masterController.ts' is not a module.

[7m6[0m import masterController from "./masterController";
[7m [0m [91m                             ~~~~~~~~~~~~~~~~~~~~[0m

    at createTSError (/home/pillirs/projects/nmbp/nmbp-admin-backend/node_modules/ts-node/src/index.ts:859:12)
    at reportTSError (/home/pillirs/projects/nmbp/nmbp-admin-backend/node_modules/ts-node/src/index.ts:863:19)
    at getOutput (/home/pillirs/projects/nmbp/nmbp-admin-backend/node_modules/ts-node/src/index.ts:1077:36)
    at Object.compile (/home/pillirs/projects/nmbp/nmbp-admin-backend/node_modules/ts-node/src/index.ts:1433:41)
    at Module.m._compile (/home/pillirs/projects/nmbp/nmbp-admin-backend/node_modules/ts-node/src/index.ts:1617:30)
    at Module._extensions..js (node:internal/modules/cjs/loader:1422:10)
    at Object.require.extensions.<computed> [as .ts] (/home/pillirs/projects/nmbp/nmbp-admin-backend/node_modules/ts-node/src/index.ts:1621:12)
    at Module.load (node:internal/modules/cjs/loader:1203:32)
    at Function.Module._load (node:internal/modules/cjs/loader:1019:12)
    at Module.require (node:internal/modules/cjs/loader:1231:19)
    at require (node:internal/modules/helpers:177:18)
    at Object.<anonymous> (/home/pillirs/projects/nmbp/nmbp-admin-backend/src/main/api/routes/adminRouter.ts:2:1)
    at Module._compile (node:internal/modules/cjs/loader:1364:14)
    at Module.m._compile (/home/pillirs/projects/nmbp/nmbp-admin-backend/node_modules/ts-node/src/index.ts:1618:23)
    at Module._extensions..js (node:internal/modules/cjs/loader:1422:10)
    at Object.require.extensions.<computed> [as .ts] (/home/pillirs/projects/nmbp/nmbp-admin-backend/node_modules/ts-node/src/index.ts:1621:12) 
2026-02-22 12:29:59 [nmbp-admin-backend] error: uncaughtException: тип Unable to compile TypeScript:
[96msrc/main/api/controllers/index.ts[0m:[93m6[0m:[93m30[0m - [91merror[0m[90m TS2306: [0mFile '/home/pillirs/projects/nmbp/nmbp-admin-backend/src/main/api/controllers/masterController.ts' is not a module.

[7m6[0m import masterController from "./masterController";
[7m [0m [91m                             ~~~~~~~~~~~~~~~~~~~~[0m

TSError: тип Unable to compile TypeScript:
[96msrc/main/api/controllers/index.ts[0m:[93m6[0m:[93m30[0m - [91merror[0m[90m TS2306: [0mFile '/home/pillirs/projects/nmbp/nmbp-admin-backend/src/main/api/controllers/masterController.ts' is not a module.

[7m6[0m import masterController from "./masterController";
[7m [0m [91m                             ~~~~~~~~~~~~~~~~~~~~[0m

    at createTSError (/home/pillirs/projects/nmbp/nmbp-admin-backend/node_modules/ts-node/src/index.ts:859:12)
    at reportTSError (/home/pillirs/projects/nmbp/nmbp-admin-backend/node_modules/ts-node/src/index.ts:863:19)
    at getOutput (/home/pillirs/projects/nmbp/nmbp-admin-backend/node_modules/ts-node/src/index.ts:1077:36)
    at Object.compile (/home/pillirs/projects/nmbp/nmbp-admin-backend/node_modules/ts-node/src/index.ts:1433:41)
    at Module.m._compile (/home/pillirs/projects/nmbp/nmbp-admin-backend/node_modules/ts-node/src/index.ts:1617:30)
    at Module._extensions..js (node:internal/modules/cjs/loader:1422:10)
    at Object.require.extensions.<computed> [as .ts] (/home/pillirs/projects/nmbp/nmbp-admin-backend/node_modules/ts-node/src/index.ts:1621:12)
    at Module.load (node:internal/modules/cjs/loader:1203:32)
    at Function.Module._load (node:internal/modules/cjs/loader:1019:12)
    at Module.require (node:internal/modules/cjs/loader:1231:19)
    at require (node:internal/modules/helpers:177:18)
    at Object.<anonymous> (/home/pillirs/projects/nmbp/nmbp-admin-backend/src/main/api/routes/adminRouter.ts:2:1)
    at Module._compile (node:internal/modules/cjs/loader:1364:14)
    at Module.m._compile (/home/pillirs/projects/nmbp/nmbp-admin-backend/node_modules/ts-node/src/index.ts:1618:23)
    at Module._extensions..js (node:internal/modules/cjs/loader:1422:10)
    at Object.require.extensions.<computed> [as .ts] (/home/pillirs/projects/nmbp/nmbp-admin-backend/node_modules/ts-node/src/index.ts:1621:12) 
2026-02-22 12:30:25 [nmbp-admin-backend] error: uncaughtException: тип Unable to compile TypeScript:
[96msrc/main/api/services/index.ts[0m:[93m6[0m:[93m27[0m - [91merror[0m[90m TS2306: [0mFile '/home/pillirs/projects/nmbp/nmbp-admin-backend/src/main/api/services/masterService.ts' is not a module.

[7m6[0m import masterService from "./masterService";
[7m [0m [91m                          ~~~~~~~~~~~~~~~~~[0m

TSError: тип Unable to compile TypeScript:
[96msrc/main/api/services/index.ts[0m:[93m6[0m:[93m27[0m - [91merror[0m[90m TS2306: [0mFile '/home/pillirs/projects/nmbp/nmbp-admin-backend/src/main/api/services/masterService.ts' is not a module.

[7m6[0m import masterService from "./masterService";
[7m [0m [91m                          ~~~~~~~~~~~~~~~~~[0m

    at createTSError (/home/pillirs/projects/nmbp/nmbp-admin-backend/node_modules/ts-node/src/index.ts:859:12)
    at reportTSError (/home/pillirs/projects/nmbp/nmbp-admin-backend/node_modules/ts-node/src/index.ts:863:19)
    at getOutput (/home/pillirs/projects/nmbp/nmbp-admin-backend/node_modules/ts-node/src/index.ts:1077:36)
    at Object.compile (/home/pillirs/projects/nmbp/nmbp-admin-backend/node_modules/ts-node/src/index.ts:1433:41)
    at Module.m._compile (/home/pillirs/projects/nmbp/nmbp-admin-backend/node_modules/ts-node/src/index.ts:1617:30)
    at Module._extensions..js (node:internal/modules/cjs/loader:1422:10)
    at Object.require.extensions.<computed> [as .ts] (/home/pillirs/projects/nmbp/nmbp-admin-backend/node_modules/ts-node/src/index.ts:1621:12)
    at Module.load (node:internal/modules/cjs/loader:1203:32)
    at Function.Module._load (node:internal/modules/cjs/loader:1019:12)
    at Module.require (node:internal/modules/cjs/loader:1231:19)
    at require (node:internal/modules/helpers:177:18)
    at Object.<anonymous> (/home/pillirs/projects/nmbp/nmbp-admin-backend/src/main/api/controllers/usersController.ts:4:1)
    at Module._compile (node:internal/modules/cjs/loader:1364:14)
    at Module.m._compile (/home/pillirs/projects/nmbp/nmbp-admin-backend/node_modules/ts-node/src/index.ts:1618:23)
    at Module._extensions..js (node:internal/modules/cjs/loader:1422:10)
    at Object.require.extensions.<computed> [as .ts] (/home/pillirs/projects/nmbp/nmbp-admin-backend/node_modules/ts-node/src/index.ts:1621:12) 
2026-02-22 12:30:38 [nmbp-admin-backend] error: uncaughtException: тип Unable to compile TypeScript:
[96msrc/main/api/services/index.ts[0m:[93m6[0m:[93m27[0m - [91merror[0m[90m TS2306: [0mFile '/home/pillirs/projects/nmbp/nmbp-admin-backend/src/main/api/services/masterService.ts' is not a module.

[7m6[0m import masterService from "./masterService";
[7m [0m [91m                          ~~~~~~~~~~~~~~~~~[0m

TSError: тип Unable to compile TypeScript:
[96msrc/main/api/services/index.ts[0m:[93m6[0m:[93m27[0m - [91merror[0m[90m TS2306: [0mFile '/home/pillirs/projects/nmbp/nmbp-admin-backend/src/main/api/services/masterService.ts' is not a module.

[7m6[0m import masterService from "./masterService";
[7m [0m [91m                          ~~~~~~~~~~~~~~~~~[0m

    at createTSError (/home/pillirs/projects/nmbp/nmbp-admin-backend/node_modules/ts-node/src/index.ts:859:12)
    at reportTSError (/home/pillirs/projects/nmbp/nmbp-admin-backend/node_modules/ts-node/src/index.ts:863:19)
    at getOutput (/home/pillirs/projects/nmbp/nmbp-admin-backend/node_modules/ts-node/src/index.ts:1077:36)
    at Object.compile (/home/pillirs/projects/nmbp/nmbp-admin-backend/node_modules/ts-node/src/index.ts:1433:41)
    at Module.m._compile (/home/pillirs/projects/nmbp/nmbp-admin-backend/node_modules/ts-node/src/index.ts:1617:30)
    at Module._extensions..js (node:internal/modules/cjs/loader:1422:10)
    at Object.require.extensions.<computed> [as .ts] (/home/pillirs/projects/nmbp/nmbp-admin-backend/node_modules/ts-node/src/index.ts:1621:12)
    at Module.load (node:internal/modules/cjs/loader:1203:32)
    at Function.Module._load (node:internal/modules/cjs/loader:1019:12)
    at Module.require (node:internal/modules/cjs/loader:1231:19)
    at require (node:internal/modules/helpers:177:18)
    at Object.<anonymous> (/home/pillirs/projects/nmbp/nmbp-admin-backend/src/main/api/controllers/usersController.ts:4:1)
    at Module._compile (node:internal/modules/cjs/loader:1364:14)
    at Module.m._compile (/home/pillirs/projects/nmbp/nmbp-admin-backend/node_modules/ts-node/src/index.ts:1618:23)
    at Module._extensions..js (node:internal/modules/cjs/loader:1422:10)
    at Object.require.extensions.<computed> [as .ts] (/home/pillirs/projects/nmbp/nmbp-admin-backend/node_modules/ts-node/src/index.ts:1621:12) 
2026-02-22 12:31:18 [nmbp-admin-backend] error: uncaughtException: тип Unable to compile TypeScript:
[96msrc/main/api/services/index.ts[0m:[93m6[0m:[93m27[0m - [91merror[0m[90m TS2306: [0mFile '/home/pillirs/projects/nmbp/nmbp-admin-backend/src/main/api/services/masterService.ts' is not a module.

[7m6[0m import masterService from "./masterService";
[7m [0m [91m                          ~~~~~~~~~~~~~~~~~[0m

TSError: тип Unable to compile TypeScript:
[96msrc/main/api/services/index.ts[0m:[93m6[0m:[93m27[0m - [91merror[0m[90m TS2306: [0mFile '/home/pillirs/projects/nmbp/nmbp-admin-backend/src/main/api/services/masterService.ts' is not a module.

[7m6[0m import masterService from "./masterService";
[7m [0m [91m                          ~~~~~~~~~~~~~~~~~[0m

    at createTSError (/home/pillirs/projects/nmbp/nmbp-admin-backend/node_modules/ts-node/src/index.ts:859:12)
    at reportTSError (/home/pillirs/projects/nmbp/nmbp-admin-backend/node_modules/ts-node/src/index.ts:863:19)
    at getOutput (/home/pillirs/projects/nmbp/nmbp-admin-backend/node_modules/ts-node/src/index.ts:1077:36)
    at Object.compile (/home/pillirs/projects/nmbp/nmbp-admin-backend/node_modules/ts-node/src/index.ts:1433:41)
    at Module.m._compile (/home/pillirs/projects/nmbp/nmbp-admin-backend/node_modules/ts-node/src/index.ts:1617:30)
    at Module._extensions..js (node:internal/modules/cjs/loader:1422:10)
    at Object.require.extensions.<computed> [as .ts] (/home/pillirs/projects/nmbp/nmbp-admin-backend/node_modules/ts-node/src/index.ts:1621:12)
    at Module.load (node:internal/modules/cjs/loader:1203:32)
    at Function.Module._load (node:internal/modules/cjs/loader:1019:12)
    at Module.require (node:internal/modules/cjs/loader:1231:19)
    at require (node:internal/modules/helpers:177:18)
    at Object.<anonymous> (/home/pillirs/projects/nmbp/nmbp-admin-backend/src/main/api/controllers/usersController.ts:4:1)
    at Module._compile (node:internal/modules/cjs/loader:1364:14)
    at Module.m._compile (/home/pillirs/projects/nmbp/nmbp-admin-backend/node_modules/ts-node/src/index.ts:1618:23)
    at Module._extensions..js (node:internal/modules/cjs/loader:1422:10)
    at Object.require.extensions.<computed> [as .ts] (/home/pillirs/projects/nmbp/nmbp-admin-backend/node_modules/ts-node/src/index.ts:1621:12) 
2026-02-22 12:34:58 [nmbp-admin-backend] error: uncaughtException: тип Unable to compile TypeScript:
[96msrc/main/api/services/index.ts[0m:[93m6[0m:[93m27[0m - [91merror[0m[90m TS2306: [0mFile '/home/pillirs/projects/nmbp/nmbp-admin-backend/src/main/api/services/masterService.ts' is not a module.

[7m6[0m import masterService from "./masterService";
[7m [0m [91m                          ~~~~~~~~~~~~~~~~~[0m

TSError: тип Unable to compile TypeScript:
[96msrc/main/api/services/index.ts[0m:[93m6[0m:[93m27[0m - [91merror[0m[90m TS2306: [0mFile '/home/pillirs/projects/nmbp/nmbp-admin-backend/src/main/api/services/masterService.ts' is not a module.

[7m6[0m import masterService from "./masterService";
[7m [0m [91m                          ~~~~~~~~~~~~~~~~~[0m

    at createTSError (/home/pillirs/projects/nmbp/nmbp-admin-backend/node_modules/ts-node/src/index.ts:859:12)
    at reportTSError (/home/pillirs/projects/nmbp/nmbp-admin-backend/node_modules/ts-node/src/index.ts:863:19)
    at getOutput (/home/pillirs/projects/nmbp/nmbp-admin-backend/node_modules/ts-node/src/index.ts:1077:36)
    at Object.compile (/home/pillirs/projects/nmbp/nmbp-admin-backend/node_modules/ts-node/src/index.ts:1433:41)
    at Module.m._compile (/home/pillirs/projects/nmbp/nmbp-admin-backend/node_modules/ts-node/src/index.ts:1617:30)
    at Module._extensions..js (node:internal/modules/cjs/loader:1422:10)
    at Object.require.extensions.<computed> [as .ts] (/home/pillirs/projects/nmbp/nmbp-admin-backend/node_modules/ts-node/src/index.ts:1621:12)
    at Module.load (node:internal/modules/cjs/loader:1203:32)
    at Function.Module._load (node:internal/modules/cjs/loader:1019:12)
    at Module.require (node:internal/modules/cjs/loader:1231:19)
    at require (node:internal/modules/helpers:177:18)
    at Object.<anonymous> (/home/pillirs/projects/nmbp/nmbp-admin-backend/src/main/api/controllers/usersController.ts:4:1)
    at Module._compile (node:internal/modules/cjs/loader:1364:14)
    at Module.m._compile (/home/pillirs/projects/nmbp/nmbp-admin-backend/node_modules/ts-node/src/index.ts:1618:23)
    at Module._extensions..js (node:internal/modules/cjs/loader:1422:10)
    at Object.require.extensions.<computed> [as .ts] (/home/pillirs/projects/nmbp/nmbp-admin-backend/node_modules/ts-node/src/index.ts:1621:12) 
2026-02-22 12:36:57 [nmbp-admin-backend] error: uncaughtException: тип Unable to compile TypeScript:
[96msrc/main/api/services/index.ts[0m:[93m6[0m:[93m27[0m - [91merror[0m[90m TS2306: [0mFile '/home/pillirs/projects/nmbp/nmbp-admin-backend/src/main/api/services/masterService.ts' is not a module.

[7m6[0m import masterService from "./masterService";
[7m [0m [91m                          ~~~~~~~~~~~~~~~~~[0m

TSError: тип Unable to compile TypeScript:
[96msrc/main/api/services/index.ts[0m:[93m6[0m:[93m27[0m - [91merror[0m[90m TS2306: [0mFile '/home/pillirs/projects/nmbp/nmbp-admin-backend/src/main/api/services/masterService.ts' is not a module.

[7m6[0m import masterService from "./masterService";
[7m [0m [91m                          ~~~~~~~~~~~~~~~~~[0m

    at createTSError (/home/pillirs/projects/nmbp/nmbp-admin-backend/node_modules/ts-node/src/index.ts:859:12)
    at reportTSError (/home/pillirs/projects/nmbp/nmbp-admin-backend/node_modules/ts-node/src/index.ts:863:19)
    at getOutput (/home/pillirs/projects/nmbp/nmbp-admin-backend/node_modules/ts-node/src/index.ts:1077:36)
    at Object.compile (/home/pillirs/projects/nmbp/nmbp-admin-backend/node_modules/ts-node/src/index.ts:1433:41)
    at Module.m._compile (/home/pillirs/projects/nmbp/nmbp-admin-backend/node_modules/ts-node/src/index.ts:1617:30)
    at Module._extensions..js (node:internal/modules/cjs/loader:1422:10)
    at Object.require.extensions.<computed> [as .ts] (/home/pillirs/projects/nmbp/nmbp-admin-backend/node_modules/ts-node/src/index.ts:1621:12)
    at Module.load (node:internal/modules/cjs/loader:1203:32)
    at Function.Module._load (node:internal/modules/cjs/loader:1019:12)
    at Module.require (node:internal/modules/cjs/loader:1231:19)
    at require (node:internal/modules/helpers:177:18)
    at Object.<anonymous> (/home/pillirs/projects/nmbp/nmbp-admin-backend/src/main/api/controllers/usersController.ts:4:1)
    at Module._compile (node:internal/modules/cjs/loader:1364:14)
    at Module.m._compile (/home/pillirs/projects/nmbp/nmbp-admin-backend/node_modules/ts-node/src/index.ts:1618:23)
    at Module._extensions..js (node:internal/modules/cjs/loader:1422:10)
    at Object.require.extensions.<computed> [as .ts] (/home/pillirs/projects/nmbp/nmbp-admin-backend/node_modules/ts-node/src/index.ts:1621:12) 
2026-02-22 12:37:25 [nmbp-admin-backend] error: uncaughtException: тип Unable to compile TypeScript:
[96msrc/main/api/services/index.ts[0m:[93m6[0m:[93m27[0m - [91merror[0m[90m TS2306: [0mFile '/home/pillirs/projects/nmbp/nmbp-admin-backend/src/main/api/services/masterService.ts' is not a module.

[7m6[0m import masterService from "./masterService";
[7m [0m [91m                          ~~~~~~~~~~~~~~~~~[0m

TSError: тип Unable to compile TypeScript:
[96msrc/main/api/services/index.ts[0m:[93m6[0m:[93m27[0m - [91merror[0m[90m TS2306: [0mFile '/home/pillirs/projects/nmbp/nmbp-admin-backend/src/main/api/services/masterService.ts' is not a module.

[7m6[0m import masterService from "./masterService";
[7m [0m [91m                          ~~~~~~~~~~~~~~~~~[0m

    at createTSError (/home/pillirs/projects/nmbp/nmbp-admin-backend/node_modules/ts-node/src/index.ts:859:12)
    at reportTSError (/home/pillirs/projects/nmbp/nmbp-admin-backend/node_modules/ts-node/src/index.ts:863:19)
    at getOutput (/home/pillirs/projects/nmbp/nmbp-admin-backend/node_modules/ts-node/src/index.ts:1077:36)
    at Object.compile (/home/pillirs/projects/nmbp/nmbp-admin-backend/node_modules/ts-node/src/index.ts:1433:41)
    at Module.m._compile (/home/pillirs/projects/nmbp/nmbp-admin-backend/node_modules/ts-node/src/index.ts:1617:30)
    at Module._extensions..js (node:internal/modules/cjs/loader:1422:10)
    at Object.require.extensions.<computed> [as .ts] (/home/pillirs/projects/nmbp/nmbp-admin-backend/node_modules/ts-node/src/index.ts:1621:12)
    at Module.load (node:internal/modules/cjs/loader:1203:32)
    at Function.Module._load (node:internal/modules/cjs/loader:1019:12)
    at Module.require (node:internal/modules/cjs/loader:1231:19)
    at require (node:internal/modules/helpers:177:18)
    at Object.<anonymous> (/home/pillirs/projects/nmbp/nmbp-admin-backend/src/main/api/controllers/usersController.ts:4:1)
    at Module._compile (node:internal/modules/cjs/loader:1364:14)
    at Module.m._compile (/home/pillirs/projects/nmbp/nmbp-admin-backend/node_modules/ts-node/src/index.ts:1618:23)
    at Module._extensions..js (node:internal/modules/cjs/loader:1422:10)
    at Object.require.extensions.<computed> [as .ts] (/home/pillirs/projects/nmbp/nmbp-admin-backend/node_modules/ts-node/src/index.ts:1621:12) 
2026-02-22 12:37:34 [nmbp-admin-backend] error: uncaughtException: тип Unable to compile TypeScript:
[96msrc/main/api/repositories/index.ts[0m:[93m5[0m:[93m30[0m - [91merror[0m[90m TS2306: [0mFile '/home/pillirs/projects/nmbp/nmbp-admin-backend/src/main/api/repositories/masterRepository.ts' is not a module.

[7m5[0m import masterRepository from "./masterRepository";
[7m [0m [91m                             ~~~~~~~~~~~~~~~~~~~~[0m

TSError: тип Unable to compile TypeScript:
[96msrc/main/api/repositories/index.ts[0m:[93m5[0m:[93m30[0m - [91merror[0m[90m TS2306: [0mFile '/home/pillirs/projects/nmbp/nmbp-admin-backend/src/main/api/repositories/masterRepository.ts' is not a module.

[7m5[0m import masterRepository from "./masterRepository";
[7m [0m [91m                             ~~~~~~~~~~~~~~~~~~~~[0m

    at createTSError (/home/pillirs/projects/nmbp/nmbp-admin-backend/node_modules/ts-node/src/index.ts:859:12)
    at reportTSError (/home/pillirs/projects/nmbp/nmbp-admin-backend/node_modules/ts-node/src/index.ts:863:19)
    at getOutput (/home/pillirs/projects/nmbp/nmbp-admin-backend/node_modules/ts-node/src/index.ts:1077:36)
    at Object.compile (/home/pillirs/projects/nmbp/nmbp-admin-backend/node_modules/ts-node/src/index.ts:1433:41)
    at Module.m._compile (/home/pillirs/projects/nmbp/nmbp-admin-backend/node_modules/ts-node/src/index.ts:1617:30)
    at Module._extensions..js (node:internal/modules/cjs/loader:1422:10)
    at Object.require.extensions.<computed> [as .ts] (/home/pillirs/projects/nmbp/nmbp-admin-backend/node_modules/ts-node/src/index.ts:1621:12)
    at Module.load (node:internal/modules/cjs/loader:1203:32)
    at Function.Module._load (node:internal/modules/cjs/loader:1019:12)
    at Module.require (node:internal/modules/cjs/loader:1231:19)
    at require (node:internal/modules/helpers:177:18)
    at Object.<anonymous> (/home/pillirs/projects/nmbp/nmbp-admin-backend/src/main/api/services/usersService.ts:16:1)
    at Module._compile (node:internal/modules/cjs/loader:1364:14)
    at Module.m._compile (/home/pillirs/projects/nmbp/nmbp-admin-backend/node_modules/ts-node/src/index.ts:1618:23)
    at Module._extensions..js (node:internal/modules/cjs/loader:1422:10)
    at Object.require.extensions.<computed> [as .ts] (/home/pillirs/projects/nmbp/nmbp-admin-backend/node_modules/ts-node/src/index.ts:1621:12) 
2026-02-22 12:40:42 [nmbp-admin-backend] error: masterRepository :: getStates :: Error :: column "date_created" does not exist :: error: column "date_created" does not exist 
2026-02-22 12:40:42 [nmbp-admin-backend] error: masterService :: getStates :: Error :: column "date_created" does not exist :: Error: column "date_created" does not exist 
2026-02-22 12:40:42 [nmbp-admin-backend] error: masterController :: getStates :: Error :: column "date_created" does not exist :: Error: column "date_created" does not exist 
2026-02-22 17:17:54 [nmbp-admin-backend] error: uncaughtException: тип Unable to compile TypeScript:
[96msrc/main/api/controllers/masterController.ts[0m:[93m62[0m:[93m45[0m - [91merror[0m[90m TS2339: [0mProperty 'getDistrictsByState' does not exist on type '{ getStates: () => Promise<IState[]>; getStateByStateId: (state_id: string) => Promise<IState>; }'.

[7m62[0m       const districts = await masterService.getDistrictsByState(state_id);
[7m  [0m [91m                                            ~~~~~~~~~~~~~~~~~~~[0m

TSError: тип Unable to compile TypeScript:
[96msrc/main/api/controllers/masterController.ts[0m:[93m62[0m:[93m45[0m - [91merror[0m[90m TS2339: [0mProperty 'getDistrictsByState' does not exist on type '{ getStates: () => Promise<IState[]>; getStateByStateId: (state_id: string) => Promise<IState>; }'.

[7m62[0m       const districts = await masterService.getDistrictsByState(state_id);
[7m  [0m [91m                                            ~~~~~~~~~~~~~~~~~~~[0m

    at createTSError (/home/pillirs/projects/nmbp/nmbp-admin-backend/node_modules/ts-node/src/index.ts:859:12)
    at reportTSError (/home/pillirs/projects/nmbp/nmbp-admin-backend/node_modules/ts-node/src/index.ts:863:19)
    at getOutput (/home/pillirs/projects/nmbp/nmbp-admin-backend/node_modules/ts-node/src/index.ts:1077:36)
    at Object.compile (/home/pillirs/projects/nmbp/nmbp-admin-backend/node_modules/ts-node/src/index.ts:1433:41)
    at Module.m._compile (/home/pillirs/projects/nmbp/nmbp-admin-backend/node_modules/ts-node/src/index.ts:1617:30)
    at Module._extensions..js (node:internal/modules/cjs/loader:1422:10)
    at Object.require.extensions.<computed> [as .ts] (/home/pillirs/projects/nmbp/nmbp-admin-backend/node_modules/ts-node/src/index.ts:1621:12)
    at Module.load (node:internal/modules/cjs/loader:1203:32)
    at Function.Module._load (node:internal/modules/cjs/loader:1019:12)
    at Module.require (node:internal/modules/cjs/loader:1231:19)
    at require (node:internal/modules/helpers:177:18)
    at Object.<anonymous> (/home/pillirs/projects/nmbp/nmbp-admin-backend/src/main/api/controllers/index.ts:6:1)
    at Module._compile (node:internal/modules/cjs/loader:1364:14)
    at Module.m._compile (/home/pillirs/projects/nmbp/nmbp-admin-backend/node_modules/ts-node/src/index.ts:1618:23)
    at Module._extensions..js (node:internal/modules/cjs/loader:1422:10)
    at Object.require.extensions.<computed> [as .ts] (/home/pillirs/projects/nmbp/nmbp-admin-backend/node_modules/ts-node/src/index.ts:1621:12) 
2026-02-22 17:20:34 [nmbp-admin-backend] error: uncaughtException: тип Unable to compile TypeScript:
[96msrc/main/api/controllers/masterController.ts[0m:[93m62[0m:[93m45[0m - [91merror[0m[90m TS2339: [0mProperty 'getDistrictsByState' does not exist on type '{ getStates: () => Promise<IState[]>; getStateByStateId: (state_id: string) => Promise<IState>; }'.

[7m62[0m       const districts = await masterService.getDistrictsByState(state_id);
[7m  [0m [91m                                            ~~~~~~~~~~~~~~~~~~~[0m

TSError: тип Unable to compile TypeScript:
[96msrc/main/api/controllers/masterController.ts[0m:[93m62[0m:[93m45[0m - [91merror[0m[90m TS2339: [0mProperty 'getDistrictsByState' does not exist on type '{ getStates: () => Promise<IState[]>; getStateByStateId: (state_id: string) => Promise<IState>; }'.

[7m62[0m       const districts = await masterService.getDistrictsByState(state_id);
[7m  [0m [91m                                            ~~~~~~~~~~~~~~~~~~~[0m

    at createTSError (/home/pillirs/projects/nmbp/nmbp-admin-backend/node_modules/ts-node/src/index.ts:859:12)
    at reportTSError (/home/pillirs/projects/nmbp/nmbp-admin-backend/node_modules/ts-node/src/index.ts:863:19)
    at getOutput (/home/pillirs/projects/nmbp/nmbp-admin-backend/node_modules/ts-node/src/index.ts:1077:36)
    at Object.compile (/home/pillirs/projects/nmbp/nmbp-admin-backend/node_modules/ts-node/src/index.ts:1433:41)
    at Module.m._compile (/home/pillirs/projects/nmbp/nmbp-admin-backend/node_modules/ts-node/src/index.ts:1617:30)
    at Module._extensions..js (node:internal/modules/cjs/loader:1422:10)
    at Object.require.extensions.<computed> [as .ts] (/home/pillirs/projects/nmbp/nmbp-admin-backend/node_modules/ts-node/src/index.ts:1621:12)
    at Module.load (node:internal/modules/cjs/loader:1203:32)
    at Function.Module._load (node:internal/modules/cjs/loader:1019:12)
    at Module.require (node:internal/modules/cjs/loader:1231:19)
    at require (node:internal/modules/helpers:177:18)
    at Object.<anonymous> (/home/pillirs/projects/nmbp/nmbp-admin-backend/src/main/api/controllers/index.ts:6:1)
    at Module._compile (node:internal/modules/cjs/loader:1364:14)
    at Module.m._compile (/home/pillirs/projects/nmbp/nmbp-admin-backend/node_modules/ts-node/src/index.ts:1618:23)
    at Module._extensions..js (node:internal/modules/cjs/loader:1422:10)
    at Object.require.extensions.<computed> [as .ts] (/home/pillirs/projects/nmbp/nmbp-admin-backend/node_modules/ts-node/src/index.ts:1621:12) 
2026-02-22 17:20:48 [nmbp-admin-backend] error: uncaughtException: тип Unable to compile TypeScript:
[96msrc/main/api/controllers/masterController.ts[0m:[93m62[0m:[93m45[0m - [91merror[0m[90m TS2339: [0mProperty 'getDistrictsByState' does not exist on type '{ getStates: () => Promise<IState[]>; getStateByStateId: (state_id: string) => Promise<IState>; }'.

[7m62[0m       const districts = await masterService.getDistrictsByState(state_id);
[7m  [0m [91m                                            ~~~~~~~~~~~~~~~~~~~[0m

TSError: тип Unable to compile TypeScript:
[96msrc/main/api/controllers/masterController.ts[0m:[93m62[0m:[93m45[0m - [91merror[0m[90m TS2339: [0mProperty 'getDistrictsByState' does not exist on type '{ getStates: () => Promise<IState[]>; getStateByStateId: (state_id: string) => Promise<IState>; }'.

[7m62[0m       const districts = await masterService.getDistrictsByState(state_id);
[7m  [0m [91m                                            ~~~~~~~~~~~~~~~~~~~[0m

    at createTSError (/home/pillirs/projects/nmbp/nmbp-admin-backend/node_modules/ts-node/src/index.ts:859:12)
    at reportTSError (/home/pillirs/projects/nmbp/nmbp-admin-backend/node_modules/ts-node/src/index.ts:863:19)
    at getOutput (/home/pillirs/projects/nmbp/nmbp-admin-backend/node_modules/ts-node/src/index.ts:1077:36)
    at Object.compile (/home/pillirs/projects/nmbp/nmbp-admin-backend/node_modules/ts-node/src/index.ts:1433:41)
    at Module.m._compile (/home/pillirs/projects/nmbp/nmbp-admin-backend/node_modules/ts-node/src/index.ts:1617:30)
    at Module._extensions..js (node:internal/modules/cjs/loader:1422:10)
    at Object.require.extensions.<computed> [as .ts] (/home/pillirs/projects/nmbp/nmbp-admin-backend/node_modules/ts-node/src/index.ts:1621:12)
    at Module.load (node:internal/modules/cjs/loader:1203:32)
    at Function.Module._load (node:internal/modules/cjs/loader:1019:12)
    at Module.require (node:internal/modules/cjs/loader:1231:19)
    at require (node:internal/modules/helpers:177:18)
    at Object.<anonymous> (/home/pillirs/projects/nmbp/nmbp-admin-backend/src/main/api/controllers/index.ts:6:1)
    at Module._compile (node:internal/modules/cjs/loader:1364:14)
    at Module.m._compile (/home/pillirs/projects/nmbp/nmbp-admin-backend/node_modules/ts-node/src/index.ts:1618:23)
    at Module._extensions..js (node:internal/modules/cjs/loader:1422:10)
    at Object.require.extensions.<computed> [as .ts] (/home/pillirs/projects/nmbp/nmbp-admin-backend/node_modules/ts-node/src/index.ts:1621:12) 
2026-02-22 17:21:44 [nmbp-admin-backend] error: uncaughtException: тип Unable to compile TypeScript:
[96msrc/main/api/services/masterService.ts[0m:[93m53[0m:[93m19[0m - [91merror[0m[90m TS2339: [0mProperty 'DISTRICTS_BY_STATE' does not exist on type 'typeof RedisKeys'.

[7m53[0m         RedisKeys.DISTRICTS_BY_STATE,
[7m  [0m [91m                  ~~~~~~~~~~~~~~~~~~[0m

TSError: тип Unable to compile TypeScript:
[96msrc/main/api/services/masterService.ts[0m:[93m53[0m:[93m19[0m - [91merror[0m[90m TS2339: [0mProperty 'DISTRICTS_BY_STATE' does not exist on type 'typeof RedisKeys'.

[7m53[0m         RedisKeys.DISTRICTS_BY_STATE,
[7m  [0m [91m                  ~~~~~~~~~~~~~~~~~~[0m

    at createTSError (/home/pillirs/projects/nmbp/nmbp-admin-backend/node_modules/ts-node/src/index.ts:859:12)
    at reportTSError (/home/pillirs/projects/nmbp/nmbp-admin-backend/node_modules/ts-node/src/index.ts:863:19)
    at getOutput (/home/pillirs/projects/nmbp/nmbp-admin-backend/node_modules/ts-node/src/index.ts:1077:36)
    at Object.compile (/home/pillirs/projects/nmbp/nmbp-admin-backend/node_modules/ts-node/src/index.ts:1433:41)
    at Module.m._compile (/home/pillirs/projects/nmbp/nmbp-admin-backend/node_modules/ts-node/src/index.ts:1617:30)
    at Module._extensions..js (node:internal/modules/cjs/loader:1422:10)
    at Object.require.extensions.<computed> [as .ts] (/home/pillirs/projects/nmbp/nmbp-admin-backend/node_modules/ts-node/src/index.ts:1621:12)
    at Module.load (node:internal/modules/cjs/loader:1203:32)
    at Function.Module._load (node:internal/modules/cjs/loader:1019:12)
    at Module.require (node:internal/modules/cjs/loader:1231:19)
    at require (node:internal/modules/helpers:177:18)
    at Object.<anonymous> (/home/pillirs/projects/nmbp/nmbp-admin-backend/src/main/api/services/index.ts:6:1)
    at Module._compile (node:internal/modules/cjs/loader:1364:14)
    at Module.m._compile (/home/pillirs/projects/nmbp/nmbp-admin-backend/node_modules/ts-node/src/index.ts:1618:23)
    at Module._extensions..js (node:internal/modules/cjs/loader:1422:10)
    at Object.require.extensions.<computed> [as .ts] (/home/pillirs/projects/nmbp/nmbp-admin-backend/node_modules/ts-node/src/index.ts:1621:12) 
2026-02-22 17:41:41 [nmbp-admin-backend] error: nodemailerUtils :: sendEmail :: Email Sent Failed :: Error: Invalid login: 535-5.7.8 Username and Password not accepted. For more information, go to
535 5.7.8  https://support.google.com/mail/?p=BadCredentials 98e67ed59e1d1-358a2a5785bsm4788260a91.4 - gsmtp 
2026-02-22 17:41:41 [nmbp-admin-backend] error: usersService :: sharePasswordToUser :: passwordDetails :: [object Object] :: Error :: Invalid login: 535-5.7.8 Username and Password not accepted. For more information, go to
535 5.7.8  https://support.google.com/mail/?p=BadCredentials 98e67ed59e1d1-358a2a5785bsm4788260a91.4 - gsmtp :: Error: Invalid login: 535-5.7.8 Username and Password not accepted. For more information, go to
535 5.7.8  https://support.google.com/mail/?p=BadCredentials 98e67ed59e1d1-358a2a5785bsm4788260a91.4 - gsmtp 
2026-02-22 17:41:41 [nmbp-admin-backend] error: usersService :: createUser :: user :: {"user_name":"7878878787","display_name":"hhggh hhh","first_name":"hhggh","last_name":"hhh","mobile_number":"7878878787","email_id":"ghgh@g.com","role_id":12,"status":1,"created_by":3,"updated_by":3}  :: Failed to send password notification :: Invalid login: 535-5.7.8 Username and Password not accepted. For more information, go to
535 5.7.8  https://support.google.com/mail/?p=BadCredentials 98e67ed59e1d1-358a2a5785bsm4788260a91.4 - gsmtp 
2026-02-22 18:04:59 [nmbp-admin-backend] error: nodemailerUtils :: sendEmail :: Email Sent Failed :: Error: Invalid login: 535-5.7.8 Username and Password not accepted. For more information, go to
535 5.7.8  https://support.google.com/mail/?p=BadCredentials d9443c01a7336-2ad7500e284sm54487735ad.42 - gsmtp 
2026-02-22 18:04:59 [nmbp-admin-backend] error: usersService :: sharePasswordToUser :: passwordDetails :: [object Object] :: Error :: Invalid login: 535-5.7.8 Username and Password not accepted. For more information, go to
535 5.7.8  https://support.google.com/mail/?p=BadCredentials d9443c01a7336-2ad7500e284sm54487735ad.42 - gsmtp :: Error: Invalid login: 535-5.7.8 Username and Password not accepted. For more information, go to
535 5.7.8  https://support.google.com/mail/?p=BadCredentials d9443c01a7336-2ad7500e284sm54487735ad.42 - gsmtp 
2026-02-22 18:04:59 [nmbp-admin-backend] error: usersService :: createUser :: user :: {"user_name":"9111111111","display_name":"Kiran Kumar","first_name":"Kiran","last_name":"Kumar","mobile_number":"9111111111","email_id":"kiran@gmail.com","role_id":13,"status":1,"created_by":3,"updated_by":3}  :: Failed to send password notification :: Invalid login: 535-5.7.8 Username and Password not accepted. For more information, go to
535 5.7.8  https://support.google.com/mail/?p=BadCredentials d9443c01a7336-2ad7500e284sm54487735ad.42 - gsmtp 
2026-02-22 18:15:02 [nmbp-admin-backend] error: uncaughtException: тип Unable to compile TypeScript:
[96msrc/main/api/controllers/usersController.ts[0m:[93m43[0m:[93m13[0m - [91merror[0m[90m TS2739: [0mType 'User' is missing the following properties from type 'IUser': state_id, district_id

[7m43[0m       const user: IUser = new usersModel.User(req.body);
[7m  [0m [91m            ~~~~[0m

TSError: тип Unable to compile TypeScript:
[96msrc/main/api/controllers/usersController.ts[0m:[93m43[0m:[93m13[0m - [91merror[0m[90m TS2739: [0mType 'User' is missing the following properties from type 'IUser': state_id, district_id

[7m43[0m       const user: IUser = new usersModel.User(req.body);
[7m  [0m [91m            ~~~~[0m

    at createTSError (/home/pillirs/projects/nmbp/nmbp-admin-backend/node_modules/ts-node/src/index.ts:859:12)
    at reportTSError (/home/pillirs/projects/nmbp/nmbp-admin-backend/node_modules/ts-node/src/index.ts:863:19)
    at getOutput (/home/pillirs/projects/nmbp/nmbp-admin-backend/node_modules/ts-node/src/index.ts:1077:36)
    at Object.compile (/home/pillirs/projects/nmbp/nmbp-admin-backend/node_modules/ts-node/src/index.ts:1433:41)
    at Module.m._compile (/home/pillirs/projects/nmbp/nmbp-admin-backend/node_modules/ts-node/src/index.ts:1617:30)
    at Module._extensions..js (node:internal/modules/cjs/loader:1422:10)
    at Object.require.extensions.<computed> [as .ts] (/home/pillirs/projects/nmbp/nmbp-admin-backend/node_modules/ts-node/src/index.ts:1621:12)
    at Module.load (node:internal/modules/cjs/loader:1203:32)
    at Function.Module._load (node:internal/modules/cjs/loader:1019:12)
    at Module.require (node:internal/modules/cjs/loader:1231:19)
    at require (node:internal/modules/helpers:177:18)
    at Object.<anonymous> (/home/pillirs/projects/nmbp/nmbp-admin-backend/src/main/api/controllers/index.ts:2:1)
    at Module._compile (node:internal/modules/cjs/loader:1364:14)
    at Module.m._compile (/home/pillirs/projects/nmbp/nmbp-admin-backend/node_modules/ts-node/src/index.ts:1618:23)
    at Module._extensions..js (node:internal/modules/cjs/loader:1422:10)
    at Object.require.extensions.<computed> [as .ts] (/home/pillirs/projects/nmbp/nmbp-admin-backend/node_modules/ts-node/src/index.ts:1621:12) 
2026-02-22 18:23:52 [nmbp-admin-backend] error: usersRepository :: createUser :: user :: {"user_name":"9222222222","display_name":"Kiran Kumar","first_name":"Kiran","last_name":"Kumar","mobile_number":"9222222222","email_id":"kiran@gmail.com","role_id":13,"password":"$2a$10$7DMt7Bw5f3DXIR1jxnJ1r.WDMt150WtU0UhbIa57mimh01fYeOpX.","status":1,"created_by":3,"updated_by":3} :: Error :: INSERT has more expressions than target columns :: error: INSERT has more expressions than target columns 
2026-02-22 18:23:52 [nmbp-admin-backend] error: usersService :: createUser :: user :: {"user_name":"9222222222","display_name":"Kiran Kumar","first_name":"Kiran","last_name":"Kumar","mobile_number":"9222222222","email_id":"kiran@gmail.com","role_id":13,"status":1,"created_by":3,"updated_by":3}  :: Error :: INSERT has more expressions than target columns :: Error: INSERT has more expressions than target columns 
2026-02-22 18:23:52 [nmbp-admin-backend] error: usersController :: createUser :: Error :: INSERT has more expressions than target columns :: Error: INSERT has more expressions than target columns 
2026-02-22 18:25:16 [nmbp-admin-backend] error: usersRepository :: createUser :: user :: {"user_name":"9222222222","display_name":"Kiran Kumar","first_name":"Kiran","last_name":"Kumar","mobile_number":"9222222222","email_id":"kiran@gmail.com","role_id":13,"password":"$2a$10$cZEmCNPFmR9OW5Nigofgs.D9dM/MXItA6uc0uL4bAlzE7/pzIhpr.","status":1,"created_by":3,"updated_by":3} :: Error :: INSERT has more target columns than expressions :: error: INSERT has more target columns than expressions 
2026-02-22 18:25:16 [nmbp-admin-backend] error: usersService :: createUser :: user :: {"user_name":"9222222222","display_name":"Kiran Kumar","first_name":"Kiran","last_name":"Kumar","mobile_number":"9222222222","email_id":"kiran@gmail.com","role_id":13,"status":1,"created_by":3,"updated_by":3}  :: Error :: INSERT has more target columns than expressions :: Error: INSERT has more target columns than expressions 
2026-02-22 18:25:16 [nmbp-admin-backend] error: usersController :: createUser :: Error :: INSERT has more target columns than expressions :: Error: INSERT has more target columns than expressions 
2026-02-22 18:27:26 [nmbp-admin-backend] error: usersRepository :: createUser :: user :: {"user_name":"9222222222","display_name":"Kiran Kumar","first_name":"Kiran","last_name":"Kumar","mobile_number":"9222222222","email_id":"kiran@gmail.com","role_id":13,"password":"$2a$10$NwqcVUe//WoASgyBRsgaqOVEr/zAsudH8sTU9.hEJ0bgB7qHTa.qy","status":1,"created_by":3,"updated_by":3} :: Error :: INSERT has more expressions than target columns :: error: INSERT has more expressions than target columns 
2026-02-22 18:27:26 [nmbp-admin-backend] error: usersService :: createUser :: user :: {"user_name":"9222222222","display_name":"Kiran Kumar","first_name":"Kiran","last_name":"Kumar","mobile_number":"9222222222","email_id":"kiran@gmail.com","role_id":13,"status":1,"created_by":3,"updated_by":3}  :: Error :: INSERT has more expressions than target columns :: Error: INSERT has more expressions than target columns 
2026-02-22 18:27:26 [nmbp-admin-backend] error: usersController :: createUser :: Error :: INSERT has more expressions than target columns :: Error: INSERT has more expressions than target columns 
2026-02-22 18:28:26 [nmbp-admin-backend] error: nodemailerUtils :: sendEmail :: Email Sent Failed :: Error: Invalid login: 535-5.7.8 Username and Password not accepted. For more information, go to
535 5.7.8  https://support.google.com/mail/?p=BadCredentials 41be03b00d2f7-c70b726eb92sm4444505a12.33 - gsmtp 
2026-02-22 18:28:26 [nmbp-admin-backend] error: usersService :: sharePasswordToUser :: passwordDetails :: [object Object] :: Error :: Invalid login: 535-5.7.8 Username and Password not accepted. For more information, go to
535 5.7.8  https://support.google.com/mail/?p=BadCredentials 41be03b00d2f7-c70b726eb92sm4444505a12.33 - gsmtp :: Error: Invalid login: 535-5.7.8 Username and Password not accepted. For more information, go to
535 5.7.8  https://support.google.com/mail/?p=BadCredentials 41be03b00d2f7-c70b726eb92sm4444505a12.33 - gsmtp 
2026-02-22 18:28:26 [nmbp-admin-backend] error: usersService :: createUser :: user :: {"user_name":"9222222222","display_name":"Kiran Kumar","first_name":"Kiran","last_name":"Kumar","mobile_number":"9222222222","email_id":"kiran@gmail.com","role_id":13,"status":1,"created_by":3,"updated_by":3}  :: Failed to send password notification :: Invalid login: 535-5.7.8 Username and Password not accepted. For more information, go to
535 5.7.8  https://support.google.com/mail/?p=BadCredentials 41be03b00d2f7-c70b726eb92sm4444505a12.33 - gsmtp 
2026-02-22 18:58:43 [nmbp-admin-backend] error: nodemailerUtils :: sendEmail :: Email Sent Failed :: Error: Invalid login: 535-5.7.8 Username and Password not accepted. For more information, go to
535 5.7.8  https://support.google.com/mail/?p=BadCredentials d9443c01a7336-2ad74f5dba7sm46235295ad.26 - gsmtp 
2026-02-22 18:58:43 [nmbp-admin-backend] error: usersService :: sharePasswordToUser :: passwordDetails :: [object Object] :: Error :: Invalid login: 535-5.7.8 Username and Password not accepted. For more information, go to
535 5.7.8  https://support.google.com/mail/?p=BadCredentials d9443c01a7336-2ad74f5dba7sm46235295ad.26 - gsmtp :: Error: Invalid login: 535-5.7.8 Username and Password not accepted. For more information, go to
535 5.7.8  https://support.google.com/mail/?p=BadCredentials d9443c01a7336-2ad74f5dba7sm46235295ad.26 - gsmtp 
2026-02-22 18:58:43 [nmbp-admin-backend] error: usersService :: createUser :: user :: {"user_name":"9122222222","display_name":"Kiran Kumar","first_name":"Kiran","last_name":"Kumar","mobile_number":"9122222222","email_id":"kiran@gmail.com","role_id":13,"state_id":8,"district_id":570,"status":1,"created_by":3,"updated_by":3}  :: Failed to send password notification :: Invalid login: 535-5.7.8 Username and Password not accepted. For more information, go to
535 5.7.8  https://support.google.com/mail/?p=BadCredentials d9443c01a7336-2ad74f5dba7sm46235295ad.26 - gsmtp 
2026-02-22 19:02:05 [nmbp-admin-backend] error: nodemailerUtils :: sendEmail :: Email Sent Failed :: Error: Invalid login: 535-5.7.8 Username and Password not accepted. For more information, go to
535 5.7.8  https://support.google.com/mail/?p=BadCredentials d9443c01a7336-2ad7500e28fsm48930115ad.53 - gsmtp 
2026-02-22 19:02:05 [nmbp-admin-backend] error: usersService :: sharePasswordToUser :: passwordDetails :: [object Object] :: Error :: Invalid login: 535-5.7.8 Username and Password not accepted. For more information, go to
535 5.7.8  https://support.google.com/mail/?p=BadCredentials d9443c01a7336-2ad7500e28fsm48930115ad.53 - gsmtp :: Error: Invalid login: 535-5.7.8 Username and Password not accepted. For more information, go to
535 5.7.8  https://support.google.com/mail/?p=BadCredentials d9443c01a7336-2ad7500e28fsm48930115ad.53 - gsmtp 
2026-02-22 19:02:05 [nmbp-admin-backend] error: usersService :: createUser :: user :: {"user_name":"9111111111","display_name":"Kiran Kumar","first_name":"Kiran","last_name":"Kumar","mobile_number":"9111111111","email_id":"kiran@gmail.com","role_id":13,"state_id":1,"district_id":1,"status":1,"created_by":3,"updated_by":3}  :: Failed to send password notification :: Invalid login: 535-5.7.8 Username and Password not accepted. For more information, go to
535 5.7.8  https://support.google.com/mail/?p=BadCredentials d9443c01a7336-2ad7500e28fsm48930115ad.53 - gsmtp 
2026-02-22 19:22:23 [nmbp-admin-backend] error: usersRepository :: updateUser :: user :: {"user_id":5,"first_name":"Venkat","last_name":"Rao","mobile_number":"9888888888","email_id":"pillirajesh@ymail.com","role_id":12,"state_id":1,"district_id":2,"user_name":"9888888888","updated_by":3} :: Error :: bind message supplies 10 parameters, but prepared statement "" requires 12 :: error: bind message supplies 10 parameters, but prepared statement "" requires 12 
2026-02-22 19:22:23 [nmbp-admin-backend] error: usersService :: updateUser :: user :: {"user_id":5,"first_name":"Venkat","last_name":"Rao","mobile_number":"9888888888","email_id":"pillirajesh@ymail.com","role_id":12,"state_id":1,"district_id":2,"user_name":"9888888888","updated_by":3} :: Error :: bind message supplies 10 parameters, but prepared statement "" requires 12 :: Error: bind message supplies 10 parameters, but prepared statement "" requires 12 
2026-02-22 19:22:23 [nmbp-admin-backend] error: usersController :: updateUser :: Error :: bind message supplies 10 parameters, but prepared statement "" requires 12 :: Error: bind message supplies 10 parameters, but prepared statement "" requires 12 
2026-02-22 19:23:12 [nmbp-admin-backend] error: usersRepository :: updateUser :: user :: {"user_id":5,"first_name":"Venkat","last_name":"Rao","mobile_number":"9888888888","email_id":"pillirajesh@ymail.com","role_id":12,"state_id":1,"district_id":2,"user_name":"9888888888","updated_by":3} :: Error :: bind message supplies 10 parameters, but prepared statement "" requires 12 :: error: bind message supplies 10 parameters, but prepared statement "" requires 12 
2026-02-22 19:23:12 [nmbp-admin-backend] error: usersService :: updateUser :: user :: {"user_id":5,"first_name":"Venkat","last_name":"Rao","mobile_number":"9888888888","email_id":"pillirajesh@ymail.com","role_id":12,"state_id":1,"district_id":2,"user_name":"9888888888","updated_by":3} :: Error :: bind message supplies 10 parameters, but prepared statement "" requires 12 :: Error: bind message supplies 10 parameters, but prepared statement "" requires 12 
2026-02-22 19:23:12 [nmbp-admin-backend] error: usersController :: updateUser :: Error :: bind message supplies 10 parameters, but prepared statement "" requires 12 :: Error: bind message supplies 10 parameters, but prepared statement "" requires 12 
