2026-02-19 10:33:25 [nmbp-admin-backend] info: redis :: Redis replica host not found. falling back to the primary redis host 
2026-02-19 10:33:28 [nmbp-admin-backend] info: objectStorageUtility :: Using Minio 
2026-02-19 10:33:32 [nmbp-admin-backend] info: app :: Server Started :: Listening to port [7003] 
2026-02-19 10:33:32 [nmbp-admin-backend] info: redis :: redis client connected 
2026-02-19 10:33:32 [nmbp-admin-backend] info: redis :: redis clientReader connected 
2026-02-19 10:33:32 [nmbp-admin-backend] info: mongoDB :: Connected successfully to MongoDB server 
2026-02-19 10:33:32 [nmbp-admin-backend] info: mongoDBRead :: Connected successfully to MongoDB Read server 
2026-02-19 10:41:03 [nmbp-admin-backend] info: redis :: Redis replica host not found. falling back to the primary redis host 
2026-02-19 10:41:05 [nmbp-admin-backend] info: objectStorageUtility :: Using Minio 
2026-02-19 10:41:07 [nmbp-admin-backend] info: app :: Server Started :: Listening to port [7003] 
2026-02-19 10:41:07 [nmbp-admin-backend] info: redis :: redis client connected 
2026-02-19 10:41:07 [nmbp-admin-backend] info: redis :: redis clientReader connected 
2026-02-19 10:41:07 [nmbp-admin-backend] info: mongoDB :: Connected successfully to MongoDB server 
2026-02-19 10:41:07 [nmbp-admin-backend] info: mongoDBRead :: Connected successfully to MongoDB Read server 
2026-02-19 10:41:50 [nmbp-admin-backend] info: >>>>>>>>>>>>>>>>>>>>>>>>>>>>>>>>>>>>>>>>>>>>>>> 
2026-02-19 10:41:50 [nmbp-admin-backend] info: Read Token Successfully for User : 8766516289 
2026-02-19 10:41:50 [nmbp-admin-backend] info: rolesController :: getCombinedAccess :: Request received 
2026-02-19 10:41:50 [nmbp-admin-backend] debug: rolesRepository :: getCombinedAccess :: roleId :: 8 :: query :: {"text":"\n        SELECT\n            m.menu_name,\n            m.icon_class,\n            m.route_url,\n            p.permission_name AS access\n        FROM\n            access_control ac\n        JOIN\n            m_menus m ON ac.menu_id = m.menu_id\n        JOIN\n            m_permissions p ON ac.permission_id = p.permission_id\n        WHERE\n            ac.role_id = $1\n        ORDER BY\n            m.menu_order ASC,\n            m.date_created ASC;\n    ","values":[8]} 
2026-02-19 10:41:50 [nmbp-admin-backend] debug: rolesRepository :: getCombinedAccess :: roleId :: 8 :: db result :: [{"menu_name":"Dashboard","icon_class":"fa-solid fa-chart-line","route_url":"/dashboard","access":"Write"},{"menu_name":"User Management","icon_class":"fa-solid fa-users","route_url":"/user-management","access":"Write"},{"menu_name":"Role Management","icon_class":"fa-solid fa-user-shield","route_url":"/role-management","access":"Write"},{"menu_name":"Password Policy","icon_class":"fa-solid fa-lock","route_url":"/password-policy","access":"Write"},{"menu_name":"Tenants","icon_class":"fa-solid fa-users","route_url":"/tenants","access":"Write"}] 
2026-02-19 10:41:50 [nmbp-admin-backend] info: >>>>>>>>>>>>>>>>>>>>>>>>>>>>>>>>>>>>>>>>>>>>>>> 
2026-02-19 10:41:50 [nmbp-admin-backend] info: Read Token Successfully for User : 8766516289 
2026-02-19 10:41:50 [nmbp-admin-backend] info: usersController :: listUsers:: Request received 
2026-02-19 10:41:50 [nmbp-admin-backend] debug: usersController :: listUsers :: parased parameters :: pageSize :: 11 :: currentPage :: 1 :: searchQuery ::  
2026-02-19 10:41:50 [nmbp-admin-backend] info: usersRepository :: usersUpdatedWithinfiveMinutes :: Inside usersUsersUpdatedWithinfiveMinutes 
2026-02-19 10:41:50 [nmbp-admin-backend] debug: usersRepository :: usersUpdatedWithinfiveMinutes :: query :: {"text":"SELECT COUNT(*) as count FROM vw_m_users WHERE date_updated >= NOW() - INTERVAL '5 minutes'"} 
2026-02-19 10:41:50 [nmbp-admin-backend] info: usersService :: listusers :: pageSize :: 11 :: currentPage :: 0 :: searchQuery ::  :: userId :: 3 :: query :: {"text":"SELECT * from vw_m_users WHERE status <> 2 AND created_by = '3' LIMIT 11"} 
2026-02-19 10:41:50 [nmbp-admin-backend] info: usersRepository :: usersUpdatedWithinfiveMinutes :: Inside usersUsersUpdatedWithinfiveMinutes 
2026-02-19 10:41:50 [nmbp-admin-backend] debug: usersRepository :: usersUpdatedWithinfiveMinutes :: query :: {"text":"SELECT COUNT(*) as count FROM vw_m_users WHERE date_updated >= NOW() - INTERVAL '5 minutes'"} 
2026-02-19 10:41:50 [nmbp-admin-backend] debug: usersService :: getUsersCount :: query :: {"text":"SELECT count(*) as count from vw_m_users WHERE status <> 2","values":[]} 
2026-02-19 10:41:50 [nmbp-admin-backend] debug: usersService :: getUsersCount :: db result :: [{"count":"2"}] 
2026-02-19 10:42:27 [nmbp-admin-backend] info: >>>>>>>>>>>>>>>>>>>>>>>>>>>>>>>>>>>>>>>>>>>>>>> 
2026-02-19 10:42:27 [nmbp-admin-backend] info: Read Token Successfully for User : 8766516289 
2026-02-19 10:42:27 [nmbp-admin-backend] info: tenantsController :: listTenants :: Request received 
2026-02-19 10:44:14 [nmbp-admin-backend] info: redis :: Redis replica host not found. falling back to the primary redis host 
2026-02-19 10:44:16 [nmbp-admin-backend] info: objectStorageUtility :: Using Minio 
2026-02-19 10:44:19 [nmbp-admin-backend] info: app :: Server Started :: Listening to port [7003] 
2026-02-19 10:44:19 [nmbp-admin-backend] info: redis :: redis client connected 
2026-02-19 10:44:19 [nmbp-admin-backend] info: redis :: redis clientReader connected 
2026-02-19 10:44:19 [nmbp-admin-backend] info: mongoDBRead :: Connected successfully to MongoDB Read server 
2026-02-19 10:44:19 [nmbp-admin-backend] info: mongoDB :: Connected successfully to MongoDB server 
2026-02-19 10:44:37 [nmbp-admin-backend] info: >>>>>>>>>>>>>>>>>>>>>>>>>>>>>>>>>>>>>>>>>>>>>>> 
2026-02-19 10:44:37 [nmbp-admin-backend] info: Read Token Successfully for User : 8766516289 
2026-02-19 10:44:37 [nmbp-admin-backend] info: passwordPoliciesController :: listPasswordPolicies :: Request received 
2026-02-19 10:44:37 [nmbp-admin-backend] debug: passwordPoliciesRepository :: listPasswordPolicies :: query :: {"text":"SELECT id, password_expiry, password_history, minimum_password_length, complexity, alphabetical, numeric, special_characters, allowed_special_characters, maximum_invalid_attempts FROM password_policies ORDER BY date_updated DESC"} 
2026-02-19 10:44:37 [nmbp-admin-backend] debug: passwordPoliciesRepository :: listPasswordPolicies :: db result :: [{"id":1,"password_expiry":90,"password_history":5,"minimum_password_length":8,"complexity":1,"alphabetical":1,"numeric":1,"special_characters":1,"allowed_special_characters":"!@#$%^&*()","maximum_invalid_attempts":5}] 
2026-02-19 10:44:37 [nmbp-admin-backend] debug: passwordPolicyService :: listPasswordPolicies :: returned from DB :: [object Object] 
2026-02-19 10:44:37 [nmbp-admin-backend] info: >>>>>>>>>>>>>>>>>>>>>>>>>>>>>>>>>>>>>>>>>>>>>>> 
2026-02-19 10:44:37 [nmbp-admin-backend] info: Read Token Successfully for User : 8766516289 
2026-02-19 10:44:37 [nmbp-admin-backend] info: tenantsController :: listTenants :: Request received 
2026-02-19 10:45:28 [nmbp-admin-backend] info: >>>>>>>>>>>>>>>>>>>>>>>>>>>>>>>>>>>>>>>>>>>>>>> 
2026-02-19 10:45:28 [nmbp-admin-backend] info: Read Token Successfully for User : 8766516289 
2026-02-19 10:45:28 [nmbp-admin-backend] info: tenantsController :: listTenants :: Request received 
2026-02-19 10:46:01 [nmbp-admin-backend] info: redis :: Redis replica host not found. falling back to the primary redis host 
2026-02-19 10:46:02 [nmbp-admin-backend] info: objectStorageUtility :: Using Minio 
2026-02-19 10:46:05 [nmbp-admin-backend] info: app :: Server Started :: Listening to port [7003] 
2026-02-19 10:46:05 [nmbp-admin-backend] info: redis :: redis client connected 
2026-02-19 10:46:05 [nmbp-admin-backend] info: redis :: redis clientReader connected 
2026-02-19 10:46:05 [nmbp-admin-backend] info: mongoDB :: Connected successfully to MongoDB server 
2026-02-19 10:46:05 [nmbp-admin-backend] info: mongoDBRead :: Connected successfully to MongoDB Read server 
2026-02-19 10:46:10 [nmbp-admin-backend] info: >>>>>>>>>>>>>>>>>>>>>>>>>>>>>>>>>>>>>>>>>>>>>>> 
2026-02-19 10:46:10 [nmbp-admin-backend] info: Read Token Successfully for User : 8766516289 
2026-02-19 10:46:10 [nmbp-admin-backend] info: passwordPoliciesController :: listPasswordPolicies :: Request received 
2026-02-19 10:46:10 [nmbp-admin-backend] debug: passwordPolicyService :: listPasswordPolicies :: returned from cachedResult :: [{"id":1,"password_expiry":90,"password_history":5,"minimum_password_length":8,"complexity":1,"alphabetical":1,"numeric":1,"special_characters":1,"allowed_special_characters":"!@#$%^&*()","maximum_invalid_attempts":5}] 
2026-02-19 10:46:11 [nmbp-admin-backend] info: >>>>>>>>>>>>>>>>>>>>>>>>>>>>>>>>>>>>>>>>>>>>>>> 
2026-02-19 10:46:11 [nmbp-admin-backend] info: Read Token Successfully for User : 8766516289 
2026-02-19 10:46:11 [nmbp-admin-backend] info: tenantsController :: listTenants :: Request received 
2026-02-19 10:46:17 [nmbp-admin-backend] info: >>>>>>>>>>>>>>>>>>>>>>>>>>>>>>>>>>>>>>>>>>>>>>> 
2026-02-19 10:46:17 [nmbp-admin-backend] info: Read Token Successfully for User : 8766516289 
2026-02-19 10:46:17 [nmbp-admin-backend] info: projectsController :: listProjects :: Request received 
2026-02-19 10:46:22 [nmbp-admin-backend] info: >>>>>>>>>>>>>>>>>>>>>>>>>>>>>>>>>>>>>>>>>>>>>>> 
2026-02-19 10:46:22 [nmbp-admin-backend] info: Read Token Successfully for User : 8766516289 
2026-02-19 10:46:22 [nmbp-admin-backend] info: formBuilderController :: getAllFormsByProjectId:: Request received 
2026-02-19 10:46:22 [nmbp-admin-backend] debug: formBuilderController :: getAllFormsByProjectId :: Parsed parameters  :: projectId :: project_ai_summit 
2026-02-19 10:48:10 [nmbp-admin-backend] info: >>>>>>>>>>>>>>>>>>>>>>>>>>>>>>>>>>>>>>>>>>>>>>> 
2026-02-19 10:48:10 [nmbp-admin-backend] info: Read Token Successfully for User : 8766516289 
2026-02-19 10:48:10 [nmbp-admin-backend] info: formBuilderController :: createFormBuilder :: Request received 
2026-02-19 10:48:10 [nmbp-admin-backend] debug: formBuilderController :: createFormBuilder :: Parsed parameters :: formType :: NORMAL_FORM :: formBuilder :: {"tenantId":"tenant_information_technology_ministry","projectId":"project_ai_summit","formName":"Normal Form","type":"NORMAL_FORM","fields":[{"label":"Full Name","fieldType":"text","placeholder":"Enter full name","requiredField":true,"minLength":"5","maxLength":"20","regExPattern":"^[A-Za-z ]+$","regExValidationMessage":"Enter characters only","fieldId":"57c5eaa0-643f-4500-b1a8-743ca7f291b7","labelName":"full_name"},{"label":"Age","fieldType":"number","placeholder":"Enter age","requiredField":false,"fieldId":"7be864c8-2b18-408c-bba5-6bf5cb45ba00","labelName":"age"},{"label":"Gender","fieldType":"dropdown","placeholder":"Select Gender","requiredField":true,"options":["Male","Female","Others"],"fieldId":"afa79f3b-7597-4e02-8f61-6ae6ad95fada","labelName":"gender"}],"formId":"23153975-8a58-4d6d-ad0e-df30cd222b81","labelName":"normal_form","status":1,"dateCreated":"2026-02-19T05:18:10.203Z","dateUpdated":"2026-02-19T05:18:10.203Z","createdBy":3,"updatedBy":3} 
2026-02-19 10:48:10 [nmbp-admin-backend] info: >>>>>>>>>>>>>>>>>>>>>>>>>>>>>>>>>>>>>>>>>>>>>>> 
2026-02-19 10:48:10 [nmbp-admin-backend] info: Read Token Successfully for User : 8766516289 
2026-02-19 10:48:10 [nmbp-admin-backend] info: formBuilderController :: getAllFormsByProjectId:: Request received 
2026-02-19 10:48:10 [nmbp-admin-backend] debug: formBuilderController :: getAllFormsByProjectId :: Parsed parameters  :: projectId :: project_ai_summit 
2026-02-19 10:53:23 [nmbp-admin-backend] info: >>>>>>>>>>>>>>>>>>>>>>>>>>>>>>>>>>>>>>>>>>>>>>> 
2026-02-19 10:53:23 [nmbp-admin-backend] info: Read Token Successfully for User : 8766516289 
2026-02-19 10:53:23 [nmbp-admin-backend] info: formBuilderController :: createFormBuilder :: Request received 
2026-02-19 10:53:23 [nmbp-admin-backend] debug: formBuilderHelper :: restructureStepperForm :: Stepper form restructured with 1 steps 
2026-02-19 10:53:23 [nmbp-admin-backend] debug: formBuilderController :: createFormBuilder :: Parsed parameters :: formType :: STEPPER_FORM :: formBuilder :: {"tenantId":"tenant_information_technology_ministry","projectId":"project_ai_summit","formName":"Stepper Form","type":"STEPPER_FORM","fields":{"step_1":{"label":"Basic Info","groups":[{"label":"personal Info","form_fields":[{"label":"Full Name","fieldType":"text","placeholder":"Enter full name","requiredField":true,"minLength":"5","maxLength":"20","regExPattern":"^[A-Za-z ]+$","regExValidationMessage":"Enter characters only","labelName":"full_name","fieldId":"b828297a-1703-4433-8eb0-b2e904bda6ac"},{"label":"Age","fieldType":"number","placeholder":"Enter age","requiredField":true,"labelName":"age","fieldId":"8706f9f6-f79d-441a-ba97-6f8f9ec384a6"}],"labelName":"personal_info"}]}},"formId":"3a514f70-6161-4816-a010-3261c359b837","labelName":"stepper_form","status":1,"dateCreated":"2026-02-19T05:23:23.321Z","dateUpdated":"2026-02-19T05:23:23.321Z","createdBy":3,"updatedBy":3,"totalSteps":1} 
2026-02-19 10:53:23 [nmbp-admin-backend] info: >>>>>>>>>>>>>>>>>>>>>>>>>>>>>>>>>>>>>>>>>>>>>>> 
2026-02-19 10:53:23 [nmbp-admin-backend] info: Read Token Successfully for User : 8766516289 
2026-02-19 10:53:23 [nmbp-admin-backend] info: formBuilderController :: getAllFormsByProjectId:: Request received 
2026-02-19 10:53:23 [nmbp-admin-backend] debug: formBuilderController :: getAllFormsByProjectId :: Parsed parameters  :: projectId :: project_ai_summit 
2026-02-19 10:57:14 [nmbp-admin-backend] info: redis :: Redis replica host not found. falling back to the primary redis host 
2026-02-19 10:57:16 [nmbp-admin-backend] info: objectStorageUtility :: Using Minio 
2026-02-19 10:57:18 [nmbp-admin-backend] info: app :: Server Started :: Listening to port [7003] 
2026-02-19 10:57:18 [nmbp-admin-backend] info: redis :: redis client connected 
2026-02-19 10:57:18 [nmbp-admin-backend] info: redis :: redis clientReader connected 
2026-02-19 10:57:18 [nmbp-admin-backend] info: mongoDB :: Connected successfully to MongoDB server 
2026-02-19 10:57:18 [nmbp-admin-backend] info: mongoDBRead :: Connected successfully to MongoDB Read server 
2026-02-19 10:57:29 [nmbp-admin-backend] info: >>>>>>>>>>>>>>>>>>>>>>>>>>>>>>>>>>>>>>>>>>>>>>> 
2026-02-19 10:57:29 [nmbp-admin-backend] info: Read Token Successfully for User : 8766516289 
2026-02-19 10:57:29 [nmbp-admin-backend] info: usersController :: listUsers:: Request received 
2026-02-19 10:57:29 [nmbp-admin-backend] debug: usersController :: listUsers :: parased parameters :: pageSize :: 11 :: currentPage :: 1 :: searchQuery ::  
2026-02-19 10:57:29 [nmbp-admin-backend] info: usersRepository :: usersUpdatedWithinfiveMinutes :: Inside usersUsersUpdatedWithinfiveMinutes 
2026-02-19 10:57:29 [nmbp-admin-backend] debug: usersRepository :: usersUpdatedWithinfiveMinutes :: query :: {"text":"SELECT COUNT(*) as count FROM vw_m_users WHERE date_updated >= NOW() - INTERVAL '5 minutes'"} 
2026-02-19 10:57:29 [nmbp-admin-backend] info: usersService :: listusers :: pageSize :: 11 :: currentPage :: 0 :: searchQuery ::  :: userId :: 3 :: query :: {"text":"SELECT * from vw_m_users WHERE status <> 2 AND created_by = '3' LIMIT 11"} 
2026-02-19 10:57:29 [nmbp-admin-backend] info: usersRepository :: usersUpdatedWithinfiveMinutes :: Inside usersUsersUpdatedWithinfiveMinutes 
2026-02-19 10:57:29 [nmbp-admin-backend] debug: usersRepository :: usersUpdatedWithinfiveMinutes :: query :: {"text":"SELECT COUNT(*) as count FROM vw_m_users WHERE date_updated >= NOW() - INTERVAL '5 minutes'"} 
2026-02-19 10:57:29 [nmbp-admin-backend] debug: usersService :: getUsersCount :: cached result :: 2 
2026-02-19 10:57:36 [nmbp-admin-backend] info: >>>>>>>>>>>>>>>>>>>>>>>>>>>>>>>>>>>>>>>>>>>>>>> 
2026-02-19 10:57:36 [nmbp-admin-backend] info: Read Token Successfully for User : 8766516289 
2026-02-19 10:57:36 [nmbp-admin-backend] info: rolesController :: listRoles :: Request received 
2026-02-19 10:57:36 [nmbp-admin-backend] debug: rolesController :: listRoles :: Parsed parameters :: pageSize :: 50 :: currentPage :: 0 :: roleId :: 8 :: isActive :: true :: searchFilter ::  
2026-02-19 10:57:36 [nmbp-admin-backend] debug: rolesService :: listRoles :: isActive :: true :: pageSize :: 50 :: currentPage :: 0 :: roleId :: 8 :: searchFilter ::  :: query :: {"text":"SELECT role_id, role_name, role_description, status from m_roles WHERE status = 1 AND role_id NOT IN (1, 8) LIMIT 50"} 
2026-02-19 10:57:36 [nmbp-admin-backend] debug: rolesService :: listRoles :: isActive :: true :: pageSize :: 50 :: currentPage :: 0 :: roleId :: 8 :: searchFilter ::  :: db result :: [{"role_id":11,"role_name":"Survey Admin","role_description":"Creates forms regarding survey","status":1},{"role_id":12,"role_name":"Manager","role_description":"permission of view and edit","status":1}] 
2026-02-19 10:57:36 [nmbp-admin-backend] debug: rolesService :: listRolesCount :: isActive :: true :: roleId :: 8 :: searchFilter ::  :: query :: {"text":"SELECT count(*) AS count from m_roles WHERE status = 1 AND role_id NOT IN (1, 8)"} 
2026-02-19 10:57:36 [nmbp-admin-backend] debug: rolesService :: listRolesCount :: isActive :: true :: roleId :: 8 :: searchFilter ::  :: db result :: [{"count":"2"}] 
2026-02-19 10:57:58 [nmbp-admin-backend] info: >>>>>>>>>>>>>>>>>>>>>>>>>>>>>>>>>>>>>>>>>>>>>>> 
2026-02-19 10:57:58 [nmbp-admin-backend] info: Read Token Successfully for User : 8766516289 
2026-02-19 10:57:58 [nmbp-admin-backend] info: usersController :: createUser :: Request received 
2026-02-19 10:57:58 [nmbp-admin-backend] debug: usersController :: createUser :: Parsed parameters  :: user :: [object Object] 
2026-02-19 10:57:58 [nmbp-admin-backend] debug: rolesRepository :: existsByRoleId :: roleId :: 11 :: query :: {"text":"SELECT EXISTS (SELECT 1 FROM m_roles WHERE role_id = $1 AND status IN (0, 1))","values":[11]} 
2026-02-19 10:57:58 [nmbp-admin-backend] debug: rolesRepository :: existsByRoleId :: roleId :: 11 :: db result :: [{"exists":true}] 
2026-02-19 10:57:58 [nmbp-admin-backend] debug: usersRepository :: existsByMobileNumber :: mobileNumber :: 9123455555 :: query :: {"text":"SELECT EXISTS (SELECT 1 FROM m_users WHERE mobile_number = $1 AND status <> 2)","values":["9123455555"]} 
2026-02-19 10:57:58 [nmbp-admin-backend] debug: usersRepository :: existsByMobileNumber :: mobileNumber :: 9123455555 :: db result :: [{"exists":false}] 
2026-02-19 10:57:58 [nmbp-admin-backend] info: usersService :: createUser :: user :: {"user_name":"9123455555","display_name":"Aman Kumar","first_name":"Aman","last_name":"Kumar","mobile_number":"9123455555","email_id":"aman@gmail.com","role_id":11,"status":1,"created_by":3,"updated_by":3}  :: Dev environment :: Using default password 
2026-02-19 10:57:58 [nmbp-admin-backend] debug: usersRepository :: createUser :: user :: {"user_name":"9123455555","display_name":"Aman Kumar","first_name":"Aman","last_name":"Kumar","mobile_number":"9123455555","email_id":"aman@gmail.com","role_id":11,"password":"$2a$10$nmhUOYSmkaA94o0j3baVDuyQCshcZ4mzPPlP2gaXtjo2zeXqZ994m","status":1,"created_by":3,"updated_by":3} :: Executing query :: {"text":"INSERT INTO m_users(user_name, first_name, last_name, display_name, dob, gender, mobile_number, password, role_id, email_id, created_by, updated_by, date_created, date_updated)\n                VALUES ($1, $2, $3, $4, $5, $6, $7, $8, $9, $10, $11, $12, NOW(), NOW()) RETURNING user_id","values":["9123455555","Aman","Kumar","Aman Kumar",null,null,"9123455555","$2a$10$nmhUOYSmkaA94o0j3baVDuyQCshcZ4mzPPlP2gaXtjo2zeXqZ994m",11,"aman@gmail.com",3,3]} 
2026-02-19 10:57:58 [nmbp-admin-backend] debug: usersRepository :: createUser :: user :: {"user_name":"9123455555","display_name":"Aman Kumar","first_name":"Aman","last_name":"Kumar","mobile_number":"9123455555","email_id":"aman@gmail.com","role_id":11,"password":"$2a$10$nmhUOYSmkaA94o0j3baVDuyQCshcZ4mzPPlP2gaXtjo2zeXqZ994m","status":1,"created_by":3,"updated_by":3} :: Query result :: [{"user_id":38}] 
2026-02-19 10:57:58 [nmbp-admin-backend] info: usersService :: createUser :: user :: {"user_name":"9123455555","display_name":"Aman Kumar","first_name":"Aman","last_name":"Kumar","mobile_number":"9123455555","email_id":"aman@gmail.com","role_id":11,"status":1,"created_by":3,"updated_by":3}  :: User created successfully with ID 38 
2026-02-19 10:57:59 [nmbp-admin-backend] info: >>>>>>>>>>>>>>>>>>>>>>>>>>>>>>>>>>>>>>>>>>>>>>> 
2026-02-19 10:57:59 [nmbp-admin-backend] info: Read Token Successfully for User : 8766516289 
2026-02-19 10:57:59 [nmbp-admin-backend] info: usersController :: listUsers:: Request received 
2026-02-19 10:57:59 [nmbp-admin-backend] debug: usersController :: listUsers :: parased parameters :: pageSize :: 11 :: currentPage :: 1 :: searchQuery ::  
2026-02-19 10:57:59 [nmbp-admin-backend] info: usersRepository :: usersUpdatedWithinfiveMinutes :: Inside usersUsersUpdatedWithinfiveMinutes 
2026-02-19 10:57:59 [nmbp-admin-backend] debug: usersRepository :: usersUpdatedWithinfiveMinutes :: query :: {"text":"SELECT COUNT(*) as count FROM vw_m_users WHERE date_updated >= NOW() - INTERVAL '5 minutes'"} 
2026-02-19 10:57:59 [nmbp-admin-backend] info: usersService :: listusers :: pageSize :: 11 :: currentPage :: 0 :: searchQuery ::  :: userId :: 3 :: query :: {"text":"SELECT * from vw_m_users WHERE status <> 2 AND created_by = '3' LIMIT 11"} 
2026-02-19 10:57:59 [nmbp-admin-backend] info: usersRepository :: usersUpdatedWithinfiveMinutes :: Inside usersUsersUpdatedWithinfiveMinutes 
2026-02-19 10:57:59 [nmbp-admin-backend] debug: usersRepository :: usersUpdatedWithinfiveMinutes :: query :: {"text":"SELECT COUNT(*) as count FROM vw_m_users WHERE date_updated >= NOW() - INTERVAL '5 minutes'"} 
2026-02-19 10:57:59 [nmbp-admin-backend] debug: usersService :: getUsersCount :: query :: {"text":"SELECT count(*) as count from vw_m_users WHERE status <> 2","values":[]} 
2026-02-19 10:57:59 [nmbp-admin-backend] debug: usersService :: getUsersCount :: db result :: [{"count":"3"}] 
2026-02-19 10:58:03 [nmbp-admin-backend] info: nodemailerUtils :: sendEmail :: Send To aman@gmail.com :: CC Emails  :: BCC Emails  :: Email Sent Successfully 
2026-02-19 11:53:03 [nmbp-admin-backend] info: >>>>>>>>>>>>>>>>>>>>>>>>>>>>>>>>>>>>>>>>>>>>>>> 
2026-02-19 11:53:03 [nmbp-admin-backend] info: Read Token Successfully for User : 8766516289 
2026-02-19 11:53:03 [nmbp-admin-backend] info: rolesController :: getCombinedAccess :: Request received 
2026-02-19 11:53:03 [nmbp-admin-backend] debug: rolesRepository :: getCombinedAccess :: roleId :: 8 :: query :: {"text":"\n        SELECT\n            m.menu_name,\n            m.icon_class,\n            m.route_url,\n            p.permission_name AS access\n        FROM\n            access_control ac\n        JOIN\n            m_menus m ON ac.menu_id = m.menu_id\n        JOIN\n            m_permissions p ON ac.permission_id = p.permission_id\n        WHERE\n            ac.role_id = $1\n        ORDER BY\n            m.menu_order ASC,\n            m.date_created ASC;\n    ","values":[8]} 
2026-02-19 11:53:03 [nmbp-admin-backend] debug: rolesRepository :: getCombinedAccess :: roleId :: 8 :: db result :: [{"menu_name":"Dashboard","icon_class":"fa-solid fa-chart-line","route_url":"/dashboard","access":"Write"},{"menu_name":"User Management","icon_class":"fa-solid fa-users","route_url":"/user-management","access":"Write"},{"menu_name":"Role Management","icon_class":"fa-solid fa-user-shield","route_url":"/role-management","access":"Write"},{"menu_name":"Password Policy","icon_class":"fa-solid fa-lock","route_url":"/password-policy","access":"Write"},{"menu_name":"Tenants","icon_class":"fa-solid fa-users","route_url":"/tenants","access":"Write"}] 
2026-02-19 11:53:03 [nmbp-admin-backend] info: >>>>>>>>>>>>>>>>>>>>>>>>>>>>>>>>>>>>>>>>>>>>>>> 
2026-02-19 11:53:03 [nmbp-admin-backend] info: Read Token Successfully for User : 8766516289 
2026-02-19 11:53:03 [nmbp-admin-backend] info: usersController :: listUsers:: Request received 
2026-02-19 11:53:03 [nmbp-admin-backend] debug: usersController :: listUsers :: parased parameters :: pageSize :: 11 :: currentPage :: 1 :: searchQuery ::  
2026-02-19 11:53:03 [nmbp-admin-backend] info: usersRepository :: usersUpdatedWithinfiveMinutes :: Inside usersUsersUpdatedWithinfiveMinutes 
2026-02-19 11:53:03 [nmbp-admin-backend] debug: usersRepository :: usersUpdatedWithinfiveMinutes :: query :: {"text":"SELECT COUNT(*) as count FROM vw_m_users WHERE date_updated >= NOW() - INTERVAL '5 minutes'"} 
2026-02-19 11:53:03 [nmbp-admin-backend] info: usersService :: listusers :: pageSize :: 11 :: currentPage :: 0 :: searchQuery ::  :: userId :: 3 :: query :: {"text":"SELECT * from vw_m_users WHERE status <> 2 AND created_by = '3' LIMIT 11"} 
2026-02-19 11:53:03 [nmbp-admin-backend] info: usersRepository :: usersUpdatedWithinfiveMinutes :: Inside usersUsersUpdatedWithinfiveMinutes 
2026-02-19 11:53:03 [nmbp-admin-backend] debug: usersRepository :: usersUpdatedWithinfiveMinutes :: query :: {"text":"SELECT COUNT(*) as count FROM vw_m_users WHERE date_updated >= NOW() - INTERVAL '5 minutes'"} 
2026-02-19 11:53:03 [nmbp-admin-backend] debug: usersService :: getUsersCount :: query :: {"text":"SELECT count(*) as count from vw_m_users WHERE status <> 2","values":[]} 
2026-02-19 11:53:03 [nmbp-admin-backend] debug: usersService :: getUsersCount :: db result :: [{"count":"3"}] 
2026-02-19 11:53:09 [nmbp-admin-backend] info: >>>>>>>>>>>>>>>>>>>>>>>>>>>>>>>>>>>>>>>>>>>>>>> 
2026-02-19 11:53:09 [nmbp-admin-backend] info: Read Token Successfully for User : 8766516289 
2026-02-19 11:53:09 [nmbp-admin-backend] info: rolesController :: listRoles :: Request received 
2026-02-19 11:53:09 [nmbp-admin-backend] debug: rolesController :: listRoles :: Parsed parameters :: pageSize :: 50 :: currentPage :: 0 :: roleId :: 8 :: isActive :: true :: searchFilter ::  
2026-02-19 11:53:09 [nmbp-admin-backend] debug: rolesService :: listRoles :: isActive :: true :: pageSize :: 50 :: currentPage :: 0 :: roleId :: 8 :: searchFilter ::  :: query :: {"text":"SELECT role_id, role_name, role_description, status from m_roles WHERE status = 1 AND role_id NOT IN (1, 8) LIMIT 50"} 
2026-02-19 11:53:09 [nmbp-admin-backend] debug: rolesService :: listRoles :: isActive :: true :: pageSize :: 50 :: currentPage :: 0 :: roleId :: 8 :: searchFilter ::  :: db result :: [{"role_id":11,"role_name":"Survey Admin","role_description":"Creates forms regarding survey","status":1},{"role_id":12,"role_name":"Manager","role_description":"permission of view and edit","status":1}] 
2026-02-19 11:53:09 [nmbp-admin-backend] debug: rolesService :: listRolesCount :: isActive :: true :: roleId :: 8 :: searchFilter ::  :: query :: {"text":"SELECT count(*) AS count from m_roles WHERE status = 1 AND role_id NOT IN (1, 8)"} 
2026-02-19 11:53:09 [nmbp-admin-backend] debug: rolesService :: listRolesCount :: isActive :: true :: roleId :: 8 :: searchFilter ::  :: db result :: [{"count":"2"}] 
2026-02-19 11:53:29 [nmbp-admin-backend] info: >>>>>>>>>>>>>>>>>>>>>>>>>>>>>>>>>>>>>>>>>>>>>>> 
2026-02-19 11:53:29 [nmbp-admin-backend] info: Read Token Successfully for User : 8766516289 
2026-02-19 11:53:29 [nmbp-admin-backend] info: usersController :: createUser :: Request received 
2026-02-19 11:53:29 [nmbp-admin-backend] debug: usersController :: createUser :: Parsed parameters  :: user :: [object Object] 
2026-02-19 11:53:29 [nmbp-admin-backend] debug: rolesRepository :: existsByRoleId :: roleId :: 12 :: query :: {"text":"SELECT EXISTS (SELECT 1 FROM m_roles WHERE role_id = $1 AND status IN (0, 1))","values":[12]} 
2026-02-19 11:53:29 [nmbp-admin-backend] debug: rolesRepository :: existsByRoleId :: roleId :: 12 :: db result :: [{"exists":true}] 
2026-02-19 11:53:29 [nmbp-admin-backend] debug: usersRepository :: existsByMobileNumber :: mobileNumber :: 9222222222 :: query :: {"text":"SELECT EXISTS (SELECT 1 FROM m_users WHERE mobile_number = $1 AND status <> 2)","values":["9222222222"]} 
2026-02-19 11:53:29 [nmbp-admin-backend] debug: usersRepository :: existsByMobileNumber :: mobileNumber :: 9222222222 :: db result :: [{"exists":false}] 
2026-02-19 11:53:29 [nmbp-admin-backend] info: usersService :: createUser :: user :: {"user_name":"9222222222","display_name":"Vijay Kumar","first_name":"Vijay","last_name":"Kumar","mobile_number":"9222222222","email_id":"vijay@abc.com","role_id":12,"status":1,"created_by":3,"updated_by":3}  :: Dev environment :: Using default password 
2026-02-19 11:53:29 [nmbp-admin-backend] debug: usersRepository :: createUser :: user :: {"user_name":"9222222222","display_name":"Vijay Kumar","first_name":"Vijay","last_name":"Kumar","mobile_number":"9222222222","email_id":"vijay@abc.com","role_id":12,"password":"$2a$10$avCM3UvBLSOQwk8LdG1.ze/yPq2nSlPV1YCvq6jrEnNtXrZ94K02u","status":1,"created_by":3,"updated_by":3} :: Executing query :: {"text":"INSERT INTO m_users(user_name, first_name, last_name, display_name, dob, gender, mobile_number, password, role_id, email_id, created_by, updated_by, date_created, date_updated)\n                VALUES ($1, $2, $3, $4, $5, $6, $7, $8, $9, $10, $11, $12, NOW(), NOW()) RETURNING user_id","values":["9222222222","Vijay","Kumar","Vijay Kumar",null,null,"9222222222","$2a$10$avCM3UvBLSOQwk8LdG1.ze/yPq2nSlPV1YCvq6jrEnNtXrZ94K02u",12,"vijay@abc.com",3,3]} 
2026-02-19 11:53:29 [nmbp-admin-backend] debug: usersRepository :: createUser :: user :: {"user_name":"9222222222","display_name":"Vijay Kumar","first_name":"Vijay","last_name":"Kumar","mobile_number":"9222222222","email_id":"vijay@abc.com","role_id":12,"password":"$2a$10$avCM3UvBLSOQwk8LdG1.ze/yPq2nSlPV1YCvq6jrEnNtXrZ94K02u","status":1,"created_by":3,"updated_by":3} :: Query result :: [{"user_id":39}] 
2026-02-19 11:53:29 [nmbp-admin-backend] info: usersService :: createUser :: user :: {"user_name":"9222222222","display_name":"Vijay Kumar","first_name":"Vijay","last_name":"Kumar","mobile_number":"9222222222","email_id":"vijay@abc.com","role_id":12,"status":1,"created_by":3,"updated_by":3}  :: User created successfully with ID 39 
2026-02-19 11:53:30 [nmbp-admin-backend] info: >>>>>>>>>>>>>>>>>>>>>>>>>>>>>>>>>>>>>>>>>>>>>>> 
2026-02-19 11:53:30 [nmbp-admin-backend] info: Read Token Successfully for User : 8766516289 
2026-02-19 11:53:30 [nmbp-admin-backend] info: usersController :: listUsers:: Request received 
2026-02-19 11:53:30 [nmbp-admin-backend] debug: usersController :: listUsers :: parased parameters :: pageSize :: 11 :: currentPage :: 1 :: searchQuery ::  
2026-02-19 11:53:30 [nmbp-admin-backend] info: usersRepository :: usersUpdatedWithinfiveMinutes :: Inside usersUsersUpdatedWithinfiveMinutes 
2026-02-19 11:53:30 [nmbp-admin-backend] debug: usersRepository :: usersUpdatedWithinfiveMinutes :: query :: {"text":"SELECT COUNT(*) as count FROM vw_m_users WHERE date_updated >= NOW() - INTERVAL '5 minutes'"} 
2026-02-19 11:53:30 [nmbp-admin-backend] info: usersService :: listusers :: pageSize :: 11 :: currentPage :: 0 :: searchQuery ::  :: userId :: 3 :: query :: {"text":"SELECT * from vw_m_users WHERE status <> 2 AND created_by = '3' LIMIT 11"} 
2026-02-19 11:53:30 [nmbp-admin-backend] info: usersRepository :: usersUpdatedWithinfiveMinutes :: Inside usersUsersUpdatedWithinfiveMinutes 
2026-02-19 11:53:30 [nmbp-admin-backend] debug: usersRepository :: usersUpdatedWithinfiveMinutes :: query :: {"text":"SELECT COUNT(*) as count FROM vw_m_users WHERE date_updated >= NOW() - INTERVAL '5 minutes'"} 
2026-02-19 11:53:30 [nmbp-admin-backend] debug: usersService :: getUsersCount :: query :: {"text":"SELECT count(*) as count from vw_m_users WHERE status <> 2","values":[]} 
2026-02-19 11:53:30 [nmbp-admin-backend] debug: usersService :: getUsersCount :: db result :: [{"count":"4"}] 
2026-02-19 11:53:34 [nmbp-admin-backend] info: nodemailerUtils :: sendEmail :: Send To vijay@abc.com :: CC Emails  :: BCC Emails  :: Email Sent Successfully 
2026-02-19 11:59:56 [nmbp-admin-backend] info: redis :: Redis replica host not found. falling back to the primary redis host 
2026-02-19 11:59:59 [nmbp-admin-backend] info: objectStorageUtility :: Using Minio 
2026-02-19 12:00:04 [nmbp-admin-backend] info: app :: Server Started :: Listening to port [7003] 
2026-02-19 12:00:04 [nmbp-admin-backend] info: redis :: redis client connected 
2026-02-19 12:00:04 [nmbp-admin-backend] info: redis :: redis clientReader connected 
2026-02-19 12:00:04 [nmbp-admin-backend] info: mongoDBRead :: Connected successfully to MongoDB Read server 
2026-02-19 12:00:04 [nmbp-admin-backend] info: mongoDB :: Connected successfully to MongoDB server 
2026-02-20 10:53:42 [nmbp-admin-backend] info: redis :: redis replica connection end undefined 
2026-02-20 10:53:42 [nmbp-admin-backend] info: redis :: redis primary connection end undefined 
2026-02-20 10:53:43 [nmbp-admin-backend] error: redis :: redis replica connection error ::  Error: Redis connection to 127.0.0.1:6379 failed - connect ECONNREFUSED 127.0.0.1:6379 
2026-02-20 10:53:43 [nmbp-admin-backend] error: uncaughtException: Redis connection to 127.0.0.1:6379 failed - connect ECONNREFUSED 127.0.0.1:6379
Error: connect ECONNREFUSED 127.0.0.1:6379
    at TCPConnectWrap.afterConnect [as oncomplete] (node:net:1555:16) 
